[ 2020-03-24T08:50:57+08:00 ] ::1 /foods/Index/getFoodsBySid?Sid=1
INFO: [ app_init ] --START--
INFO: Run Behavior\BuildLiteBehavior [ RunTime:0.000012s ]
INFO: [ app_init ] --END-- [ RunTime:0.019385s ]
INFO: [ app_begin ] --START--
INFO: Run Behavior\ReadHtmlCacheBehavior [ RunTime:0.017880s ]
INFO: [ app_begin ] --END-- [ RunTime:0.017933s ]
SQL: select * from foods where sid=1 [ RunTime:0.0063s ]
SQL: select title from shop where sid=1 [ RunTime:0.0072s ]
INFO: [ app_end ] --START--
INFO: Run Behavior\ShowPageTraceBehavior [ RunTime:0.017517s ]
INFO: [ app_end ] --END-- [ RunTime:0.017593s ]

[ 2020-03-24T08:51:11+08:00 ] ::1 /foods/Index/getFoodsBySid?Sid=1
INFO: [ app_init ] --START--
INFO: Run Behavior\BuildLiteBehavior [ RunTime:0.000031s ]
INFO: [ app_init ] --END-- [ RunTime:0.000765s ]
INFO: [ app_begin ] --START--
INFO: Run Behavior\ReadHtmlCacheBehavior [ RunTime:0.000773s ]
INFO: [ app_begin ] --END-- [ RunTime:0.000868s ]
SQL: select * from foods where sid=1 [ RunTime:0.0004s ]
SQL: select title from shop where sid=1 [ RunTime:0.0002s ]
INFO: [ app_end ] --START--
INFO: Run Behavior\ShowPageTraceBehavior [ RunTime:0.000450s ]
INFO: [ app_end ] --END-- [ RunTime:0.000486s ]

[ 2020-03-24T08:57:13+08:00 ] ::1 /foods/Index/getFoodsBySid?Sid=1
INFO: [ app_init ] --START--
INFO: Run Behavior\BuildLiteBehavior [ RunTime:0.000028s ]
INFO: [ app_init ] --END-- [ RunTime:0.000767s ]
INFO: [ app_begin ] --START--
INFO: Run Behavior\ReadHtmlCacheBehavior [ RunTime:0.000837s ]
INFO: [ app_begin ] --END-- [ RunTime:0.000929s ]
SQL: select * from foods where sid=1 [ RunTime:0.0004s ]
SQL: select title from shop where sid=1 [ RunTime:0.0001s ]
INFO: [ app_end ] --START--
INFO: Run Behavior\ShowPageTraceBehavior [ RunTime:0.000714s ]
INFO: [ app_end ] --END-- [ RunTime:0.000754s ]

[ 2020-03-24T10:13:03+08:00 ] ::1 /foods/Index/getShopList
INFO: [ app_init ] --START--
INFO: Run Behavior\BuildLiteBehavior [ RunTime:0.000019s ]
INFO: [ app_init ] --END-- [ RunTime:0.003548s ]
INFO: [ app_begin ] --START--
INFO: Run Behavior\ReadHtmlCacheBehavior [ RunTime:0.000987s ]
INFO: [ app_begin ] --END-- [ RunTime:0.001093s ]
SQL: SHOW COLUMNS FROM `shop` [ RunTime:0.0832s ]
SQL: SELECT * FROM `shop`  [ RunTime:0.0008s ]
INFO: [ app_end ] --START--
INFO: Run Behavior\ShowPageTraceBehavior [ RunTime:0.001144s ]
INFO: [ app_end ] --END-- [ RunTime:0.001250s ]

[ 2020-03-24T10:14:37+08:00 ] ::1 /foods/Index/getFoodsBySid?Sid=1
INFO: [ app_init ] --START--
INFO: Run Behavior\BuildLiteBehavior [ RunTime:0.000019s ]
INFO: [ app_init ] --END-- [ RunTime:0.000589s ]
INFO: [ app_begin ] --START--
INFO: Run Behavior\ReadHtmlCacheBehavior [ RunTime:0.004168s ]
INFO: [ app_begin ] --END-- [ RunTime:0.004291s ]
SQL: select * from foods where sid=1 [ RunTime:0.0004s ]
SQL: select title from shop where sid=1 [ RunTime:0.0002s ]
INFO: [ app_end ] --START--
INFO: Run Behavior\ShowPageTraceBehavior [ RunTime:0.001442s ]
INFO: [ app_end ] --END-- [ RunTime:0.001512s ]

[ 2020-03-24T10:14:42+08:00 ] ::1 /foods/Index/getFoodsBySid?Sid=5
INFO: [ app_init ] --START--
INFO: Run Behavior\BuildLiteBehavior [ RunTime:0.000015s ]
INFO: [ app_init ] --END-- [ RunTime:0.000435s ]
INFO: [ app_begin ] --START--
INFO: Run Behavior\ReadHtmlCacheBehavior [ RunTime:0.005827s ]
INFO: [ app_begin ] --END-- [ RunTime:0.005913s ]
SQL: select * from foods where sid=5 [ RunTime:0.0003s ]
SQL: select title from shop where sid=5 [ RunTime:0.0002s ]
INFO: [ app_end ] --START--
INFO: Run Behavior\ShowPageTraceBehavior [ RunTime:0.001669s ]
INFO: [ app_end ] --END-- [ RunTime:0.001762s ]

[ 2020-03-24T10:14:58+08:00 ] ::1 /foods/Index/queryAll?nickName=%E8%90%8D%E6%B0%B4%E7%9B%B8%E9%80%A2
INFO: [ app_init ] --START--
INFO: Run Behavior\BuildLiteBehavior [ RunTime:0.000019s ]
INFO: [ app_init ] --END-- [ RunTime:0.000766s ]
INFO: [ app_begin ] --START--
INFO: Run Behavior\ReadHtmlCacheBehavior [ RunTime:0.001073s ]
INFO: [ app_begin ] --END-- [ RunTime:0.001147s ]
SQL: SHOW COLUMNS FROM `users` [ RunTime:0.0343s ]
SQL: SELECT COUNT(*) AS tp_count FROM `users` WHERE ( nickName="萍水相逢" ) LIMIT 1   [ RunTime:0.0005s ]
SQL: SELECT * FROM `users` WHERE ( nickName="萍水相逢" )  [ RunTime:0.0004s ]
INFO: [ app_end ] --START--
INFO: Run Behavior\ShowPageTraceBehavior [ RunTime:0.001212s ]
INFO: [ app_end ] --END-- [ RunTime:0.001286s ]

[ 2020-03-24T10:15:03+08:00 ] ::1 /foods/Index/getOrder?nickName=%E8%90%8D%E6%B0%B4%E7%9B%B8%E9%80%A2
INFO: [ app_init ] --START--
INFO: Run Behavior\BuildLiteBehavior [ RunTime:0.000018s ]
INFO: [ app_init ] --END-- [ RunTime:0.000650s ]
INFO: [ app_begin ] --START--
INFO: Run Behavior\ReadHtmlCacheBehavior [ RunTime:0.003339s ]
INFO: [ app_begin ] --END-- [ RunTime:0.003616s ]
SQL: SHOW COLUMNS FROM `order` [ RunTime:0.0525s ]
SQL: SELECT * FROM `order` WHERE ( nickName="萍水相逢" )  [ RunTime:0.0034s ]
SQL: SHOW COLUMNS FROM `itemfoods` [ RunTime:0.0233s ]
SQL: SELECT `poster`,`title`,`fdetails`,`price`,`num` FROM `itemfoods` WHERE ( 1=1 AND oid='3' )  [ RunTime:0.0059s ]
SQL: SELECT `poster`,`title`,`fdetails`,`price`,`num` FROM `itemfoods` WHERE ( 1=1 AND oid='6' )  [ RunTime:0.0005s ]
SQL: SELECT `poster`,`title`,`fdetails`,`price`,`num` FROM `itemfoods` WHERE ( 1=1 AND oid='8' )  [ RunTime:0.0005s ]
SQL: SELECT `poster`,`title`,`fdetails`,`price`,`num` FROM `itemfoods` WHERE ( 1=1 AND oid='9' )  [ RunTime:0.0005s ]
INFO: [ app_end ] --START--
INFO: Run Behavior\ShowPageTraceBehavior [ RunTime:0.001422s ]
INFO: [ app_end ] --END-- [ RunTime:0.001542s ]

[ 2020-03-24T10:26:42+08:00 ] ::1 /foods/Index/getFoodsBySid?Sid=1
INFO: [ app_init ] --START--
INFO: Run Behavior\BuildLiteBehavior [ RunTime:0.000014s ]
INFO: [ app_init ] --END-- [ RunTime:0.000501s ]
INFO: [ app_begin ] --START--
INFO: Run Behavior\ReadHtmlCacheBehavior [ RunTime:0.001149s ]
INFO: [ app_begin ] --END-- [ RunTime:0.001342s ]
SQL: select * from foods where sid=1 [ RunTime:0.0004s ]
SQL: select title from shop where sid=1 [ RunTime:0.0002s ]
INFO: [ app_end ] --START--
INFO: Run Behavior\ShowPageTraceBehavior [ RunTime:0.001505s ]
INFO: [ app_end ] --END-- [ RunTime:0.001569s ]

[ 2020-03-24T10:26:50+08:00 ] ::1 /foods/Index/getFoodsBySid?Sid=1
INFO: [ app_init ] --START--
INFO: Run Behavior\BuildLiteBehavior [ RunTime:0.000104s ]
INFO: [ app_init ] --END-- [ RunTime:0.000955s ]
INFO: [ app_begin ] --START--
INFO: Run Behavior\ReadHtmlCacheBehavior [ RunTime:0.000852s ]
INFO: [ app_begin ] --END-- [ RunTime:0.000920s ]
SQL: select * from foods where sid=1 [ RunTime:0.0003s ]
SQL: select title from shop where sid=1 [ RunTime:0.0001s ]
INFO: [ app_end ] --START--
INFO: Run Behavior\ShowPageTraceBehavior [ RunTime:0.001074s ]
INFO: [ app_end ] --END-- [ RunTime:0.001123s ]

[ 2020-03-24T10:27:20+08:00 ] ::1 /foods/Index/getFoodsBySid?Sid=1
INFO: [ app_init ] --START--
INFO: Run Behavior\BuildLiteBehavior [ RunTime:0.000017s ]
INFO: [ app_init ] --END-- [ RunTime:0.000476s ]
INFO: [ app_begin ] --START--
INFO: Run Behavior\ReadHtmlCacheBehavior [ RunTime:0.001134s ]
INFO: [ app_begin ] --END-- [ RunTime:0.001255s ]
SQL: select * from foods where sid=1 [ RunTime:0.0003s ]
SQL: select title from shop where sid=1 [ RunTime:0.0003s ]
INFO: [ app_end ] --START--
INFO: Run Behavior\ShowPageTraceBehavior [ RunTime:0.001032s ]
INFO: [ app_end ] --END-- [ RunTime:0.001079s ]

