[ 2020-04-17T17:25:21+08:00 ] ::1 /foods/Index/getShopList
INFO: [ app_init ] --START--
INFO: Run Behavior\BuildLiteBehavior [ RunTime:0.000017s ]
INFO: [ app_init ] --END-- [ RunTime:0.021782s ]
INFO: [ app_begin ] --START--
INFO: Run Behavior\ReadHtmlCacheBehavior [ RunTime:0.026658s ]
INFO: [ app_begin ] --END-- [ RunTime:0.026737s ]
SQL: SHOW COLUMNS FROM `shop` [ RunTime:0.0487s ]
SQL: SELECT * FROM `shop`  [ RunTime:0.0006s ]
INFO: [ app_end ] --START--
INFO: Run Behavior\ShowPageTraceBehavior [ RunTime:0.014887s ]
INFO: [ app_end ] --END-- [ RunTime:0.014956s ]

[ 2020-04-17T17:25:28+08:00 ] ::1 /foods/Index/getFoodsBySid?Sid=5
INFO: [ app_init ] --START--
INFO: Run Behavior\BuildLiteBehavior [ RunTime:0.000017s ]
INFO: [ app_init ] --END-- [ RunTime:0.000478s ]
INFO: [ app_begin ] --START--
INFO: Run Behavior\ReadHtmlCacheBehavior [ RunTime:0.000616s ]
INFO: [ app_begin ] --END-- [ RunTime:0.000695s ]
SQL: select * from foods where sid=5 [ RunTime:0.0171s ]
SQL: select title from shop where sid=5 [ RunTime:0.0002s ]
INFO: [ app_end ] --START--
INFO: Run Behavior\ShowPageTraceBehavior [ RunTime:0.000679s ]
INFO: [ app_end ] --END-- [ RunTime:0.000748s ]

[ 2020-04-17T17:25:40+08:00 ] ::1 /foods/Index/queryAll?nickName=%E8%90%8D%E6%B0%B4%E7%9B%B8%E9%80%A2
INFO: [ app_init ] --START--
INFO: Run Behavior\BuildLiteBehavior [ RunTime:0.000016s ]
INFO: [ app_init ] --END-- [ RunTime:0.000403s ]
INFO: [ app_begin ] --START--
INFO: Run Behavior\ReadHtmlCacheBehavior [ RunTime:0.000503s ]
INFO: [ app_begin ] --END-- [ RunTime:0.000560s ]
SQL: SHOW COLUMNS FROM `users` [ RunTime:0.0293s ]
SQL: SELECT COUNT(*) AS tp_count FROM `users` WHERE ( nickName="萍水相逢" ) LIMIT 1   [ RunTime:0.0024s ]
SQL: SELECT * FROM `users` WHERE ( nickName="萍水相逢" )  [ RunTime:0.0004s ]
INFO: [ app_end ] --START--
INFO: Run Behavior\ShowPageTraceBehavior [ RunTime:0.000887s ]
INFO: [ app_end ] --END-- [ RunTime:0.000978s ]

[ 2020-04-17T17:25:48+08:00 ] ::1 /foods/Index/queryUserInfo?nickName=%E8%90%8D%E6%B0%B4%E7%9B%B8%E9%80%A2
INFO: [ app_init ] --START--
INFO: Run Behavior\BuildLiteBehavior [ RunTime:0.000015s ]
INFO: [ app_init ] --END-- [ RunTime:0.000405s ]
INFO: [ app_begin ] --START--
INFO: Run Behavior\ReadHtmlCacheBehavior [ RunTime:0.000550s ]
INFO: [ app_begin ] --END-- [ RunTime:0.000617s ]
SQL: SHOW COLUMNS FROM `users` [ RunTime:0.0155s ]
SQL: SELECT * FROM `users` WHERE ( nickName="萍水相逢" )  [ RunTime:0.0004s ]
INFO: [ app_end ] --START--
INFO: Run Behavior\ShowPageTraceBehavior [ RunTime:0.000663s ]
INFO: [ app_end ] --END-- [ RunTime:0.000724s ]

[ 2020-04-17T17:25:51+08:00 ] ::1 /foods/Index/setOrder?nickName=%E8%90%8D%E6%B0%B4%E7%9B%B8%E9%80%A2&shopTitle=%E7%BE%8E%E5%91%B3%E6%97%A5%E6%96%99%E5%85%89%E5%90%AF%E5%9F%8E%E5%BA%97&allNum=1&allPrice=45.00&item=%5B%7B%22title%22%3A%22%E6%97%A5%E5%BC%8F%E7%A7%8B%E5%88%80%E9%B1%BC%E5%AE%9A%E9%A3%9F%22%2C%22num%22%3A1%7D%5D
INFO: [ app_init ] --START--
INFO: Run Behavior\BuildLiteBehavior [ RunTime:0.000023s ]
INFO: [ app_init ] --END-- [ RunTime:0.000552s ]
INFO: [ app_begin ] --START--
INFO: Run Behavior\ReadHtmlCacheBehavior [ RunTime:0.000738s ]
INFO: [ app_begin ] --END-- [ RunTime:0.000824s ]
SQL: SHOW COLUMNS FROM `order` [ RunTime:0.0656s ]
SQL: INSERT INTO `order` (`nickName`,`shopTitle`,`allNum`,`allPrice`,`time`) VALUES ('萍水相逢','美味日料光启城店','1','45.00','2020-04-17 17:25:51') [ RunTime:0.0047s ]
SQL: SHOW COLUMNS FROM `item` [ RunTime:0.0363s ]
SQL: INSERT INTO `item` (`foodTitle`,`num`,`oid`) VALUES ('日式秋刀鱼定食','1','10') [ RunTime:0.0007s ]
INFO: [ app_end ] --START--
INFO: Run Behavior\ShowPageTraceBehavior [ RunTime:0.000705s ]
INFO: [ app_end ] --END-- [ RunTime:0.000792s ]

[ 2020-04-17T17:30:12+08:00 ] ::1 /foods/Index/getShopList
INFO: [ app_init ] --START--
INFO: Run Behavior\BuildLiteBehavior [ RunTime:0.000017s ]
INFO: [ app_init ] --END-- [ RunTime:0.000520s ]
INFO: [ app_begin ] --START--
INFO: Run Behavior\ReadHtmlCacheBehavior [ RunTime:0.000866s ]
INFO: [ app_begin ] --END-- [ RunTime:0.000975s ]
SQL: SHOW COLUMNS FROM `shop` [ RunTime:0.0222s ]
SQL: SELECT * FROM `shop`  [ RunTime:0.0003s ]
INFO: [ app_end ] --START--
INFO: Run Behavior\ShowPageTraceBehavior [ RunTime:0.000853s ]
INFO: [ app_end ] --END-- [ RunTime:0.000922s ]

[ 2020-04-17T17:30:22+08:00 ] ::1 /foods/Index/getFoodsBySid?Sid=1
INFO: [ app_init ] --START--
INFO: Run Behavior\BuildLiteBehavior [ RunTime:0.000010s ]
INFO: [ app_init ] --END-- [ RunTime:0.000317s ]
INFO: [ app_begin ] --START--
INFO: Run Behavior\ReadHtmlCacheBehavior [ RunTime:0.000626s ]
INFO: [ app_begin ] --END-- [ RunTime:0.000700s ]
SQL: select * from foods where sid=1 [ RunTime:0.0014s ]
SQL: select title from shop where sid=1 [ RunTime:0.0006s ]
INFO: [ app_end ] --START--
INFO: Run Behavior\ShowPageTraceBehavior [ RunTime:0.000834s ]
INFO: [ app_end ] --END-- [ RunTime:0.000911s ]

[ 2020-04-17T17:30:37+08:00 ] ::1 /foods/Index/queryUserInfo?nickName=%E8%90%8D%E6%B0%B4%E7%9B%B8%E9%80%A2
INFO: [ app_init ] --START--
INFO: Run Behavior\BuildLiteBehavior [ RunTime:0.000016s ]
INFO: [ app_init ] --END-- [ RunTime:0.000342s ]
INFO: [ app_begin ] --START--
INFO: Run Behavior\ReadHtmlCacheBehavior [ RunTime:0.000587s ]
INFO: [ app_begin ] --END-- [ RunTime:0.000646s ]
SQL: SHOW COLUMNS FROM `users` [ RunTime:0.0221s ]
SQL: SELECT * FROM `users` WHERE ( nickName="萍水相逢" )  [ RunTime:0.0004s ]
INFO: [ app_end ] --START--
INFO: Run Behavior\ShowPageTraceBehavior [ RunTime:0.000658s ]
INFO: [ app_end ] --END-- [ RunTime:0.000732s ]

[ 2020-04-17T17:30:39+08:00 ] ::1 /foods/Index/setOrder?nickName=%E8%90%8D%E6%B0%B4%E7%9B%B8%E9%80%A2&shopTitle=%E7%BC%98%E6%9D%A5%E8%81%9A%E5%BF%AB%E9%A4%90&allNum=1&allPrice=36.00&item=%5B%7B%22title%22%3A%22%E8%82%A5%E7%89%9B%E5%A5%97%E9%A4%90%22%2C%22num%22%3A1%7D%5D
INFO: [ app_init ] --START--
INFO: Run Behavior\BuildLiteBehavior [ RunTime:0.000020s ]
INFO: [ app_init ] --END-- [ RunTime:0.000561s ]
INFO: [ app_begin ] --START--
INFO: Run Behavior\ReadHtmlCacheBehavior [ RunTime:0.000710s ]
INFO: [ app_begin ] --END-- [ RunTime:0.000803s ]
SQL: SHOW COLUMNS FROM `order` [ RunTime:0.0602s ]
SQL: INSERT INTO `order` (`nickName`,`shopTitle`,`allNum`,`allPrice`,`time`) VALUES ('萍水相逢','缘来聚快餐','1','36.00','2020-04-17 17:30:39') [ RunTime:0.0036s ]
SQL: SHOW COLUMNS FROM `item` [ RunTime:0.0151s ]
SQL: INSERT INTO `item` (`foodTitle`,`num`,`oid`) VALUES ('肥牛套餐','1','11') [ RunTime:0.0109s ]
INFO: [ app_end ] --START--
INFO: Run Behavior\ShowPageTraceBehavior [ RunTime:0.000530s ]
INFO: [ app_end ] --END-- [ RunTime:0.000591s ]

[ 2020-04-17T17:30:43+08:00 ] ::1 /foods/Index/getShopList
INFO: [ app_init ] --START--
INFO: Run Behavior\BuildLiteBehavior [ RunTime:0.000012s ]
INFO: [ app_init ] --END-- [ RunTime:0.000316s ]
INFO: [ app_begin ] --START--
INFO: Run Behavior\ReadHtmlCacheBehavior [ RunTime:0.000989s ]
INFO: [ app_begin ] --END-- [ RunTime:0.001080s ]
SQL: SHOW COLUMNS FROM `shop` [ RunTime:0.0252s ]
SQL: SELECT * FROM `shop`  [ RunTime:0.0004s ]
INFO: [ app_end ] --START--
INFO: Run Behavior\ShowPageTraceBehavior [ RunTime:0.000741s ]
INFO: [ app_end ] --END-- [ RunTime:0.000846s ]

[ 2020-04-17T17:31:24+08:00 ] ::1 /foods/Index/queryAll?nickName=%E8%90%8D%E6%B0%B4%E7%9B%B8%E9%80%A2
INFO: [ app_init ] --START--
INFO: Run Behavior\BuildLiteBehavior [ RunTime:0.000016s ]
INFO: [ app_init ] --END-- [ RunTime:0.000465s ]
INFO: [ app_begin ] --START--
INFO: Run Behavior\ReadHtmlCacheBehavior [ RunTime:0.000668s ]
INFO: [ app_begin ] --END-- [ RunTime:0.000751s ]
SQL: SHOW COLUMNS FROM `users` [ RunTime:0.0302s ]
SQL: SELECT COUNT(*) AS tp_count FROM `users` WHERE ( nickName="萍水相逢" ) LIMIT 1   [ RunTime:0.0003s ]
SQL: SELECT * FROM `users` WHERE ( nickName="萍水相逢" )  [ RunTime:0.0002s ]
INFO: [ app_end ] --START--
INFO: Run Behavior\ShowPageTraceBehavior [ RunTime:0.000679s ]
INFO: [ app_end ] --END-- [ RunTime:0.000750s ]

[ 2020-04-17T17:31:33+08:00 ] ::1 /foods/Index/getOrder?nickName=%E8%90%8D%E6%B0%B4%E7%9B%B8%E9%80%A2
INFO: [ app_init ] --START--
INFO: Run Behavior\BuildLiteBehavior [ RunTime:0.000018s ]
INFO: [ app_init ] --END-- [ RunTime:0.000479s ]
INFO: [ app_begin ] --START--
INFO: Run Behavior\ReadHtmlCacheBehavior [ RunTime:0.000679s ]
INFO: [ app_begin ] --END-- [ RunTime:0.000762s ]
SQL: SHOW COLUMNS FROM `order` [ RunTime:0.0334s ]
SQL: SELECT * FROM `order` WHERE ( nickName="萍水相逢" )  [ RunTime:0.0005s ]
SQL: SHOW COLUMNS FROM `itemfoods` [ RunTime:0.0571s ]
SQL: SELECT `poster`,`title`,`fdetails`,`price`,`num` FROM `itemfoods` WHERE ( 1=1 AND oid='3' )  [ RunTime:0.0014s ]
SQL: SELECT `poster`,`title`,`fdetails`,`price`,`num` FROM `itemfoods` WHERE ( 1=1 AND oid='6' )  [ RunTime:0.0005s ]
SQL: SELECT `poster`,`title`,`fdetails`,`price`,`num` FROM `itemfoods` WHERE ( 1=1 AND oid='8' )  [ RunTime:0.0005s ]
SQL: SELECT `poster`,`title`,`fdetails`,`price`,`num` FROM `itemfoods` WHERE ( 1=1 AND oid='9' )  [ RunTime:0.0005s ]
SQL: SELECT `poster`,`title`,`fdetails`,`price`,`num` FROM `itemfoods` WHERE ( 1=1 AND oid='10' )  [ RunTime:0.0003s ]
SQL: SELECT `poster`,`title`,`fdetails`,`price`,`num` FROM `itemfoods` WHERE ( 1=1 AND oid='11' )  [ RunTime:0.0003s ]
INFO: [ app_end ] --START--
INFO: Run Behavior\ShowPageTraceBehavior [ RunTime:0.000798s ]
INFO: [ app_end ] --END-- [ RunTime:0.000875s ]

[ 2020-04-17T17:31:49+08:00 ] ::1 /foods/Index/getFoodsBySid?Sid=1
INFO: [ app_init ] --START--
INFO: Run Behavior\BuildLiteBehavior [ RunTime:0.000021s ]
INFO: [ app_init ] --END-- [ RunTime:0.000674s ]
INFO: [ app_begin ] --START--
INFO: Run Behavior\ReadHtmlCacheBehavior [ RunTime:0.000630s ]
INFO: [ app_begin ] --END-- [ RunTime:0.000833s ]
SQL: select * from foods where sid=1 [ RunTime:0.0004s ]
SQL: select title from shop where sid=1 [ RunTime:0.0003s ]
INFO: [ app_end ] --START--
INFO: Run Behavior\ShowPageTraceBehavior [ RunTime:0.000723s ]
INFO: [ app_end ] --END-- [ RunTime:0.000804s ]

[ 2020-04-17T17:32:01+08:00 ] ::1 /foods/Index/queryUserInfo?nickName=%E8%90%8D%E6%B0%B4%E7%9B%B8%E9%80%A2
INFO: [ app_init ] --START--
INFO: Run Behavior\BuildLiteBehavior [ RunTime:0.000013s ]
INFO: [ app_init ] --END-- [ RunTime:0.000337s ]
INFO: [ app_begin ] --START--
INFO: Run Behavior\ReadHtmlCacheBehavior [ RunTime:0.000444s ]
INFO: [ app_begin ] --END-- [ RunTime:0.000494s ]
SQL: SHOW COLUMNS FROM `users` [ RunTime:0.0482s ]
SQL: SELECT * FROM `users` WHERE ( nickName="萍水相逢" )  [ RunTime:0.0004s ]
INFO: [ app_end ] --START--
INFO: Run Behavior\ShowPageTraceBehavior [ RunTime:0.000773s ]
INFO: [ app_end ] --END-- [ RunTime:0.000868s ]

[ 2020-04-17T17:32:03+08:00 ] ::1 /foods/Index/setOrder?nickName=%E8%90%8D%E6%B0%B4%E7%9B%B8%E9%80%A2&shopTitle=%E7%BC%98%E6%9D%A5%E8%81%9A%E5%BF%AB%E9%A4%90&allNum=1&allPrice=21.00&item=%5B%7B%22title%22%3A%22%E7%BE%8E%E5%91%B3%E5%BF%AB%E9%A4%90%22%2C%22num%22%3A1%7D%5D
INFO: [ app_init ] --START--
INFO: Run Behavior\BuildLiteBehavior [ RunTime:0.000019s ]
INFO: [ app_init ] --END-- [ RunTime:0.000523s ]
INFO: [ app_begin ] --START--
INFO: Run Behavior\ReadHtmlCacheBehavior [ RunTime:0.000673s ]
INFO: [ app_begin ] --END-- [ RunTime:0.000753s ]
SQL: SHOW COLUMNS FROM `order` [ RunTime:0.0545s ]
SQL: INSERT INTO `order` (`nickName`,`shopTitle`,`allNum`,`allPrice`,`time`) VALUES ('萍水相逢','缘来聚快餐','1','21.00','2020-04-17 17:32:03') [ RunTime:0.0030s ]
SQL: SHOW COLUMNS FROM `item` [ RunTime:0.0124s ]
SQL: INSERT INTO `item` (`foodTitle`,`num`,`oid`) VALUES ('美味快餐','1','12') [ RunTime:0.0006s ]
INFO: [ app_end ] --START--
INFO: Run Behavior\ShowPageTraceBehavior [ RunTime:0.000668s ]
INFO: [ app_end ] --END-- [ RunTime:0.000756s ]

[ 2020-04-17T17:32:05+08:00 ] ::1 /foods/Index/getShopList
INFO: [ app_init ] --START--
INFO: Run Behavior\BuildLiteBehavior [ RunTime:0.000012s ]
INFO: [ app_init ] --END-- [ RunTime:0.000318s ]
INFO: [ app_begin ] --START--
INFO: Run Behavior\ReadHtmlCacheBehavior [ RunTime:0.000421s ]
INFO: [ app_begin ] --END-- [ RunTime:0.000476s ]
SQL: SHOW COLUMNS FROM `shop` [ RunTime:0.0258s ]
SQL: SELECT * FROM `shop`  [ RunTime:0.0003s ]
INFO: [ app_end ] --START--
INFO: Run Behavior\ShowPageTraceBehavior [ RunTime:0.000815s ]
INFO: [ app_end ] --END-- [ RunTime:0.000890s ]

[ 2020-04-17T17:37:53+08:00 ] ::1 /foods/Index/getShopList
INFO: [ app_init ] --START--
INFO: Run Behavior\BuildLiteBehavior [ RunTime:0.000018s ]
INFO: [ app_init ] --END-- [ RunTime:0.000571s ]
INFO: [ app_begin ] --START--
INFO: Run Behavior\ReadHtmlCacheBehavior [ RunTime:0.000744s ]
INFO: [ app_begin ] --END-- [ RunTime:0.000822s ]
SQL: SHOW COLUMNS FROM `shop` [ RunTime:0.0759s ]
SQL: SELECT * FROM `shop`  [ RunTime:0.0004s ]
INFO: [ app_end ] --START--
INFO: Run Behavior\ShowPageTraceBehavior [ RunTime:0.000882s ]
INFO: [ app_end ] --END-- [ RunTime:0.000965s ]

[ 2020-04-17T17:37:58+08:00 ] ::1 /foods/Index/getFoodsBySid?Sid=1
INFO: [ app_init ] --START--
INFO: Run Behavior\BuildLiteBehavior [ RunTime:0.000018s ]
INFO: [ app_init ] --END-- [ RunTime:0.000477s ]
INFO: [ app_begin ] --START--
INFO: Run Behavior\ReadHtmlCacheBehavior [ RunTime:0.000653s ]
INFO: [ app_begin ] --END-- [ RunTime:0.000747s ]
SQL: select * from foods where sid=1 [ RunTime:0.0004s ]
SQL: select title from shop where sid=1 [ RunTime:0.0003s ]
INFO: [ app_end ] --START--
INFO: Run Behavior\ShowPageTraceBehavior [ RunTime:0.000780s ]
INFO: [ app_end ] --END-- [ RunTime:0.000853s ]

[ 2020-04-17T17:38:06+08:00 ] ::1 /foods/Index/queryUserInfo?nickName=%E8%90%8D%E6%B0%B4%E7%9B%B8%E9%80%A2
INFO: [ app_init ] --START--
INFO: Run Behavior\BuildLiteBehavior [ RunTime:0.000016s ]
INFO: [ app_init ] --END-- [ RunTime:0.000413s ]
INFO: [ app_begin ] --START--
INFO: Run Behavior\ReadHtmlCacheBehavior [ RunTime:0.000472s ]
INFO: [ app_begin ] --END-- [ RunTime:0.000548s ]
SQL: SHOW COLUMNS FROM `users` [ RunTime:0.0478s ]
SQL: SELECT * FROM `users` WHERE ( nickName="萍水相逢" )  [ RunTime:0.0004s ]
INFO: [ app_end ] --START--
INFO: Run Behavior\ShowPageTraceBehavior [ RunTime:0.000519s ]
INFO: [ app_end ] --END-- [ RunTime:0.000565s ]

[ 2020-04-17T17:38:08+08:00 ] ::1 /foods/Index/setOrder?nickName=%E8%90%8D%E6%B0%B4%E7%9B%B8%E9%80%A2&shopTitle=%E7%BC%98%E6%9D%A5%E8%81%9A%E5%BF%AB%E9%A4%90&allNum=1&allPrice=36.00&item=%5B%7B%22title%22%3A%22%E8%82%A5%E7%89%9B%E5%A5%97%E9%A4%90%22%2C%22num%22%3A1%7D%5D
INFO: [ app_init ] --START--
INFO: Run Behavior\BuildLiteBehavior [ RunTime:0.000020s ]
INFO: [ app_init ] --END-- [ RunTime:0.000537s ]
INFO: [ app_begin ] --START--
INFO: Run Behavior\ReadHtmlCacheBehavior [ RunTime:0.000623s ]
INFO: [ app_begin ] --END-- [ RunTime:0.000720s ]
SQL: SHOW COLUMNS FROM `order` [ RunTime:0.0557s ]
SQL: INSERT INTO `order` (`nickName`,`shopTitle`,`allNum`,`allPrice`,`time`) VALUES ('萍水相逢','缘来聚快餐','1','36.00','2020-04-17 17:38:08') [ RunTime:0.0034s ]
SQL: SHOW COLUMNS FROM `item` [ RunTime:0.0131s ]
SQL: INSERT INTO `item` (`foodTitle`,`num`,`oid`) VALUES ('肥牛套餐','1','13') [ RunTime:0.0006s ]
INFO: [ app_end ] --START--
INFO: Run Behavior\ShowPageTraceBehavior [ RunTime:0.000556s ]
INFO: [ app_end ] --END-- [ RunTime:0.000630s ]

[ 2020-04-17T17:38:10+08:00 ] ::1 /foods/Index/getShopList
INFO: [ app_init ] --START--
INFO: Run Behavior\BuildLiteBehavior [ RunTime:0.000019s ]
INFO: [ app_init ] --END-- [ RunTime:0.000474s ]
INFO: [ app_begin ] --START--
INFO: Run Behavior\ReadHtmlCacheBehavior [ RunTime:0.000632s ]
INFO: [ app_begin ] --END-- [ RunTime:0.000706s ]
SQL: SHOW COLUMNS FROM `shop` [ RunTime:0.0482s ]
SQL: SELECT * FROM `shop`  [ RunTime:0.0003s ]
INFO: [ app_end ] --START--
INFO: Run Behavior\ShowPageTraceBehavior [ RunTime:0.000706s ]
INFO: [ app_end ] --END-- [ RunTime:0.000788s ]

