[ 2020-06-18T12:54:05+08:00 ] ::1 /foods/Index/getShopList
INFO: [ app_init ] --START--
INFO: Run Behavior\BuildLiteBehavior [ RunTime:0.000022s ]
INFO: [ app_init ] --END-- [ RunTime:0.039285s ]
INFO: [ app_begin ] --START--
INFO: Run Behavior\ReadHtmlCacheBehavior [ RunTime:0.036570s ]
INFO: [ app_begin ] --END-- [ RunTime:0.036656s ]
SQL: SHOW COLUMNS FROM `shop` [ RunTime:0.1226s ]
SQL: SELECT * FROM `shop`  [ RunTime:0.0008s ]
INFO: [ app_end ] --START--
INFO: Run Behavior\ShowPageTraceBehavior [ RunTime:0.029507s ]
INFO: [ app_end ] --END-- [ RunTime:0.029585s ]

[ 2020-06-18T12:58:32+08:00 ] ::1 /foods/Index/getFoodsBySid?Sid=1
INFO: [ app_init ] --START--
INFO: Run Behavior\BuildLiteBehavior [ RunTime:0.000018s ]
INFO: [ app_init ] --END-- [ RunTime:0.000577s ]
INFO: [ app_begin ] --START--
INFO: Run Behavior\ReadHtmlCacheBehavior [ RunTime:0.001787s ]
INFO: [ app_begin ] --END-- [ RunTime:0.002041s ]
SQL: select * from foods where sid=1 [ RunTime:0.0235s ]
SQL: select title from shop where sid=1 [ RunTime:0.0003s ]
INFO: [ app_end ] --START--
INFO: Run Behavior\ShowPageTraceBehavior [ RunTime:0.001215s ]
INFO: [ app_end ] --END-- [ RunTime:0.001287s ]

