[ 2020-03-02T08:19:04+08:00 ] ::1 /foods/Index/getShopList
INFO: [ app_init ] --START--
INFO: Run Behavior\BuildLiteBehavior [ RunTime:0.000022s ]
INFO: [ app_init ] --END-- [ RunTime:0.020306s ]
INFO: [ app_begin ] --START--
INFO: Run Behavior\ReadHtmlCacheBehavior [ RunTime:0.042032s ]
INFO: [ app_begin ] --END-- [ RunTime:0.042134s ]
SQL: SHOW COLUMNS FROM `shop` [ RunTime:0.0559s ]
SQL: SELECT * FROM `shop`  [ RunTime:0.0003s ]
INFO: [ app_end ] --START--
INFO: Run Behavior\ShowPageTraceBehavior [ RunTime:0.017929s ]
INFO: [ app_end ] --END-- [ RunTime:0.018009s ]

[ 2020-03-02T08:19:23+08:00 ] ::1 /foods/Index/queryAll?nickName=%E8%90%8D%E6%B0%B4%E7%9B%B8%E9%80%A2
INFO: [ app_init ] --START--
INFO: Run Behavior\BuildLiteBehavior [ RunTime:0.000020s ]
INFO: [ app_init ] --END-- [ RunTime:0.001451s ]
INFO: [ app_begin ] --START--
INFO: Run Behavior\ReadHtmlCacheBehavior [ RunTime:0.000626s ]
INFO: [ app_begin ] --END-- [ RunTime:0.000702s ]
SQL: SHOW COLUMNS FROM `users` [ RunTime:0.0430s ]
SQL: SELECT COUNT(*) AS tp_count FROM `users` WHERE ( nickName="萍水相逢" ) LIMIT 1   [ RunTime:0.0012s ]
SQL: SELECT * FROM `users` WHERE ( nickName="萍水相逢" )  [ RunTime:0.0004s ]
INFO: [ app_end ] --START--
INFO: Run Behavior\ShowPageTraceBehavior [ RunTime:0.000691s ]
INFO: [ app_end ] --END-- [ RunTime:0.000790s ]

[ 2020-03-02T08:21:00+08:00 ] ::1 /foods/Index/getShopList
INFO: [ app_init ] --START--
INFO: Run Behavior\BuildLiteBehavior [ RunTime:0.000017s ]
INFO: [ app_init ] --END-- [ RunTime:0.000627s ]
INFO: [ app_begin ] --START--
INFO: Run Behavior\ReadHtmlCacheBehavior [ RunTime:0.001462s ]
INFO: [ app_begin ] --END-- [ RunTime:0.001517s ]
SQL: SHOW COLUMNS FROM `shop` [ RunTime:0.0705s ]
SQL: SELECT * FROM `shop`  [ RunTime:0.0004s ]
INFO: [ app_end ] --START--
INFO: Run Behavior\ShowPageTraceBehavior [ RunTime:0.001724s ]
INFO: [ app_end ] --END-- [ RunTime:0.001798s ]

[ 2020-03-02T08:23:33+08:00 ] ::1 /foods/Index/getShopList
INFO: [ app_init ] --START--
INFO: Run Behavior\BuildLiteBehavior [ RunTime:0.000022s ]
INFO: [ app_init ] --END-- [ RunTime:0.000868s ]
INFO: [ app_begin ] --START--
INFO: Run Behavior\ReadHtmlCacheBehavior [ RunTime:0.001297s ]
INFO: [ app_begin ] --END-- [ RunTime:0.001388s ]
SQL: SHOW COLUMNS FROM `shop` [ RunTime:0.0503s ]
SQL: SELECT * FROM `shop`  [ RunTime:0.0004s ]
INFO: [ app_end ] --START--
INFO: Run Behavior\ShowPageTraceBehavior [ RunTime:0.001033s ]
INFO: [ app_end ] --END-- [ RunTime:0.001104s ]

[ 2020-03-02T08:51:27+08:00 ] ::1 /foods/Index/getShopList
INFO: [ app_init ] --START--
INFO: Run Behavior\BuildLiteBehavior [ RunTime:0.000013s ]
INFO: [ app_init ] --END-- [ RunTime:0.000539s ]
INFO: [ app_begin ] --START--
INFO: Run Behavior\ReadHtmlCacheBehavior [ RunTime:0.000718s ]
INFO: [ app_begin ] --END-- [ RunTime:0.000764s ]
SQL: SHOW COLUMNS FROM `shop` [ RunTime:0.0185s ]
SQL: SELECT * FROM `shop`  [ RunTime:0.0004s ]
INFO: [ app_end ] --START--
INFO: Run Behavior\ShowPageTraceBehavior [ RunTime:0.001175s ]
INFO: [ app_end ] --END-- [ RunTime:0.001250s ]

[ 2020-03-02T08:56:35+08:00 ] ::1 /foods/Index/queryAll?nickName=%E8%90%8D%E6%B0%B4%E7%9B%B8%E9%80%A2
INFO: [ app_init ] --START--
INFO: Run Behavior\BuildLiteBehavior [ RunTime:0.000014s ]
INFO: [ app_init ] --END-- [ RunTime:0.000475s ]
INFO: [ app_begin ] --START--
INFO: Run Behavior\ReadHtmlCacheBehavior [ RunTime:0.000988s ]
INFO: [ app_begin ] --END-- [ RunTime:0.001075s ]
SQL: SHOW COLUMNS FROM `users` [ RunTime:0.0637s ]
SQL: SELECT COUNT(*) AS tp_count FROM `users` WHERE ( nickName="萍水相逢" ) LIMIT 1   [ RunTime:0.0005s ]
SQL: INSERT INTO `users` (`nickName`) VALUES ('萍水相逢') [ RunTime:0.0045s ]
INFO: [ app_end ] --START--
INFO: Run Behavior\ShowPageTraceBehavior [ RunTime:0.001258s ]
INFO: [ app_end ] --END-- [ RunTime:0.001352s ]

[ 2020-03-02T16:47:02+08:00 ] ::1 /foods/Index/getShopList
INFO: [ app_init ] --START--
INFO: Run Behavior\BuildLiteBehavior [ RunTime:0.000022s ]
INFO: [ app_init ] --END-- [ RunTime:0.018428s ]
INFO: [ app_begin ] --START--
INFO: Run Behavior\ReadHtmlCacheBehavior [ RunTime:0.000857s ]
INFO: [ app_begin ] --END-- [ RunTime:0.000908s ]
SQL: SHOW COLUMNS FROM `shop` [ RunTime:0.1062s ]
SQL: SELECT * FROM `shop`  [ RunTime:0.0045s ]
INFO: [ app_end ] --START--
INFO: Run Behavior\ShowPageTraceBehavior [ RunTime:0.001611s ]
INFO: [ app_end ] --END-- [ RunTime:0.001681s ]

[ 2020-03-02T17:07:34+08:00 ] ::1 /foods/Index/getShopList
INFO: [ app_init ] --START--
INFO: Run Behavior\BuildLiteBehavior [ RunTime:0.000019s ]
INFO: [ app_init ] --END-- [ RunTime:0.000618s ]
INFO: [ app_begin ] --START--
INFO: Run Behavior\ReadHtmlCacheBehavior [ RunTime:0.001694s ]
INFO: [ app_begin ] --END-- [ RunTime:0.001788s ]
SQL: SHOW COLUMNS FROM `shop` [ RunTime:0.0264s ]
SQL: SELECT * FROM `shop`  [ RunTime:0.0005s ]
INFO: [ app_end ] --START--
INFO: Run Behavior\ShowPageTraceBehavior [ RunTime:0.001474s ]
INFO: [ app_end ] --END-- [ RunTime:0.001573s ]

[ 2020-03-02T19:31:00+08:00 ] ::1 /foods/Index/queryAll?nickName=%E8%90%8D%E6%B0%B4%E7%9B%B8%E9%80%A2
INFO: [ app_init ] --START--
INFO: Run Behavior\BuildLiteBehavior [ RunTime:0.000016s ]
INFO: [ app_init ] --END-- [ RunTime:0.030963s ]
INFO: [ app_begin ] --START--
INFO: Run Behavior\ReadHtmlCacheBehavior [ RunTime:0.048623s ]
INFO: [ app_begin ] --END-- [ RunTime:0.049274s ]
SQL: SHOW COLUMNS FROM `users` [ RunTime:0.0639s ]
SQL: SELECT COUNT(*) AS tp_count FROM `users` WHERE ( nickName="萍水相逢" ) LIMIT 1   [ RunTime:0.0067s ]
SQL: SELECT * FROM `users` WHERE ( nickName="萍水相逢" )  [ RunTime:0.0024s ]
INFO: [ app_end ] --START--
INFO: Run Behavior\ShowPageTraceBehavior [ RunTime:0.022494s ]
INFO: [ app_end ] --END-- [ RunTime:0.022577s ]

[ 2020-03-02T19:56:34+08:00 ] ::1 /foods/Index/queryAll?nickName=%E8%90%8D%E6%B0%B4%E7%9B%B8%E9%80%A2
INFO: [ app_init ] --START--
INFO: Run Behavior\BuildLiteBehavior [ RunTime:0.000020s ]
INFO: [ app_init ] --END-- [ RunTime:0.000636s ]
INFO: [ app_begin ] --START--
INFO: Run Behavior\ReadHtmlCacheBehavior [ RunTime:0.002228s ]
INFO: [ app_begin ] --END-- [ RunTime:0.002415s ]
SQL: SHOW COLUMNS FROM `users` [ RunTime:0.0474s ]
SQL: SELECT COUNT(*) AS tp_count FROM `users` WHERE ( nickName="萍水相逢" ) LIMIT 1   [ RunTime:0.0006s ]
SQL: SELECT * FROM `users` WHERE ( nickName="萍水相逢" )  [ RunTime:0.0005s ]
INFO: [ app_end ] --START--
INFO: Run Behavior\ShowPageTraceBehavior [ RunTime:0.001620s ]
INFO: [ app_end ] --END-- [ RunTime:0.001714s ]

[ 2020-03-02T19:58:10+08:00 ] ::1 /foods/Index/queryAll?nickName=%E8%90%8D%E6%B0%B4%E7%9B%B8%E9%80%A2
INFO: [ app_init ] --START--
INFO: Run Behavior\BuildLiteBehavior [ RunTime:0.000017s ]
INFO: [ app_init ] --END-- [ RunTime:0.000497s ]
INFO: [ app_begin ] --START--
INFO: Run Behavior\ReadHtmlCacheBehavior [ RunTime:0.001193s ]
INFO: [ app_begin ] --END-- [ RunTime:0.001276s ]
SQL: SHOW COLUMNS FROM `users` [ RunTime:0.0259s ]
SQL: SELECT COUNT(*) AS tp_count FROM `users` WHERE ( nickName="萍水相逢" ) LIMIT 1   [ RunTime:0.0003s ]
SQL: SELECT * FROM `users` WHERE ( nickName="萍水相逢" )  [ RunTime:0.0003s ]
INFO: [ app_end ] --START--
INFO: Run Behavior\ShowPageTraceBehavior [ RunTime:0.001177s ]
INFO: [ app_end ] --END-- [ RunTime:0.001266s ]

[ 2020-03-02T20:00:07+08:00 ] ::1 /foods/Index/queryAll?nickName=%E8%90%8D%E6%B0%B4%E7%9B%B8%E9%80%A2
INFO: [ app_init ] --START--
INFO: Run Behavior\BuildLiteBehavior [ RunTime:0.000022s ]
INFO: [ app_init ] --END-- [ RunTime:0.000582s ]
INFO: [ app_begin ] --START--
INFO: Run Behavior\ReadHtmlCacheBehavior [ RunTime:0.001214s ]
INFO: [ app_begin ] --END-- [ RunTime:0.001312s ]
SQL: SHOW COLUMNS FROM `users` [ RunTime:0.0773s ]
SQL: SELECT COUNT(*) AS tp_count FROM `users` WHERE ( nickName="萍水相逢" ) LIMIT 1   [ RunTime:0.0005s ]
SQL: SELECT * FROM `users` WHERE ( nickName="萍水相逢" )  [ RunTime:0.0004s ]
INFO: [ app_end ] --START--
INFO: Run Behavior\ShowPageTraceBehavior [ RunTime:0.001371s ]
INFO: [ app_end ] --END-- [ RunTime:0.001466s ]

[ 2020-03-02T20:00:44+08:00 ] ::1 /foods/Index/queryAll?nickName=%E8%90%8D%E6%B0%B4%E7%9B%B8%E9%80%A2
INFO: [ app_init ] --START--
INFO: Run Behavior\BuildLiteBehavior [ RunTime:0.000021s ]
INFO: [ app_init ] --END-- [ RunTime:0.000585s ]
INFO: [ app_begin ] --START--
INFO: Run Behavior\ReadHtmlCacheBehavior [ RunTime:0.000966s ]
INFO: [ app_begin ] --END-- [ RunTime:0.001047s ]
SQL: SHOW COLUMNS FROM `users` [ RunTime:0.0576s ]
SQL: SELECT COUNT(*) AS tp_count FROM `users` WHERE ( nickName="萍水相逢" ) LIMIT 1   [ RunTime:0.0004s ]
SQL: SELECT * FROM `users` WHERE ( nickName="萍水相逢" )  [ RunTime:0.0004s ]
INFO: [ app_end ] --START--
INFO: Run Behavior\ShowPageTraceBehavior [ RunTime:0.001243s ]
INFO: [ app_end ] --END-- [ RunTime:0.001320s ]

[ 2020-03-02T20:01:20+08:00 ] ::1 /foods/Index/queryAll?nickName=%E8%90%8D%E6%B0%B4%E7%9B%B8%E9%80%A2
INFO: [ app_init ] --START--
INFO: Run Behavior\BuildLiteBehavior [ RunTime:0.000018s ]
INFO: [ app_init ] --END-- [ RunTime:0.000544s ]
INFO: [ app_begin ] --START--
INFO: Run Behavior\ReadHtmlCacheBehavior [ RunTime:0.001104s ]
INFO: [ app_begin ] --END-- [ RunTime:0.001186s ]
SQL: SHOW COLUMNS FROM `users` [ RunTime:0.0791s ]
SQL: SELECT COUNT(*) AS tp_count FROM `users` WHERE ( nickName="萍水相逢" ) LIMIT 1   [ RunTime:0.0004s ]
SQL: SELECT * FROM `users` WHERE ( nickName="萍水相逢" )  [ RunTime:0.0004s ]
INFO: [ app_end ] --START--
INFO: Run Behavior\ShowPageTraceBehavior [ RunTime:0.001346s ]
INFO: [ app_end ] --END-- [ RunTime:0.001448s ]

[ 2020-03-02T20:05:52+08:00 ] ::1 /foods/Index/queryAll?nickName=%E8%90%8D%E6%B0%B4%E7%9B%B8%E9%80%A2
INFO: [ app_init ] --START--
INFO: Run Behavior\BuildLiteBehavior [ RunTime:0.000020s ]
INFO: [ app_init ] --END-- [ RunTime:0.000530s ]
INFO: [ app_begin ] --START--
INFO: Run Behavior\ReadHtmlCacheBehavior [ RunTime:0.000996s ]
INFO: [ app_begin ] --END-- [ RunTime:0.001075s ]
SQL: SHOW COLUMNS FROM `users` [ RunTime:0.0835s ]
SQL: SELECT COUNT(*) AS tp_count FROM `users` WHERE ( nickName="萍水相逢" ) LIMIT 1   [ RunTime:0.0003s ]
SQL: SELECT * FROM `users` WHERE ( nickName="萍水相逢" )  [ RunTime:0.0003s ]
INFO: [ app_end ] --START--
INFO: Run Behavior\ShowPageTraceBehavior [ RunTime:0.000798s ]
INFO: [ app_end ] --END-- [ RunTime:0.000844s ]

[ 2020-03-02T20:06:09+08:00 ] ::1 /foods/Index/setAll?nickName=%E8%90%8D%E6%B0%B4%E7%9B%B8%E9%80%A2&cardNum=qqq&address=s%27s%27s&tel=
INFO: [ app_init ] --START--
INFO: Run Behavior\BuildLiteBehavior [ RunTime:0.000013s ]
INFO: [ app_init ] --END-- [ RunTime:0.000481s ]
INFO: [ app_begin ] --START--
INFO: Run Behavior\ReadHtmlCacheBehavior [ RunTime:0.000938s ]
INFO: [ app_begin ] --END-- [ RunTime:0.000995s ]
SQL: SHOW COLUMNS FROM `users` [ RunTime:0.0535s ]
SQL: SELECT COUNT(*) AS tp_count FROM `users` WHERE ( nickName="萍水相逢" ) LIMIT 1   [ RunTime:0.0004s ]
SQL: UPDATE `users` SET `address`='s\'s\'s',`cardNum`='qqq',`tel`='' WHERE ( nickName="萍水相逢" ) [ RunTime:0.0039s ]
INFO: [ app_end ] --START--
INFO: Run Behavior\ShowPageTraceBehavior [ RunTime:0.001126s ]
INFO: [ app_end ] --END-- [ RunTime:0.001204s ]

[ 2020-03-02T20:06:31+08:00 ] ::1 /foods/Index/queryAll?nickName=%E8%90%8D%E6%B0%B4%E7%9B%B8%E9%80%A2
INFO: [ app_init ] --START--
INFO: Run Behavior\BuildLiteBehavior [ RunTime:0.000017s ]
INFO: [ app_init ] --END-- [ RunTime:0.000747s ]
INFO: [ app_begin ] --START--
INFO: Run Behavior\ReadHtmlCacheBehavior [ RunTime:0.001249s ]
INFO: [ app_begin ] --END-- [ RunTime:0.001325s ]
SQL: SHOW COLUMNS FROM `users` [ RunTime:0.0698s ]
SQL: SELECT COUNT(*) AS tp_count FROM `users` WHERE ( nickName="萍水相逢" ) LIMIT 1   [ RunTime:0.0003s ]
SQL: INSERT INTO `users` (`nickName`) VALUES ('萍水相逢') [ RunTime:0.0032s ]
INFO: [ app_end ] --START--
INFO: Run Behavior\ShowPageTraceBehavior [ RunTime:0.001021s ]
INFO: [ app_end ] --END-- [ RunTime:0.001079s ]

[ 2020-03-02T20:07:13+08:00 ] ::1 /foods/Index/setAll?nickName=%E8%90%8D%E6%B0%B4%E7%9B%B8%E9%80%A2&cardNum=qqq&address=%E4%B8%8A%E6%B5%B7%E5%B8%82%E5%BE%90%E6%B1%87%E5%8C%BA%E4%B8%AD%E5%B1%B1%E8%A5%BF%E8%B7%AF1%E5%8F%B7&tel=13513670688
INFO: [ app_init ] --START--
INFO: Run Behavior\BuildLiteBehavior [ RunTime:0.000017s ]
INFO: [ app_init ] --END-- [ RunTime:0.000755s ]
INFO: [ app_begin ] --START--
INFO: Run Behavior\ReadHtmlCacheBehavior [ RunTime:0.000851s ]
INFO: [ app_begin ] --END-- [ RunTime:0.000910s ]
SQL: SHOW COLUMNS FROM `users` [ RunTime:0.0192s ]
SQL: SELECT COUNT(*) AS tp_count FROM `users` WHERE ( nickName="萍水相逢" ) LIMIT 1   [ RunTime:0.0003s ]
SQL: UPDATE `users` SET `address`='上海市徐汇区中山西路1号',`cardNum`='qqq',`tel`='13513670688' WHERE ( nickName="萍水相逢" ) [ RunTime:0.0178s ]
INFO: [ app_end ] --START--
INFO: Run Behavior\ShowPageTraceBehavior [ RunTime:0.000948s ]
INFO: [ app_end ] --END-- [ RunTime:0.001000s ]

[ 2020-03-02T20:12:35+08:00 ] ::1 /foods/Index/getShopList
INFO: [ app_init ] --START--
INFO: Run Behavior\BuildLiteBehavior [ RunTime:0.000011s ]
INFO: [ app_init ] --END-- [ RunTime:0.000513s ]
INFO: [ app_begin ] --START--
INFO: Run Behavior\ReadHtmlCacheBehavior [ RunTime:0.000976s ]
INFO: [ app_begin ] --END-- [ RunTime:0.001059s ]
SQL: SHOW COLUMNS FROM `shop` [ RunTime:0.0747s ]
SQL: SELECT * FROM `shop`  [ RunTime:0.0007s ]
INFO: [ app_end ] --START--
INFO: Run Behavior\ShowPageTraceBehavior [ RunTime:0.002031s ]
INFO: [ app_end ] --END-- [ RunTime:0.002142s ]

[ 2020-03-02T20:12:41+08:00 ] ::1 /foods/Index/queryAll?nickName=%E8%90%8D%E6%B0%B4%E7%9B%B8%E9%80%A2
INFO: [ app_init ] --START--
INFO: Run Behavior\BuildLiteBehavior [ RunTime:0.000020s ]
INFO: [ app_init ] --END-- [ RunTime:0.000545s ]
INFO: [ app_begin ] --START--
INFO: Run Behavior\ReadHtmlCacheBehavior [ RunTime:0.001147s ]
INFO: [ app_begin ] --END-- [ RunTime:0.001238s ]
SQL: SHOW COLUMNS FROM `users` [ RunTime:0.0229s ]
SQL: SELECT COUNT(*) AS tp_count FROM `users` WHERE ( nickName="萍水相逢" ) LIMIT 1   [ RunTime:0.0004s ]
SQL: SELECT * FROM `users` WHERE ( nickName="萍水相逢" )  [ RunTime:0.0003s ]
INFO: [ app_end ] --START--
INFO: Run Behavior\ShowPageTraceBehavior [ RunTime:0.001195s ]
INFO: [ app_end ] --END-- [ RunTime:0.001283s ]

[ 2020-03-02T20:13:57+08:00 ] ::1 /foods/Index/queryAll?nickName=%E8%90%8D%E6%B0%B4%E7%9B%B8%E9%80%A2
INFO: [ app_init ] --START--
INFO: Run Behavior\BuildLiteBehavior [ RunTime:0.000012s ]
INFO: [ app_init ] --END-- [ RunTime:0.000344s ]
INFO: [ app_begin ] --START--
INFO: Run Behavior\ReadHtmlCacheBehavior [ RunTime:0.000708s ]
INFO: [ app_begin ] --END-- [ RunTime:0.000772s ]
SQL: SHOW COLUMNS FROM `users` [ RunTime:0.0597s ]
SQL: SELECT COUNT(*) AS tp_count FROM `users` WHERE ( nickName="萍水相逢" ) LIMIT 1   [ RunTime:0.0004s ]
SQL: SELECT * FROM `users` WHERE ( nickName="萍水相逢" )  [ RunTime:0.0004s ]
INFO: [ app_end ] --START--
INFO: Run Behavior\ShowPageTraceBehavior [ RunTime:0.001289s ]
INFO: [ app_end ] --END-- [ RunTime:0.001367s ]

[ 2020-03-02T20:14:11+08:00 ] ::1 /foods/Index/getShopList
INFO: [ app_init ] --START--
INFO: Run Behavior\BuildLiteBehavior [ RunTime:0.000012s ]
INFO: [ app_init ] --END-- [ RunTime:0.000342s ]
INFO: [ app_begin ] --START--
INFO: Run Behavior\ReadHtmlCacheBehavior [ RunTime:0.000916s ]
INFO: [ app_begin ] --END-- [ RunTime:0.000993s ]
SQL: SHOW COLUMNS FROM `shop` [ RunTime:0.0923s ]
SQL: SELECT * FROM `shop`  [ RunTime:0.0005s ]
INFO: [ app_end ] --START--
INFO: Run Behavior\ShowPageTraceBehavior [ RunTime:0.001690s ]
INFO: [ app_end ] --END-- [ RunTime:0.001791s ]

[ 2020-03-02T20:14:39+08:00 ] ::1 /foods/Index/queryAll?nickName=%E8%90%8D%E6%B0%B4%E7%9B%B8%E9%80%A2
INFO: [ app_init ] --START--
INFO: Run Behavior\BuildLiteBehavior [ RunTime:0.000015s ]
INFO: [ app_init ] --END-- [ RunTime:0.000624s ]
INFO: [ app_begin ] --START--
INFO: Run Behavior\ReadHtmlCacheBehavior [ RunTime:0.001036s ]
INFO: [ app_begin ] --END-- [ RunTime:0.001100s ]
SQL: SHOW COLUMNS FROM `users` [ RunTime:0.0570s ]
SQL: SELECT COUNT(*) AS tp_count FROM `users` WHERE ( nickName="萍水相逢" ) LIMIT 1   [ RunTime:0.0004s ]
SQL: INSERT INTO `users` (`nickName`) VALUES ('萍水相逢') [ RunTime:0.0194s ]
INFO: [ app_end ] --START--
INFO: Run Behavior\ShowPageTraceBehavior [ RunTime:0.001857s ]
INFO: [ app_end ] --END-- [ RunTime:0.001987s ]

[ 2020-03-02T20:44:02+08:00 ] ::1 /foods/Index/queryAll?nickName=%E8%90%8D%E6%B0%B4%E7%9B%B8%E9%80%A2
INFO: [ app_init ] --START--
INFO: Run Behavior\BuildLiteBehavior [ RunTime:0.000013s ]
INFO: [ app_init ] --END-- [ RunTime:0.000492s ]
INFO: [ app_begin ] --START--
INFO: Run Behavior\ReadHtmlCacheBehavior [ RunTime:0.000701s ]
INFO: [ app_begin ] --END-- [ RunTime:0.000757s ]
SQL: SHOW COLUMNS FROM `users` [ RunTime:0.0267s ]
SQL: SELECT COUNT(*) AS tp_count FROM `users` WHERE ( nickName="萍水相逢" ) LIMIT 1   [ RunTime:0.0005s ]
SQL: SELECT * FROM `users` WHERE ( nickName="萍水相逢" )  [ RunTime:0.0005s ]
INFO: [ app_end ] --START--
INFO: Run Behavior\ShowPageTraceBehavior [ RunTime:0.001235s ]
INFO: [ app_end ] --END-- [ RunTime:0.001310s ]

[ 2020-03-02T20:48:37+08:00 ] ::1 /foods/Index/queryAll?nickName=%E8%90%8D%E6%B0%B4%E7%9B%B8%E9%80%A2
INFO: [ app_init ] --START--
INFO: Run Behavior\BuildLiteBehavior [ RunTime:0.000033s ]
INFO: [ app_init ] --END-- [ RunTime:0.000792s ]
INFO: [ app_begin ] --START--
INFO: Run Behavior\ReadHtmlCacheBehavior [ RunTime:0.000992s ]
INFO: [ app_begin ] --END-- [ RunTime:0.001078s ]
SQL: SHOW COLUMNS FROM `users` [ RunTime:0.0552s ]
SQL: SELECT COUNT(*) AS tp_count FROM `users` WHERE ( nickName="萍水相逢" ) LIMIT 1   [ RunTime:0.0004s ]
SQL: SELECT * FROM `users` WHERE ( nickName="萍水相逢" )  [ RunTime:0.0003s ]
INFO: [ app_end ] --START--
INFO: Run Behavior\ShowPageTraceBehavior [ RunTime:0.001159s ]
INFO: [ app_end ] --END-- [ RunTime:0.001231s ]

[ 2020-03-02T20:49:46+08:00 ] ::1 /foods/Index/queryAll?nickName=%E8%90%8D%E6%B0%B4%E7%9B%B8%E9%80%A2
INFO: [ app_init ] --START--
INFO: Run Behavior\BuildLiteBehavior [ RunTime:0.000044s ]
INFO: [ app_init ] --END-- [ RunTime:0.000720s ]
INFO: [ app_begin ] --START--
INFO: Run Behavior\ReadHtmlCacheBehavior [ RunTime:0.005089s ]
INFO: [ app_begin ] --END-- [ RunTime:0.005178s ]
SQL: SHOW COLUMNS FROM `users` [ RunTime:0.1425s ]
SQL: SELECT COUNT(*) AS tp_count FROM `users` WHERE ( nickName="萍水相逢" ) LIMIT 1   [ RunTime:0.0003s ]
SQL: SELECT * FROM `users` WHERE ( nickName="萍水相逢" )  [ RunTime:0.0004s ]
INFO: [ app_end ] --START--
INFO: Run Behavior\ShowPageTraceBehavior [ RunTime:0.001357s ]
INFO: [ app_end ] --END-- [ RunTime:0.001444s ]

[ 2020-03-02T20:49:56+08:00 ] ::1 /foods/Index/setAll?nickName=%E8%90%8D%E6%B0%B4%E7%9B%B8%E9%80%A2&cardNum=sss&address=ss&tel=
INFO: [ app_init ] --START--
INFO: Run Behavior\BuildLiteBehavior [ RunTime:0.000013s ]
INFO: [ app_init ] --END-- [ RunTime:0.000478s ]
INFO: [ app_begin ] --START--
INFO: Run Behavior\ReadHtmlCacheBehavior [ RunTime:0.000782s ]
INFO: [ app_begin ] --END-- [ RunTime:0.000848s ]
SQL: SHOW COLUMNS FROM `users` [ RunTime:0.0522s ]
SQL: SELECT COUNT(*) AS tp_count FROM `users` WHERE ( nickName="萍水相逢" ) LIMIT 1   [ RunTime:0.0003s ]
SQL: UPDATE `users` SET `address`='ss',`cardNum`='sss',`tel`='' WHERE ( nickName="萍水相逢" ) [ RunTime:0.0036s ]
INFO: [ app_end ] --START--
INFO: Run Behavior\ShowPageTraceBehavior [ RunTime:0.001022s ]
INFO: [ app_end ] --END-- [ RunTime:0.001083s ]

[ 2020-03-02T20:50:29+08:00 ] ::1 /foods/Index/queryAll?nickName=%E8%90%8D%E6%B0%B4%E7%9B%B8%E9%80%A2
INFO: [ app_init ] --START--
INFO: Run Behavior\BuildLiteBehavior [ RunTime:0.000013s ]
INFO: [ app_init ] --END-- [ RunTime:0.000514s ]
INFO: [ app_begin ] --START--
INFO: Run Behavior\ReadHtmlCacheBehavior [ RunTime:0.000686s ]
INFO: [ app_begin ] --END-- [ RunTime:0.000738s ]
SQL: SHOW COLUMNS FROM `users` [ RunTime:0.0576s ]
SQL: SELECT COUNT(*) AS tp_count FROM `users` WHERE ( nickName="萍水相逢" ) LIMIT 1   [ RunTime:0.0003s ]
SQL: SELECT * FROM `users` WHERE ( nickName="萍水相逢" )  [ RunTime:0.0003s ]
INFO: [ app_end ] --START--
INFO: Run Behavior\ShowPageTraceBehavior [ RunTime:0.001128s ]
INFO: [ app_end ] --END-- [ RunTime:0.001200s ]

[ 2020-03-02T20:59:46+08:00 ] ::1 /foods/Index/queryAll?nickName=%E8%90%8D%E6%B0%B4%E7%9B%B8%E9%80%A2
INFO: [ app_init ] --START--
INFO: Run Behavior\BuildLiteBehavior [ RunTime:0.000020s ]
INFO: [ app_init ] --END-- [ RunTime:0.000637s ]
INFO: [ app_begin ] --START--
INFO: Run Behavior\ReadHtmlCacheBehavior [ RunTime:0.001072s ]
INFO: [ app_begin ] --END-- [ RunTime:0.001150s ]
SQL: SHOW COLUMNS FROM `users` [ RunTime:0.0659s ]
SQL: SELECT COUNT(*) AS tp_count FROM `users` WHERE ( nickName="萍水相逢" ) LIMIT 1   [ RunTime:0.0004s ]
SQL: SELECT * FROM `users` WHERE ( nickName="萍水相逢" )  [ RunTime:0.0004s ]
INFO: [ app_end ] --START--
INFO: Run Behavior\ShowPageTraceBehavior [ RunTime:0.001256s ]
INFO: [ app_end ] --END-- [ RunTime:0.001341s ]

[ 2020-03-02T20:59:53+08:00 ] ::1 /foods/Index/setAll?nickName=%E8%90%8D%E6%B0%B4%E7%9B%B8%E9%80%A2&cardNum=sss&address=ss&tel=1223
INFO: [ app_init ] --START--
INFO: Run Behavior\BuildLiteBehavior [ RunTime:0.000017s ]
INFO: [ app_init ] --END-- [ RunTime:0.000492s ]
INFO: [ app_begin ] --START--
INFO: Run Behavior\ReadHtmlCacheBehavior [ RunTime:0.000901s ]
INFO: [ app_begin ] --END-- [ RunTime:0.000967s ]
SQL: SHOW COLUMNS FROM `users` [ RunTime:0.0390s ]
SQL: SELECT COUNT(*) AS tp_count FROM `users` WHERE ( nickName="萍水相逢" ) LIMIT 1   [ RunTime:0.0003s ]
SQL: UPDATE `users` SET `address`='ss',`cardNum`='sss',`tel`='1223' WHERE ( nickName="萍水相逢" ) [ RunTime:0.0111s ]
INFO: [ app_end ] --START--
INFO: Run Behavior\ShowPageTraceBehavior [ RunTime:0.001058s ]
INFO: [ app_end ] --END-- [ RunTime:0.001111s ]

[ 2020-03-02T21:11:40+08:00 ] ::1 /foods/Index/queryAll?nickName=%E8%90%8D%E6%B0%B4%E7%9B%B8%E9%80%A2
INFO: [ app_init ] --START--
INFO: Run Behavior\BuildLiteBehavior [ RunTime:0.000034s ]
INFO: [ app_init ] --END-- [ RunTime:0.001378s ]
INFO: [ app_begin ] --START--
INFO: Run Behavior\ReadHtmlCacheBehavior [ RunTime:0.001984s ]
INFO: [ app_begin ] --END-- [ RunTime:0.002519s ]
SQL: SHOW COLUMNS FROM `users` [ RunTime:0.0761s ]
SQL: SELECT COUNT(*) AS tp_count FROM `users` WHERE ( nickName="萍水相逢" ) LIMIT 1   [ RunTime:0.0006s ]
SQL: SELECT * FROM `users` WHERE ( nickName="萍水相逢" )  [ RunTime:0.0010s ]
INFO: [ app_end ] --START--
INFO: Run Behavior\ShowPageTraceBehavior [ RunTime:0.001182s ]
INFO: [ app_end ] --END-- [ RunTime:0.001264s ]

[ 2020-03-02T21:12:56+08:00 ] ::1 /foods/Index/queryAll?nickName=%E8%90%8D%E6%B0%B4%E7%9B%B8%E9%80%A2
INFO: [ app_init ] --START--
INFO: Run Behavior\BuildLiteBehavior [ RunTime:0.000018s ]
INFO: [ app_init ] --END-- [ RunTime:0.000442s ]
INFO: [ app_begin ] --START--
INFO: Run Behavior\ReadHtmlCacheBehavior [ RunTime:0.000854s ]
INFO: [ app_begin ] --END-- [ RunTime:0.000921s ]
SQL: SHOW COLUMNS FROM `users` [ RunTime:0.0814s ]
SQL: SELECT COUNT(*) AS tp_count FROM `users` WHERE ( nickName="萍水相逢" ) LIMIT 1   [ RunTime:0.0003s ]
SQL: SELECT * FROM `users` WHERE ( nickName="萍水相逢" )  [ RunTime:0.0004s ]
INFO: [ app_end ] --START--
INFO: Run Behavior\ShowPageTraceBehavior [ RunTime:0.003570s ]
INFO: [ app_end ] --END-- [ RunTime:0.003649s ]

[ 2020-03-02T21:13:16+08:00 ] ::1 /foods/Index/queryAll?nickName=%E8%90%8D%E6%B0%B4%E7%9B%B8%E9%80%A2
INFO: [ app_init ] --START--
INFO: Run Behavior\BuildLiteBehavior [ RunTime:0.000019s ]
INFO: [ app_init ] --END-- [ RunTime:0.000578s ]
INFO: [ app_begin ] --START--
INFO: Run Behavior\ReadHtmlCacheBehavior [ RunTime:0.001129s ]
INFO: [ app_begin ] --END-- [ RunTime:0.001232s ]
SQL: SHOW COLUMNS FROM `users` [ RunTime:0.0888s ]
SQL: SELECT COUNT(*) AS tp_count FROM `users` WHERE ( nickName="萍水相逢" ) LIMIT 1   [ RunTime:0.0004s ]
SQL: SELECT * FROM `users` WHERE ( nickName="萍水相逢" )  [ RunTime:0.0003s ]
INFO: [ app_end ] --START--
INFO: Run Behavior\ShowPageTraceBehavior [ RunTime:0.000925s ]
INFO: [ app_end ] --END-- [ RunTime:0.000973s ]

[ 2020-03-02T21:26:15+08:00 ] ::1 /foods/Index/queryAll?nickName=%E8%90%8D%E6%B0%B4%E7%9B%B8%E9%80%A2
INFO: [ app_init ] --START--
INFO: Run Behavior\BuildLiteBehavior [ RunTime:0.000017s ]
INFO: [ app_init ] --END-- [ RunTime:0.000539s ]
INFO: [ app_begin ] --START--
INFO: Run Behavior\ReadHtmlCacheBehavior [ RunTime:0.001034s ]
INFO: [ app_begin ] --END-- [ RunTime:0.001142s ]
SQL: SHOW COLUMNS FROM `users` [ RunTime:0.0223s ]
SQL: SELECT COUNT(*) AS tp_count FROM `users` WHERE ( nickName="萍水相逢" ) LIMIT 1   [ RunTime:0.0004s ]
SQL: SELECT * FROM `users` WHERE ( nickName="萍水相逢" )  [ RunTime:0.0004s ]
INFO: [ app_end ] --START--
INFO: Run Behavior\ShowPageTraceBehavior [ RunTime:0.001189s ]
INFO: [ app_end ] --END-- [ RunTime:0.001268s ]

[ 2020-03-02T21:26:23+08:00 ] ::1 /foods/Index/queryAll?nickName=%E8%90%8D%E6%B0%B4%E7%9B%B8%E9%80%A2
INFO: [ app_init ] --START--
INFO: Run Behavior\BuildLiteBehavior [ RunTime:0.000021s ]
INFO: [ app_init ] --END-- [ RunTime:0.000664s ]
INFO: [ app_begin ] --START--
INFO: Run Behavior\ReadHtmlCacheBehavior [ RunTime:0.002041s ]
INFO: [ app_begin ] --END-- [ RunTime:0.002174s ]
SQL: SHOW COLUMNS FROM `users` [ RunTime:0.0850s ]
SQL: SELECT COUNT(*) AS tp_count FROM `users` WHERE ( nickName="萍水相逢" ) LIMIT 1   [ RunTime:0.0004s ]
SQL: SELECT * FROM `users` WHERE ( nickName="萍水相逢" )  [ RunTime:0.0005s ]
INFO: [ app_end ] --START--
INFO: Run Behavior\ShowPageTraceBehavior [ RunTime:0.002014s ]
INFO: [ app_end ] --END-- [ RunTime:0.002145s ]

[ 2020-03-02T21:29:33+08:00 ] ::1 /foods/Index/queryAll?nickName=%E8%90%8D%E6%B0%B4%E7%9B%B8%E9%80%A2
INFO: [ app_init ] --START--
INFO: Run Behavior\BuildLiteBehavior [ RunTime:0.000018s ]
INFO: [ app_init ] --END-- [ RunTime:0.000421s ]
INFO: [ app_begin ] --START--
INFO: Run Behavior\ReadHtmlCacheBehavior [ RunTime:0.001146s ]
INFO: [ app_begin ] --END-- [ RunTime:0.001222s ]
SQL: SHOW COLUMNS FROM `users` [ RunTime:0.0593s ]
SQL: SELECT COUNT(*) AS tp_count FROM `users` WHERE ( nickName="萍水相逢" ) LIMIT 1   [ RunTime:0.0005s ]
SQL: SELECT * FROM `users` WHERE ( nickName="萍水相逢" )  [ RunTime:0.0004s ]
INFO: [ app_end ] --START--
INFO: Run Behavior\ShowPageTraceBehavior [ RunTime:0.001586s ]
INFO: [ app_end ] --END-- [ RunTime:0.001714s ]

[ 2020-03-02T21:29:44+08:00 ] ::1 /foods/Index/setAll?nickName=%E8%90%8D%E6%B0%B4%E7%9B%B8%E9%80%A2&cardNum=sss&address=ss&tel=444
INFO: [ app_init ] --START--
INFO: Run Behavior\BuildLiteBehavior [ RunTime:0.000023s ]
INFO: [ app_init ] --END-- [ RunTime:0.000540s ]
INFO: [ app_begin ] --START--
INFO: Run Behavior\ReadHtmlCacheBehavior [ RunTime:0.000992s ]
INFO: [ app_begin ] --END-- [ RunTime:0.001063s ]
SQL: SHOW COLUMNS FROM `users` [ RunTime:0.0554s ]
SQL: SELECT COUNT(*) AS tp_count FROM `users` WHERE ( nickName="萍水相逢" ) LIMIT 1   [ RunTime:0.0003s ]
SQL: UPDATE `users` SET `address`='ss',`cardNum`='sss',`tel`='444' WHERE ( nickName="萍水相逢" ) [ RunTime:0.0186s ]
INFO: [ app_end ] --START--
INFO: Run Behavior\ShowPageTraceBehavior [ RunTime:0.001129s ]
INFO: [ app_end ] --END-- [ RunTime:0.001199s ]

[ 2020-03-02T21:30:01+08:00 ] ::1 /foods/Index/getShopList
INFO: [ app_init ] --START--
INFO: Run Behavior\BuildLiteBehavior [ RunTime:0.000021s ]
INFO: [ app_init ] --END-- [ RunTime:0.000787s ]
INFO: [ app_begin ] --START--
INFO: Run Behavior\ReadHtmlCacheBehavior [ RunTime:0.001713s ]
INFO: [ app_begin ] --END-- [ RunTime:0.001800s ]
SQL: SHOW COLUMNS FROM `shop` [ RunTime:0.0758s ]
SQL: SELECT * FROM `shop`  [ RunTime:0.0003s ]
INFO: [ app_end ] --START--
INFO: Run Behavior\ShowPageTraceBehavior [ RunTime:0.000839s ]
INFO: [ app_end ] --END-- [ RunTime:0.000889s ]

[ 2020-03-02T21:30:15+08:00 ] ::1 /foods/Index/getShopList
INFO: [ app_init ] --START--
INFO: Run Behavior\BuildLiteBehavior [ RunTime:0.000018s ]
INFO: [ app_init ] --END-- [ RunTime:0.000526s ]
INFO: [ app_begin ] --START--
INFO: Run Behavior\ReadHtmlCacheBehavior [ RunTime:0.000789s ]
INFO: [ app_begin ] --END-- [ RunTime:0.000850s ]
SQL: SHOW COLUMNS FROM `shop` [ RunTime:0.0180s ]
SQL: SELECT * FROM `shop`  [ RunTime:0.0004s ]
INFO: [ app_end ] --START--
INFO: Run Behavior\ShowPageTraceBehavior [ RunTime:0.001619s ]
INFO: [ app_end ] --END-- [ RunTime:0.001724s ]

[ 2020-03-02T21:30:23+08:00 ] ::1 /foods/Index/queryAll?nickName=%E8%90%8D%E6%B0%B4%E7%9B%B8%E9%80%A2
INFO: [ app_init ] --START--
INFO: Run Behavior\BuildLiteBehavior [ RunTime:0.000011s ]
INFO: [ app_init ] --END-- [ RunTime:0.000376s ]
INFO: [ app_begin ] --START--
INFO: Run Behavior\ReadHtmlCacheBehavior [ RunTime:0.000609s ]
INFO: [ app_begin ] --END-- [ RunTime:0.000653s ]
SQL: SHOW COLUMNS FROM `users` [ RunTime:0.0565s ]
SQL: SELECT COUNT(*) AS tp_count FROM `users` WHERE ( nickName="萍水相逢" ) LIMIT 1   [ RunTime:0.0006s ]
SQL: SELECT * FROM `users` WHERE ( nickName="萍水相逢" )  [ RunTime:0.0006s ]
INFO: [ app_end ] --START--
INFO: Run Behavior\ShowPageTraceBehavior [ RunTime:0.001688s ]
INFO: [ app_end ] --END-- [ RunTime:0.001783s ]

[ 2020-03-02T21:36:19+08:00 ] ::1 /foods/Index/queryAll?nickName=%E8%90%8D%E6%B0%B4%E7%9B%B8%E9%80%A2
INFO: [ app_init ] --START--
INFO: Run Behavior\BuildLiteBehavior [ RunTime:0.000021s ]
INFO: [ app_init ] --END-- [ RunTime:0.000648s ]
INFO: [ app_begin ] --START--
INFO: Run Behavior\ReadHtmlCacheBehavior [ RunTime:0.001005s ]
INFO: [ app_begin ] --END-- [ RunTime:0.001090s ]
SQL: SHOW COLUMNS FROM `users` [ RunTime:0.0711s ]
SQL: SELECT COUNT(*) AS tp_count FROM `users` WHERE ( nickName="萍水相逢" ) LIMIT 1   [ RunTime:0.0004s ]
SQL: SELECT * FROM `users` WHERE ( nickName="萍水相逢" )  [ RunTime:0.0003s ]
INFO: [ app_end ] --START--
INFO: Run Behavior\ShowPageTraceBehavior [ RunTime:0.001200s ]
INFO: [ app_end ] --END-- [ RunTime:0.001274s ]

[ 2020-03-02T21:37:29+08:00 ] ::1 /foods/Index/queryAll?nickName=%E8%90%8D%E6%B0%B4%E7%9B%B8%E9%80%A2
INFO: [ app_init ] --START--
INFO: Run Behavior\BuildLiteBehavior [ RunTime:0.000021s ]
INFO: [ app_init ] --END-- [ RunTime:0.000587s ]
INFO: [ app_begin ] --START--
INFO: Run Behavior\ReadHtmlCacheBehavior [ RunTime:0.001228s ]
INFO: [ app_begin ] --END-- [ RunTime:0.001309s ]
SQL: SHOW COLUMNS FROM `users` [ RunTime:0.0706s ]
SQL: SELECT COUNT(*) AS tp_count FROM `users` WHERE ( nickName="萍水相逢" ) LIMIT 1   [ RunTime:0.0004s ]
SQL: SELECT * FROM `users` WHERE ( nickName="萍水相逢" )  [ RunTime:0.0004s ]
INFO: [ app_end ] --START--
INFO: Run Behavior\ShowPageTraceBehavior [ RunTime:0.001251s ]
INFO: [ app_end ] --END-- [ RunTime:0.001325s ]

