[ 2020-04-30T13:15:14+08:00 ] ::1 /foods/Index/getShopList
INFO: [ app_init ] --START--
INFO: Run Behavior\BuildLiteBehavior [ RunTime:0.000023s ]
INFO: [ app_init ] --END-- [ RunTime:0.030445s ]
INFO: [ app_begin ] --START--
INFO: Run Behavior\ReadHtmlCacheBehavior [ RunTime:0.048196s ]
INFO: [ app_begin ] --END-- [ RunTime:0.048296s ]
SQL: SHOW COLUMNS FROM `shop` [ RunTime:0.0403s ]
SQL: SELECT * FROM `shop`  [ RunTime:0.0004s ]
INFO: [ app_end ] --START--
INFO: Run Behavior\ShowPageTraceBehavior [ RunTime:0.024371s ]
INFO: [ app_end ] --END-- [ RunTime:0.024462s ]

[ 2020-04-30T13:15:27+08:00 ] ::1 /foods/Index/getFoodsBySid?Sid=1
INFO: [ app_init ] --START--
INFO: Run Behavior\BuildLiteBehavior [ RunTime:0.000014s ]
INFO: [ app_init ] --END-- [ RunTime:0.000518s ]
INFO: [ app_begin ] --START--
INFO: Run Behavior\ReadHtmlCacheBehavior [ RunTime:0.000415s ]
INFO: [ app_begin ] --END-- [ RunTime:0.000465s ]
SQL: select * from foods where sid=1 [ RunTime:0.0180s ]
SQL: select title from shop where sid=1 [ RunTime:0.0003s ]
INFO: [ app_end ] --START--
INFO: Run Behavior\ShowPageTraceBehavior [ RunTime:0.000853s ]
INFO: [ app_end ] --END-- [ RunTime:0.000926s ]

