[ 2020-04-28T08:41:20+08:00 ] ::1 /foods/Index/getShopList
INFO: [ app_init ] --START--
INFO: Run Behavior\BuildLiteBehavior [ RunTime:0.000020s ]
INFO: [ app_init ] --END-- [ RunTime:0.032248s ]
INFO: [ app_begin ] --START--
INFO: Run Behavior\ReadHtmlCacheBehavior [ RunTime:0.036139s ]
INFO: [ app_begin ] --END-- [ RunTime:0.036242s ]
SQL: SHOW COLUMNS FROM `shop` [ RunTime:0.0570s ]
SQL: SELECT * FROM `shop`  [ RunTime:0.0004s ]
INFO: [ app_end ] --START--
INFO: Run Behavior\ShowPageTraceBehavior [ RunTime:0.019464s ]
INFO: [ app_end ] --END-- [ RunTime:0.019543s ]

[ 2020-04-28T08:42:46+08:00 ] ::1 /foods/Index/getFoodsBySid?Sid=1
INFO: [ app_init ] --START--
INFO: Run Behavior\BuildLiteBehavior [ RunTime:0.000016s ]
INFO: [ app_init ] --END-- [ RunTime:0.000426s ]
INFO: [ app_begin ] --START--
INFO: Run Behavior\ReadHtmlCacheBehavior [ RunTime:0.000768s ]
INFO: [ app_begin ] --END-- [ RunTime:0.000848s ]
SQL: select * from foods where sid=1 [ RunTime:0.0090s ]
SQL: select title from shop where sid=1 [ RunTime:0.0002s ]
INFO: [ app_end ] --START--
INFO: Run Behavior\ShowPageTraceBehavior [ RunTime:0.000677s ]
INFO: [ app_end ] --END-- [ RunTime:0.000738s ]

[ 2020-04-28T08:44:06+08:00 ] ::1 /foods/Index/getFoodsBySid?Sid=5
INFO: [ app_init ] --START--
INFO: Run Behavior\BuildLiteBehavior [ RunTime:0.000018s ]
INFO: [ app_init ] --END-- [ RunTime:0.000593s ]
INFO: [ app_begin ] --START--
INFO: Run Behavior\ReadHtmlCacheBehavior [ RunTime:0.000813s ]
INFO: [ app_begin ] --END-- [ RunTime:0.000903s ]
SQL: select * from foods where sid=5 [ RunTime:0.0004s ]
SQL: select title from shop where sid=5 [ RunTime:0.0002s ]
INFO: [ app_end ] --START--
INFO: Run Behavior\ShowPageTraceBehavior [ RunTime:0.000847s ]
INFO: [ app_end ] --END-- [ RunTime:0.000913s ]

[ 2020-04-28T09:22:59+08:00 ] ::1 /foods/Index/getFoodsBySid?Sid=1
INFO: [ app_init ] --START--
INFO: Run Behavior\BuildLiteBehavior [ RunTime:0.000021s ]
INFO: [ app_init ] --END-- [ RunTime:0.004000s ]
INFO: [ app_begin ] --START--
INFO: Run Behavior\ReadHtmlCacheBehavior [ RunTime:0.010941s ]
INFO: [ app_begin ] --END-- [ RunTime:0.011032s ]
SQL: select * from foods where sid=1 [ RunTime:0.0010s ]
SQL: select title from shop where sid=1 [ RunTime:0.0005s ]
INFO: [ app_end ] --START--
INFO: Run Behavior\ShowPageTraceBehavior [ RunTime:0.002305s ]
INFO: [ app_end ] --END-- [ RunTime:0.002375s ]

