[ 2020-12-25T08:59:33+08:00 ] 114.87.171.202 /activity/Index/getType
INFO: [ app_init ] --START--
INFO: Run Behavior\BuildLiteBehavior [ RunTime:0.000009s ]
INFO: [ app_init ] --END-- [ RunTime:0.000215s ]
INFO: [ app_begin ] --START--
INFO: Run Behavior\ReadHtmlCacheBehavior [ RunTime:0.000287s ]
INFO: [ app_begin ] --END-- [ RunTime:0.000319s ]
SQL: SHOW COLUMNS FROM `type` [ RunTime:0.0006s ]
SQL: SELECT `name` FROM `type`  [ RunTime:0.0001s ]
INFO: [ app_end ] --START--
INFO: Run Behavior\ShowPageTraceBehavior [ RunTime:0.000349s ]
INFO: [ app_end ] --END-- [ RunTime:0.000375s ]

[ 2020-12-25T08:59:33+08:00 ] 114.87.171.202 /activity/Index/getClub
INFO: [ app_init ] --START--
INFO: Run Behavior\BuildLiteBehavior [ RunTime:0.000009s ]
INFO: [ app_init ] --END-- [ RunTime:0.000220s ]
INFO: [ app_begin ] --START--
INFO: Run Behavior\ReadHtmlCacheBehavior [ RunTime:0.000292s ]
INFO: [ app_begin ] --END-- [ RunTime:0.000318s ]
SQL: select loc,name from club order by CONVERT(loc USING gbk) [ RunTime:0.0003s ]
INFO: [ app_end ] --START--
INFO: Run Behavior\ShowPageTraceBehavior [ RunTime:0.000334s ]
INFO: [ app_end ] --END-- [ RunTime:0.000360s ]

[ 2020-12-25T08:59:35+08:00 ] 114.87.171.202 /activity/Index/queryUser?nickname=Rocker
INFO: [ app_init ] --START--
INFO: Run Behavior\BuildLiteBehavior [ RunTime:0.000009s ]
INFO: [ app_init ] --END-- [ RunTime:0.000216s ]
INFO: [ app_begin ] --START--
INFO: Run Behavior\ReadHtmlCacheBehavior [ RunTime:0.000299s ]
INFO: [ app_begin ] --END-- [ RunTime:0.000325s ]
SQL: SHOW COLUMNS FROM `users` [ RunTime:0.0005s ]
SQL: SELECT COUNT(*) AS tp_count FROM `users` WHERE ( nickname="Rocker" ) LIMIT 1   [ RunTime:0.0002s ]
INFO: [ app_end ] --START--
INFO: Run Behavior\ShowPageTraceBehavior [ RunTime:0.000330s ]
INFO: [ app_end ] --END-- [ RunTime:0.000354s ]

[ 2020-12-25T08:59:45+08:00 ] 114.87.171.202 /activity/Index/login?nickname=Rocker&tel=11111111111
INFO: [ app_init ] --START--
INFO: Run Behavior\BuildLiteBehavior [ RunTime:0.000009s ]
INFO: [ app_init ] --END-- [ RunTime:0.000215s ]
INFO: [ app_begin ] --START--
INFO: Run Behavior\ReadHtmlCacheBehavior [ RunTime:0.000324s ]
INFO: [ app_begin ] --END-- [ RunTime:0.000355s ]
SQL: SHOW COLUMNS FROM `users` [ RunTime:0.0005s ]
SQL: SELECT COUNT(*) AS tp_count FROM `users` WHERE ( nickname="Rocker" ) LIMIT 1   [ RunTime:0.0002s ]
SQL: SELECT `clubname`,`tel` FROM `users` WHERE ( nickname="Rocker" and tel="11111111111" )  [ RunTime:0.0001s ]
INFO: [ app_end ] --START--
INFO: Run Behavior\ShowPageTraceBehavior [ RunTime:0.000349s ]
INFO: [ app_end ] --END-- [ RunTime:0.000374s ]

[ 2020-12-25T08:59:46+08:00 ] 114.87.171.202 /activity/Index/getList
INFO: [ app_init ] --START--
INFO: Run Behavior\BuildLiteBehavior [ RunTime:0.000008s ]
INFO: [ app_init ] --END-- [ RunTime:0.000213s ]
INFO: [ app_begin ] --START--
INFO: Run Behavior\ReadHtmlCacheBehavior [ RunTime:0.000296s ]
INFO: [ app_begin ] --END-- [ RunTime:0.000320s ]
SQL: SHOW COLUMNS FROM `activity` [ RunTime:0.0005s ]
SQL: SELECT * FROM `activity`  [ RunTime:0.0002s ]
INFO: [ app_end ] --START--
INFO: Run Behavior\ShowPageTraceBehavior [ RunTime:0.000345s ]
INFO: [ app_end ] --END-- [ RunTime:0.000369s ]

[ 2020-12-25T08:59:48+08:00 ] 114.87.171.202 /activity/Index/getActivity?aid=1&nickname=Rocker
INFO: [ app_init ] --START--
INFO: Run Behavior\BuildLiteBehavior [ RunTime:0.000009s ]
INFO: [ app_init ] --END-- [ RunTime:0.000223s ]
INFO: [ app_begin ] --START--
INFO: Run Behavior\ReadHtmlCacheBehavior [ RunTime:0.000285s ]
INFO: [ app_begin ] --END-- [ RunTime:0.000309s ]
SQL: SHOW COLUMNS FROM `activity` [ RunTime:0.0005s ]
SQL: SELECT * FROM `activity` WHERE ( aid="1" )  [ RunTime:0.0002s ]
SQL: SHOW COLUMNS FROM `enroll` [ RunTime:0.0004s ]
SQL: SELECT `club` FROM `enroll` WHERE ( 1=1 AND aid='1' )  [ RunTime:0.0002s ]
SQL: SHOW COLUMNS FROM `userenrol` [ RunTime:0.0004s ]
SQL: SELECT COUNT(*) AS tp_count FROM `userenrol` WHERE ( aid=1 ) LIMIT 1   [ RunTime:0.0001s ]
SQL: SELECT COUNT(*) AS tp_count FROM `userenrol` WHERE ( nickname="Rocker" and aid=1 ) LIMIT 1   [ RunTime:0.0001s ]
INFO: [ app_end ] --START--
INFO: Run Behavior\ShowPageTraceBehavior [ RunTime:0.000381s ]
INFO: [ app_end ] --END-- [ RunTime:0.000421s ]

[ 2020-12-25T08:59:56+08:00 ] 114.87.171.202 /activity/Index/getType
INFO: [ app_init ] --START--
INFO: Run Behavior\BuildLiteBehavior [ RunTime:0.000009s ]
INFO: [ app_init ] --END-- [ RunTime:0.000219s ]
INFO: [ app_begin ] --START--
INFO: Run Behavior\ReadHtmlCacheBehavior [ RunTime:0.000317s ]
INFO: [ app_begin ] --END-- [ RunTime:0.000343s ]
SQL: SHOW COLUMNS FROM `type` [ RunTime:0.0007s ]
SQL: SELECT `name` FROM `type`  [ RunTime:0.0002s ]
INFO: [ app_end ] --START--
INFO: Run Behavior\ShowPageTraceBehavior [ RunTime:0.000333s ]
INFO: [ app_end ] --END-- [ RunTime:0.000371s ]

[ 2020-12-25T08:59:56+08:00 ] 114.87.171.202 /activity/Index/getClub
INFO: [ app_init ] --START--
INFO: Run Behavior\BuildLiteBehavior [ RunTime:0.000009s ]
INFO: [ app_init ] --END-- [ RunTime:0.000207s ]
INFO: [ app_begin ] --START--
INFO: Run Behavior\ReadHtmlCacheBehavior [ RunTime:0.000302s ]
INFO: [ app_begin ] --END-- [ RunTime:0.000327s ]
SQL: select loc,name from club order by CONVERT(loc USING gbk) [ RunTime:0.0004s ]
INFO: [ app_end ] --START--
INFO: Run Behavior\ShowPageTraceBehavior [ RunTime:0.000376s ]
INFO: [ app_end ] --END-- [ RunTime:0.000412s ]

[ 2020-12-25T08:59:56+08:00 ] 114.87.171.202 /activity/Index/queryUserInfo?nickname=Rocker
INFO: [ app_init ] --START--
INFO: Run Behavior\BuildLiteBehavior [ RunTime:0.000010s ]
INFO: [ app_init ] --END-- [ RunTime:0.000223s ]
INFO: [ app_begin ] --START--
INFO: Run Behavior\ReadHtmlCacheBehavior [ RunTime:0.000302s ]
INFO: [ app_begin ] --END-- [ RunTime:0.000326s ]
SQL: SHOW COLUMNS FROM `users` [ RunTime:0.0004s ]
SQL: SELECT * FROM `users` WHERE ( nickname="Rocker" )  [ RunTime:0.0002s ]
INFO: [ app_end ] --START--
INFO: Run Behavior\ShowPageTraceBehavior [ RunTime:0.000348s ]
INFO: [ app_end ] --END-- [ RunTime:0.000375s ]

[ 2020-12-25T09:00:13+08:00 ] 114.87.171.202 /activity/Index/modifyUser?nickname=Rocker&gender=%E7%94%B7&birth=&tel=11111111111&profession=a&type=&carnumber=&clubname=%E6%91%A9%E7%99%BB%E4%BC%9A%E2%80%94%E2%80%94%E7%89%B9%E6%96%AF%E6%8B%89%E8%BD%A6%E5%8F%8B%E4%BF%B1%E4%B9%90%E9%83%A8(%E5%8E%A6%E9%97%A8)
INFO: [ app_init ] --START--
INFO: Run Behavior\BuildLiteBehavior [ RunTime:0.000009s ]
INFO: [ app_init ] --END-- [ RunTime:0.000220s ]
INFO: [ app_begin ] --START--
INFO: Run Behavior\ReadHtmlCacheBehavior [ RunTime:0.000301s ]
INFO: [ app_begin ] --END-- [ RunTime:0.000325s ]
SQL: SHOW COLUMNS FROM `users` [ RunTime:0.0006s ]
SQL: UPDATE `users` SET `gender`='男',`birth`='',`tel`='11111111111',`profession`='a',`type`='',`carnumber`='',`clubname`='摩登会——特斯拉车友俱乐部(厦门)' WHERE ( nickname="Rocker" ) [ RunTime:0.0051s ]
INFO: [ app_end ] --START--
INFO: Run Behavior\ShowPageTraceBehavior [ RunTime:0.000395s ]
INFO: [ app_end ] --END-- [ RunTime:0.000422s ]

[ 2020-12-25T09:00:16+08:00 ] 114.87.171.202 /activity/Index/getActivity?aid=1&nickname=Rocker
INFO: [ app_init ] --START--
INFO: Run Behavior\BuildLiteBehavior [ RunTime:0.000010s ]
INFO: [ app_init ] --END-- [ RunTime:0.000215s ]
INFO: [ app_begin ] --START--
INFO: Run Behavior\ReadHtmlCacheBehavior [ RunTime:0.000304s ]
INFO: [ app_begin ] --END-- [ RunTime:0.000332s ]
SQL: SHOW COLUMNS FROM `activity` [ RunTime:0.0005s ]
SQL: SELECT * FROM `activity` WHERE ( aid="1" )  [ RunTime:0.0002s ]
SQL: SHOW COLUMNS FROM `enroll` [ RunTime:0.0004s ]
SQL: SELECT `club` FROM `enroll` WHERE ( 1=1 AND aid='1' )  [ RunTime:0.0002s ]
SQL: SHOW COLUMNS FROM `userenrol` [ RunTime:0.0003s ]
SQL: SELECT COUNT(*) AS tp_count FROM `userenrol` WHERE ( aid=1 ) LIMIT 1   [ RunTime:0.0001s ]
SQL: SELECT COUNT(*) AS tp_count FROM `userenrol` WHERE ( nickname="Rocker" and aid=1 ) LIMIT 1   [ RunTime:0.0001s ]
INFO: [ app_end ] --START--
INFO: Run Behavior\ShowPageTraceBehavior [ RunTime:0.000347s ]
INFO: [ app_end ] --END-- [ RunTime:0.000372s ]

[ 2020-12-25T09:00:18+08:00 ] 114.87.171.202 /activity/Index/setUserEnrol?aid=1&nickname=Rocker&tel=11111111111&clubname=%E6%91%A9%E7%99%BB%E4%BC%9A%E2%80%94%E2%80%94%E7%89%B9%E6%96%AF%E6%8B%89%E8%BD%A6%E5%8F%8B%E4%BF%B1%E4%B9%90%E9%83%A8(%E5%8E%A6%E9%97%A8)&act=%E6%8E%A2%E9%99%A9%E6%9C%88%E7%90%83
INFO: [ app_init ] --START--
INFO: Run Behavior\BuildLiteBehavior [ RunTime:0.000014s ]
INFO: [ app_init ] --END-- [ RunTime:0.000332s ]
INFO: [ app_begin ] --START--
INFO: Run Behavior\ReadHtmlCacheBehavior [ RunTime:0.000445s ]
INFO: [ app_begin ] --END-- [ RunTime:0.000493s ]
SQL: SHOW COLUMNS FROM `userenrol` [ RunTime:0.0006s ]
SQL: INSERT INTO `userenrol` (`nickname`,`tel`,`act`,`aid`,`clubname`,`date`) VALUES ('Rocker','11111111111','探险月球','1','摩登会——特斯拉车友俱乐部(厦门)','2020-12-25 09:00:18') [ RunTime:0.0056s ]
SQL: SELECT COUNT(*) AS tp_count FROM `userenrol` LIMIT 1   [ RunTime:0.0002s ]
INFO: [ app_end ] --START--
INFO: Run Behavior\ShowPageTraceBehavior [ RunTime:0.000552s ]
INFO: [ app_end ] --END-- [ RunTime:0.000591s ]

[ 2020-12-25T09:00:51+08:00 ] 101.45.254.177 /activity/Index/login?nickname=%E8%90%8D%E6%B0%B4%E7%9B%B8%E9%80%A2&tel=11111111111
INFO: [ app_init ] --START--
INFO: Run Behavior\BuildLiteBehavior [ RunTime:0.000012s ]
INFO: [ app_init ] --END-- [ RunTime:0.000223s ]
INFO: [ app_begin ] --START--
INFO: Run Behavior\ReadHtmlCacheBehavior [ RunTime:0.000300s ]
INFO: [ app_begin ] --END-- [ RunTime:0.000325s ]
SQL: SHOW COLUMNS FROM `users` [ RunTime:0.0005s ]
SQL: SELECT COUNT(*) AS tp_count FROM `users` WHERE ( nickname="萍水相逢" ) LIMIT 1   [ RunTime:0.0002s ]
SQL: SELECT `clubname`,`tel` FROM `users` WHERE ( nickname="萍水相逢" and tel="11111111111" )  [ RunTime:0.0002s ]
INFO: [ app_end ] --START--
INFO: Run Behavior\ShowPageTraceBehavior [ RunTime:0.000336s ]
INFO: [ app_end ] --END-- [ RunTime:0.000359s ]

[ 2020-12-25T09:00:54+08:00 ] 101.45.254.177 /activity/Index/getList
INFO: [ app_init ] --START--
INFO: Run Behavior\BuildLiteBehavior [ RunTime:0.000010s ]
INFO: [ app_init ] --END-- [ RunTime:0.000242s ]
INFO: [ app_begin ] --START--
INFO: Run Behavior\ReadHtmlCacheBehavior [ RunTime:0.000289s ]
INFO: [ app_begin ] --END-- [ RunTime:0.000317s ]
SQL: SHOW COLUMNS FROM `activity` [ RunTime:0.0028s ]
SQL: SELECT * FROM `activity`  [ RunTime:0.0002s ]
INFO: [ app_end ] --START--
INFO: Run Behavior\ShowPageTraceBehavior [ RunTime:0.000359s ]
INFO: [ app_end ] --END-- [ RunTime:0.000385s ]

[ 2020-12-25T09:01:30+08:00 ] 114.87.171.202 /activity/Index/cancelUserEnrol?nickname=Rocker&act=%E6%8E%A2%E9%99%A9%E6%9C%88%E7%90%83
INFO: [ app_init ] --START--
INFO: Run Behavior\BuildLiteBehavior [ RunTime:0.000010s ]
INFO: [ app_init ] --END-- [ RunTime:0.000223s ]
INFO: [ app_begin ] --START--
INFO: Run Behavior\ReadHtmlCacheBehavior [ RunTime:0.000303s ]
INFO: [ app_begin ] --END-- [ RunTime:0.000327s ]
SQL: SHOW COLUMNS FROM `userenrol` [ RunTime:0.0005s ]
SQL: DELETE FROM `userenrol` WHERE ( nickname="Rocker" and act="探险月球" ) [ RunTime:0.0055s ]
SQL: SELECT COUNT(*) AS tp_count FROM `userenrol` LIMIT 1   [ RunTime:0.0002s ]
INFO: [ app_end ] --START--
INFO: Run Behavior\ShowPageTraceBehavior [ RunTime:0.000430s ]
INFO: [ app_end ] --END-- [ RunTime:0.000459s ]

[ 2020-12-25T09:01:45+08:00 ] 114.87.171.202 /activity/Index/setUserEnrol?aid=1&nickname=Rocker&tel=11111111111&clubname=%E6%91%A9%E7%99%BB%E4%BC%9A%E2%80%94%E2%80%94%E7%89%B9%E6%96%AF%E6%8B%89%E8%BD%A6%E5%8F%8B%E4%BF%B1%E4%B9%90%E9%83%A8(%E5%8E%A6%E9%97%A8)&act=%E6%8E%A2%E9%99%A9%E6%9C%88%E7%90%83
INFO: [ app_init ] --START--
INFO: Run Behavior\BuildLiteBehavior [ RunTime:0.000010s ]
INFO: [ app_init ] --END-- [ RunTime:0.000210s ]
INFO: [ app_begin ] --START--
INFO: Run Behavior\ReadHtmlCacheBehavior [ RunTime:0.000300s ]
INFO: [ app_begin ] --END-- [ RunTime:0.000324s ]
SQL: SHOW COLUMNS FROM `userenrol` [ RunTime:0.0005s ]
SQL: INSERT INTO `userenrol` (`nickname`,`tel`,`act`,`aid`,`clubname`,`date`) VALUES ('Rocker','11111111111','探险月球','1','摩登会——特斯拉车友俱乐部(厦门)','2020-12-25 09:01:45') [ RunTime:0.0053s ]
SQL: SELECT COUNT(*) AS tp_count FROM `userenrol` LIMIT 1   [ RunTime:0.0002s ]
INFO: [ app_end ] --START--
INFO: Run Behavior\ShowPageTraceBehavior [ RunTime:0.000410s ]
INFO: [ app_end ] --END-- [ RunTime:0.000440s ]

[ 2020-12-25T09:06:02+08:00 ] 101.45.254.177 /activity/Index/getList
INFO: [ app_init ] --START--
INFO: Run Behavior\BuildLiteBehavior [ RunTime:0.000009s ]
INFO: [ app_init ] --END-- [ RunTime:0.000212s ]
INFO: [ app_begin ] --START--
INFO: Run Behavior\ReadHtmlCacheBehavior [ RunTime:0.000299s ]
INFO: [ app_begin ] --END-- [ RunTime:0.000325s ]
SQL: SHOW COLUMNS FROM `activity` [ RunTime:0.0006s ]
SQL: SELECT * FROM `activity`  [ RunTime:0.0002s ]
INFO: [ app_end ] --START--
INFO: Run Behavior\ShowPageTraceBehavior [ RunTime:0.000354s ]
INFO: [ app_end ] --END-- [ RunTime:0.000379s ]

[ 2020-12-25T14:44:44+08:00 ] 211.161.246.71 /activity/Index/getList
INFO: [ app_init ] --START--
INFO: Run Behavior\BuildLiteBehavior [ RunTime:0.000010s ]
INFO: [ app_init ] --END-- [ RunTime:0.000238s ]
INFO: [ app_begin ] --START--
INFO: Run Behavior\ReadHtmlCacheBehavior [ RunTime:0.000317s ]
INFO: [ app_begin ] --END-- [ RunTime:0.000348s ]
SQL: SHOW COLUMNS FROM `activity` [ RunTime:0.0006s ]
SQL: SELECT * FROM `activity`  [ RunTime:0.0002s ]
INFO: [ app_end ] --START--
INFO: Run Behavior\ShowPageTraceBehavior [ RunTime:0.000408s ]
INFO: [ app_end ] --END-- [ RunTime:0.000438s ]

[ 2020-12-25T14:50:57+08:00 ] 211.161.246.71 /activity/Index/login?nickname=%E8%90%8D%E6%B0%B4%E7%9B%B8%E9%80%A2&tel=11111111111
INFO: [ app_init ] --START--
INFO: Run Behavior\BuildLiteBehavior [ RunTime:0.000010s ]
INFO: [ app_init ] --END-- [ RunTime:0.000243s ]
INFO: [ app_begin ] --START--
INFO: Run Behavior\ReadHtmlCacheBehavior [ RunTime:0.000301s ]
INFO: [ app_begin ] --END-- [ RunTime:0.000329s ]
SQL: SHOW COLUMNS FROM `users` [ RunTime:0.0007s ]
SQL: SELECT COUNT(*) AS tp_count FROM `users` WHERE ( nickname="萍水相逢" ) LIMIT 1   [ RunTime:0.0002s ]
SQL: SELECT `clubname`,`tel` FROM `users` WHERE ( nickname="萍水相逢" and tel="11111111111" )  [ RunTime:0.0002s ]
INFO: [ app_end ] --START--
INFO: Run Behavior\ShowPageTraceBehavior [ RunTime:0.000339s ]
INFO: [ app_end ] --END-- [ RunTime:0.000373s ]

[ 2020-12-25T14:51:00+08:00 ] 211.161.246.71 /activity/Index/getList
INFO: [ app_init ] --START--
INFO: Run Behavior\BuildLiteBehavior [ RunTime:0.000009s ]
INFO: [ app_init ] --END-- [ RunTime:0.000237s ]
INFO: [ app_begin ] --START--
INFO: Run Behavior\ReadHtmlCacheBehavior [ RunTime:0.000324s ]
INFO: [ app_begin ] --END-- [ RunTime:0.000349s ]
SQL: SHOW COLUMNS FROM `activity` [ RunTime:0.0005s ]
SQL: SELECT * FROM `activity`  [ RunTime:0.0003s ]
INFO: [ app_end ] --START--
INFO: Run Behavior\ShowPageTraceBehavior [ RunTime:0.000378s ]
INFO: [ app_end ] --END-- [ RunTime:0.000409s ]

[ 2020-12-25T14:54:28+08:00 ] 211.161.246.71 /activity/Index/login?nickname=%E8%90%8D%E6%B0%B4%E7%9B%B8%E9%80%A2&tel=11111111111
INFO: [ app_init ] --START--
INFO: Run Behavior\BuildLiteBehavior [ RunTime:0.000010s ]
INFO: [ app_init ] --END-- [ RunTime:0.000221s ]
INFO: [ app_begin ] --START--
INFO: Run Behavior\ReadHtmlCacheBehavior [ RunTime:0.000431s ]
INFO: [ app_begin ] --END-- [ RunTime:0.000472s ]
SQL: SHOW COLUMNS FROM `users` [ RunTime:0.0006s ]
SQL: SELECT COUNT(*) AS tp_count FROM `users` WHERE ( nickname="萍水相逢" ) LIMIT 1   [ RunTime:0.0002s ]
SQL: SELECT `clubname`,`tel` FROM `users` WHERE ( nickname="萍水相逢" and tel="11111111111" )  [ RunTime:0.0002s ]
INFO: [ app_end ] --START--
INFO: Run Behavior\ShowPageTraceBehavior [ RunTime:0.000354s ]
INFO: [ app_end ] --END-- [ RunTime:0.000379s ]

[ 2020-12-25T14:54:30+08:00 ] 211.161.246.71 /activity/Index/getList
INFO: [ app_init ] --START--
INFO: Run Behavior\BuildLiteBehavior [ RunTime:0.000011s ]
INFO: [ app_init ] --END-- [ RunTime:0.000221s ]
INFO: [ app_begin ] --START--
INFO: Run Behavior\ReadHtmlCacheBehavior [ RunTime:0.000336s ]
INFO: [ app_begin ] --END-- [ RunTime:0.000380s ]
SQL: SHOW COLUMNS FROM `activity` [ RunTime:0.0005s ]
SQL: SELECT * FROM `activity`  [ RunTime:0.0002s ]
INFO: [ app_end ] --START--
INFO: Run Behavior\ShowPageTraceBehavior [ RunTime:0.000334s ]
INFO: [ app_end ] --END-- [ RunTime:0.000359s ]

[ 2020-12-25T14:55:34+08:00 ] 211.161.246.71 /activity/Index/getActivity?aid=1&nickname=%E8%90%8D%E6%B0%B4%E7%9B%B8%E9%80%A2
INFO: [ app_init ] --START--
INFO: Run Behavior\BuildLiteBehavior [ RunTime:0.000009s ]
INFO: [ app_init ] --END-- [ RunTime:0.000219s ]
INFO: [ app_begin ] --START--
INFO: Run Behavior\ReadHtmlCacheBehavior [ RunTime:0.000304s ]
INFO: [ app_begin ] --END-- [ RunTime:0.000329s ]
SQL: SHOW COLUMNS FROM `activity` [ RunTime:0.0005s ]
SQL: SELECT * FROM `activity` WHERE ( aid="1" )  [ RunTime:0.0002s ]
SQL: SHOW COLUMNS FROM `enroll` [ RunTime:0.0005s ]
SQL: SELECT `club` FROM `enroll` WHERE ( 1=1 AND aid='1' )  [ RunTime:0.0002s ]
SQL: SHOW COLUMNS FROM `userenrol` [ RunTime:0.0004s ]
SQL: SELECT COUNT(*) AS tp_count FROM `userenrol` WHERE ( aid=1 ) LIMIT 1   [ RunTime:0.0001s ]
SQL: SELECT COUNT(*) AS tp_count FROM `userenrol` WHERE ( nickname="萍水相逢" and aid=1 ) LIMIT 1   [ RunTime:0.0001s ]
INFO: [ app_end ] --START--
INFO: Run Behavior\ShowPageTraceBehavior [ RunTime:0.000364s ]
INFO: [ app_end ] --END-- [ RunTime:0.000389s ]

[ 2020-12-25T14:56:48+08:00 ] 211.161.246.71 /activity/Index/login?nickname=%E8%90%8D%E6%B0%B4%E7%9B%B8%E9%80%A2&tel=11111111111
INFO: [ app_init ] --START--
INFO: Run Behavior\BuildLiteBehavior [ RunTime:0.000010s ]
INFO: [ app_init ] --END-- [ RunTime:0.000222s ]
INFO: [ app_begin ] --START--
INFO: Run Behavior\ReadHtmlCacheBehavior [ RunTime:0.000317s ]
INFO: [ app_begin ] --END-- [ RunTime:0.000344s ]
SQL: SHOW COLUMNS FROM `users` [ RunTime:0.0005s ]
SQL: SELECT COUNT(*) AS tp_count FROM `users` WHERE ( nickname="萍水相逢" ) LIMIT 1   [ RunTime:0.0002s ]
SQL: SELECT `clubname`,`tel` FROM `users` WHERE ( nickname="萍水相逢" and tel="11111111111" )  [ RunTime:0.0001s ]
INFO: [ app_end ] --START--
INFO: Run Behavior\ShowPageTraceBehavior [ RunTime:0.000375s ]
INFO: [ app_end ] --END-- [ RunTime:0.000400s ]

[ 2020-12-25T14:56:50+08:00 ] 211.161.246.71 /activity/Index/getList
INFO: [ app_init ] --START--
INFO: Run Behavior\BuildLiteBehavior [ RunTime:0.000011s ]
INFO: [ app_init ] --END-- [ RunTime:0.000228s ]
INFO: [ app_begin ] --START--
INFO: Run Behavior\ReadHtmlCacheBehavior [ RunTime:0.000298s ]
INFO: [ app_begin ] --END-- [ RunTime:0.000322s ]
SQL: SHOW COLUMNS FROM `activity` [ RunTime:0.0005s ]
SQL: SELECT * FROM `activity`  [ RunTime:0.0002s ]
INFO: [ app_end ] --START--
INFO: Run Behavior\ShowPageTraceBehavior [ RunTime:0.000358s ]
INFO: [ app_end ] --END-- [ RunTime:0.000384s ]

[ 2020-12-25T14:56:52+08:00 ] 211.161.246.71 /activity/Index/getActivity?aid=1&nickname=%E8%90%8D%E6%B0%B4%E7%9B%B8%E9%80%A2
INFO: [ app_init ] --START--
INFO: Run Behavior\BuildLiteBehavior [ RunTime:0.000015s ]
INFO: [ app_init ] --END-- [ RunTime:0.000303s ]
INFO: [ app_begin ] --START--
INFO: Run Behavior\ReadHtmlCacheBehavior [ RunTime:0.000333s ]
INFO: [ app_begin ] --END-- [ RunTime:0.000361s ]
SQL: SHOW COLUMNS FROM `activity` [ RunTime:0.0005s ]
SQL: SELECT * FROM `activity` WHERE ( aid="1" )  [ RunTime:0.0002s ]
SQL: SHOW COLUMNS FROM `enroll` [ RunTime:0.0005s ]
SQL: SELECT `club` FROM `enroll` WHERE ( 1=1 AND aid='1' )  [ RunTime:0.0002s ]
SQL: SHOW COLUMNS FROM `userenrol` [ RunTime:0.0003s ]
SQL: SELECT COUNT(*) AS tp_count FROM `userenrol` WHERE ( aid=1 ) LIMIT 1   [ RunTime:0.0001s ]
SQL: SELECT COUNT(*) AS tp_count FROM `userenrol` WHERE ( nickname="萍水相逢" and aid=1 ) LIMIT 1   [ RunTime:0.0001s ]
INFO: [ app_end ] --START--
INFO: Run Behavior\ShowPageTraceBehavior [ RunTime:0.000409s ]
INFO: [ app_end ] --END-- [ RunTime:0.000435s ]

