[ 2020-12-28T15:06:41+08:00 ] 220.196.50.228 /activity/Index/login?nickname=%E8%90%8D%E6%B0%B4%E7%9B%B8%E9%80%A2&tel=11111111111
INFO: [ app_init ] --START--
INFO: Run Behavior\BuildLiteBehavior [ RunTime:0.000011s ]
INFO: [ app_init ] --END-- [ RunTime:0.000262s ]
INFO: [ app_begin ] --START--
INFO: Run Behavior\ReadHtmlCacheBehavior [ RunTime:0.000368s ]
INFO: [ app_begin ] --END-- [ RunTime:0.000398s ]
SQL: SHOW COLUMNS FROM `users` [ RunTime:0.0005s ]
SQL: SELECT COUNT(*) AS tp_count FROM `users` WHERE ( nickname="萍水相逢" ) LIMIT 1   [ RunTime:0.0003s ]
SQL: SELECT `clubname`,`tel` FROM `users` WHERE ( nickname="萍水相逢" and tel="11111111111" )  [ RunTime:0.0002s ]
INFO: [ app_end ] --START--
INFO: Run Behavior\ShowPageTraceBehavior [ RunTime:0.000364s ]
INFO: [ app_end ] --END-- [ RunTime:0.000400s ]

[ 2020-12-28T15:06:42+08:00 ] 220.196.50.228 /activity/Index/getList
INFO: [ app_init ] --START--
INFO: Run Behavior\BuildLiteBehavior [ RunTime:0.000013s ]
INFO: [ app_init ] --END-- [ RunTime:0.000251s ]
INFO: [ app_begin ] --START--
INFO: Run Behavior\ReadHtmlCacheBehavior [ RunTime:0.000292s ]
INFO: [ app_begin ] --END-- [ RunTime:0.000316s ]
SQL: SHOW COLUMNS FROM `activity` [ RunTime:0.0006s ]
SQL: SELECT * FROM `activity`  [ RunTime:0.0002s ]
INFO: [ app_end ] --START--
INFO: Run Behavior\ShowPageTraceBehavior [ RunTime:0.000374s ]
INFO: [ app_end ] --END-- [ RunTime:0.000402s ]

[ 2020-12-28T15:06:44+08:00 ] 220.196.50.228 /activity/Index/getActivity?aid=1&nickname=%E8%90%8D%E6%B0%B4%E7%9B%B8%E9%80%A2
INFO: [ app_init ] --START--
INFO: Run Behavior\BuildLiteBehavior [ RunTime:0.000010s ]
INFO: [ app_init ] --END-- [ RunTime:0.000225s ]
INFO: [ app_begin ] --START--
INFO: Run Behavior\ReadHtmlCacheBehavior [ RunTime:0.000297s ]
INFO: [ app_begin ] --END-- [ RunTime:0.000323s ]
SQL: SHOW COLUMNS FROM `activity` [ RunTime:0.0005s ]
SQL: SELECT * FROM `activity` WHERE ( aid="1" )  [ RunTime:0.0002s ]
SQL: SHOW COLUMNS FROM `enroll` [ RunTime:0.0005s ]
SQL: SELECT `club` FROM `enroll` WHERE ( 1=1 AND aid='1' )  [ RunTime:0.0002s ]
SQL: SHOW COLUMNS FROM `userenrol` [ RunTime:0.0004s ]
SQL: SELECT COUNT(*) AS tp_count FROM `userenrol` WHERE ( aid=1 ) LIMIT 1   [ RunTime:0.0002s ]
SQL: SELECT COUNT(*) AS tp_count FROM `userenrol` WHERE ( nickname="萍水相逢" and aid=1 ) LIMIT 1   [ RunTime:0.0001s ]
INFO: [ app_end ] --START--
INFO: Run Behavior\ShowPageTraceBehavior [ RunTime:0.000416s ]
INFO: [ app_end ] --END-- [ RunTime:0.000442s ]

[ 2020-12-28T16:03:20+08:00 ] 220.196.50.228 /activity/Index/login?nickname=%E8%90%8D%E6%B0%B4%E7%9B%B8%E9%80%A2&tel=11111111111
INFO: [ app_init ] --START--
INFO: Run Behavior\BuildLiteBehavior [ RunTime:0.000012s ]
INFO: [ app_init ] --END-- [ RunTime:0.000230s ]
INFO: [ app_begin ] --START--
INFO: Run Behavior\ReadHtmlCacheBehavior [ RunTime:0.000302s ]
INFO: [ app_begin ] --END-- [ RunTime:0.000329s ]
SQL: SHOW COLUMNS FROM `users` [ RunTime:0.0006s ]
SQL: SELECT COUNT(*) AS tp_count FROM `users` WHERE ( nickname="萍水相逢" ) LIMIT 1   [ RunTime:0.0002s ]
SQL: SELECT `clubname`,`tel` FROM `users` WHERE ( nickname="萍水相逢" and tel="11111111111" )  [ RunTime:0.0002s ]
INFO: [ app_end ] --START--
INFO: Run Behavior\ShowPageTraceBehavior [ RunTime:0.000369s ]
INFO: [ app_end ] --END-- [ RunTime:0.000396s ]

[ 2020-12-28T16:03:23+08:00 ] 220.196.50.228 /activity/Index/getList
INFO: [ app_init ] --START--
INFO: Run Behavior\BuildLiteBehavior [ RunTime:0.000009s ]
INFO: [ app_init ] --END-- [ RunTime:0.000248s ]
INFO: [ app_begin ] --START--
INFO: Run Behavior\ReadHtmlCacheBehavior [ RunTime:0.000290s ]
INFO: [ app_begin ] --END-- [ RunTime:0.000324s ]
SQL: SHOW COLUMNS FROM `activity` [ RunTime:0.0006s ]
SQL: SELECT * FROM `activity`  [ RunTime:0.0002s ]
INFO: [ app_end ] --START--
INFO: Run Behavior\ShowPageTraceBehavior [ RunTime:0.000372s ]
INFO: [ app_end ] --END-- [ RunTime:0.000399s ]

