[ 2021-02-01T09:17:38+08:00 ] 211.161.246.21 /activity/Index/login?nickname=%E8%90%8D%E6%B0%B4%E7%9B%B8%E9%80%A2&tel=11111111111
INFO: [ app_init ] --START--
INFO: Run Behavior\BuildLiteBehavior [ RunTime:0.000012s ]
INFO: [ app_init ] --END-- [ RunTime:0.000227s ]
INFO: [ app_begin ] --START--
INFO: Run Behavior\ReadHtmlCacheBehavior [ RunTime:0.000296s ]
INFO: [ app_begin ] --END-- [ RunTime:0.000322s ]
SQL: SHOW COLUMNS FROM `users` [ RunTime:0.0004s ]
SQL: SELECT COUNT(*) AS tp_count FROM `users` WHERE ( nickname="萍水相逢" ) LIMIT 1   [ RunTime:0.0001s ]
SQL: SELECT `clubname`,`tel` FROM `users` WHERE ( nickname="萍水相逢" and tel="11111111111" )  [ RunTime:0.0002s ]
INFO: [ app_end ] --START--
INFO: Run Behavior\ShowPageTraceBehavior [ RunTime:0.000334s ]
INFO: [ app_end ] --END-- [ RunTime:0.000357s ]

[ 2021-02-01T09:17:39+08:00 ] 211.161.246.21 /activity/Index/getList
INFO: [ app_init ] --START--
INFO: Run Behavior\BuildLiteBehavior [ RunTime:0.000010s ]
INFO: [ app_init ] --END-- [ RunTime:0.000222s ]
INFO: [ app_begin ] --START--
INFO: Run Behavior\ReadHtmlCacheBehavior [ RunTime:0.000293s ]
INFO: [ app_begin ] --END-- [ RunTime:0.000319s ]
SQL: SHOW COLUMNS FROM `activity` [ RunTime:0.0004s ]
SQL: SELECT * FROM `activity`  [ RunTime:0.0001s ]
INFO: [ app_end ] --START--
INFO: Run Behavior\ShowPageTraceBehavior [ RunTime:0.000342s ]
INFO: [ app_end ] --END-- [ RunTime:0.000367s ]

[ 2021-02-01T09:17:40+08:00 ] 211.161.246.21 /activity/Index/getActivity?aid=1&nickname=%E8%90%8D%E6%B0%B4%E7%9B%B8%E9%80%A2
INFO: [ app_init ] --START--
INFO: Run Behavior\BuildLiteBehavior [ RunTime:0.000011s ]
INFO: [ app_init ] --END-- [ RunTime:0.000268s ]
INFO: [ app_begin ] --START--
INFO: Run Behavior\ReadHtmlCacheBehavior [ RunTime:0.000298s ]
INFO: [ app_begin ] --END-- [ RunTime:0.000340s ]
SQL: SHOW COLUMNS FROM `activity` [ RunTime:0.0005s ]
SQL: SELECT * FROM `activity` WHERE ( aid="1" )  [ RunTime:0.0001s ]
SQL: SHOW COLUMNS FROM `enroll` [ RunTime:0.0004s ]
SQL: SELECT `club` FROM `enroll` WHERE ( 1=1 AND aid='1' )  [ RunTime:0.0001s ]
SQL: SHOW COLUMNS FROM `userenrol` [ RunTime:0.0004s ]
SQL: SELECT COUNT(*) AS tp_count FROM `userenrol` WHERE ( aid=1 ) LIMIT 1   [ RunTime:0.0001s ]
SQL: SELECT COUNT(*) AS tp_count FROM `userenrol` WHERE ( nickname="萍水相逢" and aid=1 ) LIMIT 1   [ RunTime:0.0001s ]
INFO: [ app_end ] --START--
INFO: Run Behavior\ShowPageTraceBehavior [ RunTime:0.000357s ]
INFO: [ app_end ] --END-- [ RunTime:0.000386s ]

[ 2021-02-01T10:54:01+08:00 ] 110.87.116.186 /activity/Index/login?nickname=%F0%9F%8C%8E%20%E9%AB%98%E6%80%9D%E7%A7%91%E8%92%99%20%7C%20%E9%AB%98%E9%9B%A8%E6%99%B4%20%F0%9F%8C%8F&tel=13817631546
INFO: [ app_init ] --START--
INFO: Run Behavior\BuildLiteBehavior [ RunTime:0.000009s ]
INFO: [ app_init ] --END-- [ RunTime:0.000227s ]
INFO: [ app_begin ] --START--
INFO: Run Behavior\ReadHtmlCacheBehavior [ RunTime:0.000321s ]
INFO: [ app_begin ] --END-- [ RunTime:0.000348s ]
SQL: SHOW COLUMNS FROM `users` [ RunTime:0.0015s ]
SQL: SELECT COUNT(*) AS tp_count FROM `users` WHERE ( nickname="🌎 高思科蒙 | 高雨晴 🌏" ) LIMIT 1   [ RunTime:0.0002s ]
INFO: [ app_end ] --START--
INFO: Run Behavior\ShowPageTraceBehavior [ RunTime:0.000342s ]
INFO: [ app_end ] --END-- [ RunTime:0.000366s ]

[ 2021-02-01T10:54:01+08:00 ] 110.87.116.186 /activity/Index/login?nickname=%F0%9F%8C%8E%20%E9%AB%98%E6%80%9D%E7%A7%91%E8%92%99%20%7C%20%E9%AB%98%E9%9B%A8%E6%99%B4%20%F0%9F%8C%8F&tel=13817631546
INFO: [ app_init ] --START--
INFO: Run Behavior\BuildLiteBehavior [ RunTime:0.000010s ]
INFO: [ app_init ] --END-- [ RunTime:0.000279s ]
INFO: [ app_begin ] --START--
INFO: Run Behavior\ReadHtmlCacheBehavior [ RunTime:0.000399s ]
INFO: [ app_begin ] --END-- [ RunTime:0.000431s ]
SQL: SHOW COLUMNS FROM `users` [ RunTime:0.0004s ]
SQL: SELECT COUNT(*) AS tp_count FROM `users` WHERE ( nickname="🌎 高思科蒙 | 高雨晴 🌏" ) LIMIT 1   [ RunTime:0.0001s ]
INFO: [ app_end ] --START--
INFO: Run Behavior\ShowPageTraceBehavior [ RunTime:0.000391s ]
INFO: [ app_end ] --END-- [ RunTime:0.000419s ]

[ 2021-02-01T10:54:02+08:00 ] 110.87.116.186 /activity/Index/login?nickname=%F0%9F%8C%8E%20%E9%AB%98%E6%80%9D%E7%A7%91%E8%92%99%20%7C%20%E9%AB%98%E9%9B%A8%E6%99%B4%20%F0%9F%8C%8F&tel=13817631546
INFO: [ app_init ] --START--
INFO: Run Behavior\BuildLiteBehavior [ RunTime:0.000010s ]
INFO: [ app_init ] --END-- [ RunTime:0.000224s ]
INFO: [ app_begin ] --START--
INFO: Run Behavior\ReadHtmlCacheBehavior [ RunTime:0.000309s ]
INFO: [ app_begin ] --END-- [ RunTime:0.000334s ]
SQL: SHOW COLUMNS FROM `users` [ RunTime:0.0005s ]
SQL: SELECT COUNT(*) AS tp_count FROM `users` WHERE ( nickname="🌎 高思科蒙 | 高雨晴 🌏" ) LIMIT 1   [ RunTime:0.0001s ]
INFO: [ app_end ] --START--
INFO: Run Behavior\ShowPageTraceBehavior [ RunTime:0.000367s ]
INFO: [ app_end ] --END-- [ RunTime:0.000393s ]

[ 2021-02-01T10:54:05+08:00 ] 110.87.116.186 /activity/Index/getClub
INFO: [ app_init ] --START--
INFO: Run Behavior\BuildLiteBehavior [ RunTime:0.000011s ]
INFO: [ app_init ] --END-- [ RunTime:0.000270s ]
INFO: [ app_begin ] --START--
INFO: Run Behavior\ReadHtmlCacheBehavior [ RunTime:0.000354s ]
INFO: [ app_begin ] --END-- [ RunTime:0.000384s ]
SQL: select loc,name from club order by CONVERT(loc USING gbk) [ RunTime:0.0002s ]
INFO: [ app_end ] --START--
INFO: Run Behavior\ShowPageTraceBehavior [ RunTime:0.000426s ]
INFO: [ app_end ] --END-- [ RunTime:0.000458s ]

[ 2021-02-01T10:54:05+08:00 ] 110.87.116.186 /activity/Index/getType
INFO: [ app_init ] --START--
INFO: Run Behavior\BuildLiteBehavior [ RunTime:0.000015s ]
INFO: [ app_init ] --END-- [ RunTime:0.000340s ]
INFO: [ app_begin ] --START--
INFO: Run Behavior\ReadHtmlCacheBehavior [ RunTime:0.000478s ]
INFO: [ app_begin ] --END-- [ RunTime:0.000522s ]
SQL: SHOW COLUMNS FROM `type` [ RunTime:0.0006s ]
SQL: SELECT `name` FROM `type`  [ RunTime:0.0001s ]
INFO: [ app_end ] --START--
INFO: Run Behavior\ShowPageTraceBehavior [ RunTime:0.000374s ]
INFO: [ app_end ] --END-- [ RunTime:0.000401s ]

[ 2021-02-01T10:54:06+08:00 ] 110.87.116.186 /activity/Index/queryUser?nickname=%F0%9F%8C%8E%20%E9%AB%98%E6%80%9D%E7%A7%91%E8%92%99%20%7C%20%E9%AB%98%E9%9B%A8%E6%99%B4%20%F0%9F%8C%8F
INFO: [ app_init ] --START--
INFO: Run Behavior\BuildLiteBehavior [ RunTime:0.000011s ]
INFO: [ app_init ] --END-- [ RunTime:0.000238s ]
INFO: [ app_begin ] --START--
INFO: Run Behavior\ReadHtmlCacheBehavior [ RunTime:0.000325s ]
INFO: [ app_begin ] --END-- [ RunTime:0.000357s ]
SQL: SHOW COLUMNS FROM `users` [ RunTime:0.0004s ]
SQL: SELECT COUNT(*) AS tp_count FROM `users` WHERE ( nickname="🌎 高思科蒙 | 高雨晴 🌏" ) LIMIT 1   [ RunTime:0.0001s ]
INFO: [ app_end ] --START--
INFO: Run Behavior\ShowPageTraceBehavior [ RunTime:0.000355s ]
INFO: [ app_end ] --END-- [ RunTime:0.000382s ]

[ 2021-02-01T10:55:14+08:00 ] 110.87.116.186 /activity/Index/setUser?nickname=%F0%9F%8C%8E%20%E9%AB%98%E6%80%9D%E7%A7%91%E8%92%99%20%7C%20%E9%AB%98%E9%9B%A8%E6%99%B4%20%F0%9F%8C%8F&gender=%E5%A5%B3&birth=1996%E5%B9%B47%E6%9C%8820%E6%97%A5&tel=13817631546&profession=%E6%95%99%E8%82%B2&type=Model%20X&carnumber=%E9%97%BDDD58765&clubname=%E7%89%B9%E6%96%AF%E6%8B%89%E5%8E%A6%E9%97%A8%E8%BD%A6%E5%8F%8B%E4%BF%B1%E4%B9%90%E9%83%A8
INFO: [ app_init ] --START--
INFO: Run Behavior\BuildLiteBehavior [ RunTime:0.000012s ]
INFO: [ app_init ] --END-- [ RunTime:0.000243s ]
INFO: [ app_begin ] --START--
INFO: Run Behavior\ReadHtmlCacheBehavior [ RunTime:0.000333s ]
INFO: [ app_begin ] --END-- [ RunTime:0.000360s ]
SQL: SHOW COLUMNS FROM `users` [ RunTime:0.0004s ]
SQL: INSERT INTO `users` (`nickname`,`gender`,`birth`,`tel`,`profession`,`type`,`carnumber`,`clubname`) VALUES ('🌎 高思科蒙 | 高雨晴 🌏','女','1996年7月20日','13817631546','教育','Model X','闽DD58765','特斯拉厦门车友俱乐部') [ RunTime:0.0100s ]
INFO: [ app_end ] --START--
INFO: Run Behavior\ShowPageTraceBehavior [ RunTime:0.000440s ]
INFO: [ app_end ] --END-- [ RunTime:0.000471s ]

[ 2021-02-01T10:55:21+08:00 ] 110.87.116.186 /activity/Index/login?nickname=%F0%9F%8C%8E%20%E9%AB%98%E6%80%9D%E7%A7%91%E8%92%99%20%7C%20%E9%AB%98%E9%9B%A8%E6%99%B4%20%F0%9F%8C%8F&tel=13817631546
INFO: [ app_init ] --START--
INFO: Run Behavior\BuildLiteBehavior [ RunTime:0.000010s ]
INFO: [ app_init ] --END-- [ RunTime:0.000225s ]
INFO: [ app_begin ] --START--
INFO: Run Behavior\ReadHtmlCacheBehavior [ RunTime:0.000289s ]
INFO: [ app_begin ] --END-- [ RunTime:0.000314s ]
SQL: SHOW COLUMNS FROM `users` [ RunTime:0.0005s ]
SQL: SELECT COUNT(*) AS tp_count FROM `users` WHERE ( nickname="🌎 高思科蒙 | 高雨晴 🌏" ) LIMIT 1   [ RunTime:0.0002s ]
SQL: SELECT `clubname`,`tel` FROM `users` WHERE ( nickname="🌎 高思科蒙 | 高雨晴 🌏" and tel="13817631546" )  [ RunTime:0.0001s ]
INFO: [ app_end ] --START--
INFO: Run Behavior\ShowPageTraceBehavior [ RunTime:0.000360s ]
INFO: [ app_end ] --END-- [ RunTime:0.000384s ]

[ 2021-02-01T10:55:21+08:00 ] 110.87.116.186 /activity/Index/getList
INFO: [ app_init ] --START--
INFO: Run Behavior\BuildLiteBehavior [ RunTime:0.000009s ]
INFO: [ app_init ] --END-- [ RunTime:0.000219s ]
INFO: [ app_begin ] --START--
INFO: Run Behavior\ReadHtmlCacheBehavior [ RunTime:0.000321s ]
INFO: [ app_begin ] --END-- [ RunTime:0.000346s ]
SQL: SHOW COLUMNS FROM `activity` [ RunTime:0.0004s ]
SQL: SELECT * FROM `activity`  [ RunTime:0.0001s ]
INFO: [ app_end ] --START--
INFO: Run Behavior\ShowPageTraceBehavior [ RunTime:0.000384s ]
INFO: [ app_end ] --END-- [ RunTime:0.000412s ]

[ 2021-02-01T10:55:23+08:00 ] 110.87.116.186 /activity/Index/getType
INFO: [ app_init ] --START--
INFO: Run Behavior\BuildLiteBehavior [ RunTime:0.000012s ]
INFO: [ app_init ] --END-- [ RunTime:0.000278s ]
INFO: [ app_begin ] --START--
INFO: Run Behavior\ReadHtmlCacheBehavior [ RunTime:0.000400s ]
INFO: [ app_begin ] --END-- [ RunTime:0.000435s ]
SQL: SHOW COLUMNS FROM `type` [ RunTime:0.0014s ]
SQL: SELECT `name` FROM `type`  [ RunTime:0.0001s ]
INFO: [ app_end ] --START--
INFO: Run Behavior\ShowPageTraceBehavior [ RunTime:0.000458s ]
INFO: [ app_end ] --END-- [ RunTime:0.000500s ]

[ 2021-02-01T10:55:23+08:00 ] 110.87.116.186 /activity/Index/queryUserInfo?nickname=%F0%9F%8C%8E%20%E9%AB%98%E6%80%9D%E7%A7%91%E8%92%99%20%7C%20%E9%AB%98%E9%9B%A8%E6%99%B4%20%F0%9F%8C%8F
INFO: [ app_init ] --START--
INFO: Run Behavior\BuildLiteBehavior [ RunTime:0.000011s ]
INFO: [ app_init ] --END-- [ RunTime:0.000273s ]
INFO: [ app_begin ] --START--
INFO: Run Behavior\ReadHtmlCacheBehavior [ RunTime:0.000378s ]
INFO: [ app_begin ] --END-- [ RunTime:0.000413s ]
SQL: SHOW COLUMNS FROM `users` [ RunTime:0.0032s ]
SQL: SELECT * FROM `users` WHERE ( nickname="🌎 高思科蒙 | 高雨晴 🌏" )  [ RunTime:0.0003s ]
INFO: [ app_end ] --START--
INFO: Run Behavior\ShowPageTraceBehavior [ RunTime:0.000405s ]
INFO: [ app_end ] --END-- [ RunTime:0.000438s ]

[ 2021-02-01T10:55:23+08:00 ] 110.87.116.186 /activity/Index/getClub
INFO: [ app_init ] --START--
INFO: Run Behavior\BuildLiteBehavior [ RunTime:0.000011s ]
INFO: [ app_init ] --END-- [ RunTime:0.000277s ]
INFO: [ app_begin ] --START--
INFO: Run Behavior\ReadHtmlCacheBehavior [ RunTime:0.000366s ]
INFO: [ app_begin ] --END-- [ RunTime:0.000396s ]
SQL: select loc,name from club order by CONVERT(loc USING gbk) [ RunTime:0.0001s ]
INFO: [ app_end ] --START--
INFO: Run Behavior\ShowPageTraceBehavior [ RunTime:0.000382s ]
INFO: [ app_end ] --END-- [ RunTime:0.000410s ]

[ 2021-02-01T14:39:56+08:00 ] 101.45.243.254 /activity/Index/getType
INFO: [ app_init ] --START--
INFO: Run Behavior\BuildLiteBehavior [ RunTime:0.000008s ]
INFO: [ app_init ] --END-- [ RunTime:0.000240s ]
INFO: [ app_begin ] --START--
INFO: Run Behavior\ReadHtmlCacheBehavior [ RunTime:0.000305s ]
INFO: [ app_begin ] --END-- [ RunTime:0.000329s ]
SQL: SHOW COLUMNS FROM `type` [ RunTime:0.0015s ]
SQL: SELECT `name` FROM `type`  [ RunTime:0.0001s ]
INFO: [ app_end ] --START--
INFO: Run Behavior\ShowPageTraceBehavior [ RunTime:0.000347s ]
INFO: [ app_end ] --END-- [ RunTime:0.000387s ]

[ 2021-02-01T14:39:56+08:00 ] 101.45.243.254 /activity/Index/getClub
INFO: [ app_init ] --START--
INFO: Run Behavior\BuildLiteBehavior [ RunTime:0.000008s ]
INFO: [ app_init ] --END-- [ RunTime:0.000210s ]
INFO: [ app_begin ] --START--
INFO: Run Behavior\ReadHtmlCacheBehavior [ RunTime:0.000296s ]
INFO: [ app_begin ] --END-- [ RunTime:0.000322s ]
SQL: select loc,name from club order by CONVERT(loc USING gbk) [ RunTime:0.0001s ]
INFO: [ app_end ] --START--
INFO: Run Behavior\ShowPageTraceBehavior [ RunTime:0.000334s ]
INFO: [ app_end ] --END-- [ RunTime:0.000361s ]

[ 2021-02-01T14:43:41+08:00 ] 101.45.243.254 /activity/Index/login?nickname=%E8%90%8D%E6%B0%B4%E7%9B%B8%E9%80%A2&tel=11111111111
INFO: [ app_init ] --START--
INFO: Run Behavior\BuildLiteBehavior [ RunTime:0.000010s ]
INFO: [ app_init ] --END-- [ RunTime:0.000216s ]
INFO: [ app_begin ] --START--
INFO: Run Behavior\ReadHtmlCacheBehavior [ RunTime:0.000306s ]
INFO: [ app_begin ] --END-- [ RunTime:0.000333s ]
SQL: SHOW COLUMNS FROM `users` [ RunTime:0.0004s ]
SQL: SELECT COUNT(*) AS tp_count FROM `users` WHERE ( nickname="萍水相逢" ) LIMIT 1   [ RunTime:0.0002s ]
SQL: SELECT `clubname`,`tel` FROM `users` WHERE ( nickname="萍水相逢" and tel="11111111111" )  [ RunTime:0.0002s ]
INFO: [ app_end ] --START--
INFO: Run Behavior\ShowPageTraceBehavior [ RunTime:0.000382s ]
INFO: [ app_end ] --END-- [ RunTime:0.000408s ]

[ 2021-02-01T14:43:42+08:00 ] 101.45.243.254 /activity/Index/getList
INFO: [ app_init ] --START--
INFO: Run Behavior\BuildLiteBehavior [ RunTime:0.000009s ]
INFO: [ app_init ] --END-- [ RunTime:0.000237s ]
INFO: [ app_begin ] --START--
INFO: Run Behavior\ReadHtmlCacheBehavior [ RunTime:0.000286s ]
INFO: [ app_begin ] --END-- [ RunTime:0.000309s ]
SQL: SHOW COLUMNS FROM `activity` [ RunTime:0.0010s ]
SQL: SELECT * FROM `activity`  [ RunTime:0.0001s ]
INFO: [ app_end ] --START--
INFO: Run Behavior\ShowPageTraceBehavior [ RunTime:0.000467s ]
INFO: [ app_end ] --END-- [ RunTime:0.000497s ]

[ 2021-02-01T14:44:43+08:00 ] 101.45.243.254 /activity/Index/login?nickname=%E8%90%8D%E6%B0%B4%E7%9B%B8%E9%80%A2&tel=11111111111
INFO: [ app_init ] --START--
INFO: Run Behavior\BuildLiteBehavior [ RunTime:0.000010s ]
INFO: [ app_init ] --END-- [ RunTime:0.000230s ]
INFO: [ app_begin ] --START--
INFO: Run Behavior\ReadHtmlCacheBehavior [ RunTime:0.000314s ]
INFO: [ app_begin ] --END-- [ RunTime:0.000340s ]
SQL: SHOW COLUMNS FROM `users` [ RunTime:0.0005s ]
SQL: SELECT COUNT(*) AS tp_count FROM `users` WHERE ( nickname="萍水相逢" ) LIMIT 1   [ RunTime:0.0001s ]
SQL: SELECT `clubname`,`tel` FROM `users` WHERE ( nickname="萍水相逢" and tel="11111111111" )  [ RunTime:0.0001s ]
INFO: [ app_end ] --START--
INFO: Run Behavior\ShowPageTraceBehavior [ RunTime:0.000371s ]
INFO: [ app_end ] --END-- [ RunTime:0.000398s ]

[ 2021-02-01T14:44:43+08:00 ] 101.45.243.254 /activity/Index/getList
INFO: [ app_init ] --START--
INFO: Run Behavior\BuildLiteBehavior [ RunTime:0.000010s ]
INFO: [ app_init ] --END-- [ RunTime:0.000219s ]
INFO: [ app_begin ] --START--
INFO: Run Behavior\ReadHtmlCacheBehavior [ RunTime:0.000319s ]
INFO: [ app_begin ] --END-- [ RunTime:0.000365s ]
SQL: SHOW COLUMNS FROM `activity` [ RunTime:0.0004s ]
SQL: SELECT * FROM `activity`  [ RunTime:0.0001s ]
INFO: [ app_end ] --START--
INFO: Run Behavior\ShowPageTraceBehavior [ RunTime:0.000337s ]
INFO: [ app_end ] --END-- [ RunTime:0.000374s ]

[ 2021-02-01T14:44:53+08:00 ] 101.45.243.254 /activity/Index/getActivity?aid=1&nickname=%E8%90%8D%E6%B0%B4%E7%9B%B8%E9%80%A2
INFO: [ app_init ] --START--
INFO: Run Behavior\BuildLiteBehavior [ RunTime:0.000010s ]
INFO: [ app_init ] --END-- [ RunTime:0.000220s ]
INFO: [ app_begin ] --START--
INFO: Run Behavior\ReadHtmlCacheBehavior [ RunTime:0.000303s ]
INFO: [ app_begin ] --END-- [ RunTime:0.000330s ]
SQL: SHOW COLUMNS FROM `activity` [ RunTime:0.0004s ]
SQL: SELECT * FROM `activity` WHERE ( aid="1" )  [ RunTime:0.0001s ]
SQL: SHOW COLUMNS FROM `enroll` [ RunTime:0.0004s ]
SQL: SELECT `club` FROM `enroll` WHERE ( 1=1 AND aid='1' )  [ RunTime:0.0001s ]
SQL: SHOW COLUMNS FROM `userenrol` [ RunTime:0.0003s ]
SQL: SELECT COUNT(*) AS tp_count FROM `userenrol` WHERE ( aid=1 ) LIMIT 1   [ RunTime:0.0001s ]
SQL: SELECT COUNT(*) AS tp_count FROM `userenrol` WHERE ( nickname="萍水相逢" and aid=1 ) LIMIT 1   [ RunTime:0.0001s ]
INFO: [ app_end ] --START--
INFO: Run Behavior\ShowPageTraceBehavior [ RunTime:0.000354s ]
INFO: [ app_end ] --END-- [ RunTime:0.000378s ]

[ 2021-02-01T14:45:09+08:00 ] 101.45.243.254 /activity/Index/getType
INFO: [ app_init ] --START--
INFO: Run Behavior\BuildLiteBehavior [ RunTime:0.000010s ]
INFO: [ app_init ] --END-- [ RunTime:0.000245s ]
INFO: [ app_begin ] --START--
INFO: Run Behavior\ReadHtmlCacheBehavior [ RunTime:0.000314s ]
INFO: [ app_begin ] --END-- [ RunTime:0.000340s ]
SQL: SHOW COLUMNS FROM `type` [ RunTime:0.0004s ]
SQL: SELECT `name` FROM `type`  [ RunTime:0.0001s ]
INFO: [ app_end ] --START--
INFO: Run Behavior\ShowPageTraceBehavior [ RunTime:0.000344s ]
INFO: [ app_end ] --END-- [ RunTime:0.000369s ]

[ 2021-02-01T14:45:09+08:00 ] 101.45.243.254 /activity/Index/getClub
INFO: [ app_init ] --START--
INFO: Run Behavior\BuildLiteBehavior [ RunTime:0.000011s ]
INFO: [ app_init ] --END-- [ RunTime:0.000317s ]
INFO: [ app_begin ] --START--
INFO: Run Behavior\ReadHtmlCacheBehavior [ RunTime:0.000332s ]
INFO: [ app_begin ] --END-- [ RunTime:0.000370s ]
SQL: select loc,name from club order by CONVERT(loc USING gbk) [ RunTime:0.0001s ]
INFO: [ app_end ] --START--
INFO: Run Behavior\ShowPageTraceBehavior [ RunTime:0.000354s ]
INFO: [ app_end ] --END-- [ RunTime:0.000382s ]

[ 2021-02-01T14:45:09+08:00 ] 101.45.243.254 /activity/Index/queryUserInfo?nickname=%E8%90%8D%E6%B0%B4%E7%9B%B8%E9%80%A2
INFO: [ app_init ] --START--
INFO: Run Behavior\BuildLiteBehavior [ RunTime:0.000010s ]
INFO: [ app_init ] --END-- [ RunTime:0.000232s ]
INFO: [ app_begin ] --START--
INFO: Run Behavior\ReadHtmlCacheBehavior [ RunTime:0.000343s ]
INFO: [ app_begin ] --END-- [ RunTime:0.000371s ]
SQL: SHOW COLUMNS FROM `users` [ RunTime:0.0004s ]
SQL: SELECT * FROM `users` WHERE ( nickname="萍水相逢" )  [ RunTime:0.0003s ]
INFO: [ app_end ] --START--
INFO: Run Behavior\ShowPageTraceBehavior [ RunTime:0.000370s ]
INFO: [ app_end ] --END-- [ RunTime:0.000396s ]

[ 2021-02-01T14:45:24+08:00 ] 101.45.243.254 /activity/Index/modifyUser?nickname=%E8%90%8D%E6%B0%B4%E7%9B%B8%E9%80%A2&gender=%E5%A5%B3&birth=2009%E5%B9%B41%E6%9C%881%E6%97%A5&tel=11111111111&profession=%E6%95%99%E5%B8%88&type=Model%20X&carnumber=1345666&clubname=%E7%89%B9%E6%96%AF%E6%8B%89%E5%8E%A6%E9%97%A8%E8%BD%A6%E5%8F%8B%E4%BF%B1%E4%B9%90%E9%83%A8
INFO: [ app_init ] --START--
INFO: Run Behavior\BuildLiteBehavior [ RunTime:0.000010s ]
INFO: [ app_init ] --END-- [ RunTime:0.000239s ]
INFO: [ app_begin ] --START--
INFO: Run Behavior\ReadHtmlCacheBehavior [ RunTime:0.000329s ]
INFO: [ app_begin ] --END-- [ RunTime:0.000357s ]
SQL: SHOW COLUMNS FROM `users` [ RunTime:0.0004s ]
SQL: UPDATE `users` SET `gender`='女',`birth`='2009年1月1日',`tel`='11111111111',`profession`='教师',`type`='Model X',`carnumber`='1345666',`clubname`='特斯拉厦门车友俱乐部' WHERE ( nickname="萍水相逢" ) [ RunTime:0.0073s ]
INFO: [ app_end ] --START--
INFO: Run Behavior\ShowPageTraceBehavior [ RunTime:0.000398s ]
INFO: [ app_end ] --END-- [ RunTime:0.000426s ]

[ 2021-02-01T14:45:29+08:00 ] 101.45.243.254 /activity/Index/getActivity?aid=1&nickname=%E8%90%8D%E6%B0%B4%E7%9B%B8%E9%80%A2
INFO: [ app_init ] --START--
INFO: Run Behavior\BuildLiteBehavior [ RunTime:0.000009s ]
INFO: [ app_init ] --END-- [ RunTime:0.000216s ]
INFO: [ app_begin ] --START--
INFO: Run Behavior\ReadHtmlCacheBehavior [ RunTime:0.000294s ]
INFO: [ app_begin ] --END-- [ RunTime:0.000321s ]
SQL: SHOW COLUMNS FROM `activity` [ RunTime:0.0004s ]
SQL: SELECT * FROM `activity` WHERE ( aid="1" )  [ RunTime:0.0001s ]
SQL: SHOW COLUMNS FROM `enroll` [ RunTime:0.0004s ]
SQL: SELECT `club` FROM `enroll` WHERE ( 1=1 AND aid='1' )  [ RunTime:0.0001s ]
SQL: SHOW COLUMNS FROM `userenrol` [ RunTime:0.0003s ]
SQL: SELECT COUNT(*) AS tp_count FROM `userenrol` WHERE ( aid=1 ) LIMIT 1   [ RunTime:0.0001s ]
SQL: SELECT COUNT(*) AS tp_count FROM `userenrol` WHERE ( nickname="萍水相逢" and aid=1 ) LIMIT 1   [ RunTime:0.0001s ]
INFO: [ app_end ] --START--
INFO: Run Behavior\ShowPageTraceBehavior [ RunTime:0.000384s ]
INFO: [ app_end ] --END-- [ RunTime:0.000410s ]

[ 2021-02-01T14:51:12+08:00 ] 101.45.243.254 /activity/Index/getActivity?aid=1&nickname=%E8%90%8D%E6%B0%B4%E7%9B%B8%E9%80%A2
INFO: [ app_init ] --START--
INFO: Run Behavior\BuildLiteBehavior [ RunTime:0.000009s ]
INFO: [ app_init ] --END-- [ RunTime:0.000211s ]
INFO: [ app_begin ] --START--
INFO: Run Behavior\ReadHtmlCacheBehavior [ RunTime:0.000289s ]
INFO: [ app_begin ] --END-- [ RunTime:0.000314s ]
SQL: SHOW COLUMNS FROM `activity` [ RunTime:0.0004s ]
SQL: SELECT * FROM `activity` WHERE ( aid="1" )  [ RunTime:0.0002s ]
SQL: SHOW COLUMNS FROM `enroll` [ RunTime:0.0004s ]
SQL: SELECT `club` FROM `enroll` WHERE ( 1=1 AND aid='1' )  [ RunTime:0.0002s ]
SQL: SHOW COLUMNS FROM `userenrol` [ RunTime:0.0003s ]
SQL: SELECT COUNT(*) AS tp_count FROM `userenrol` WHERE ( aid=1 ) LIMIT 1   [ RunTime:0.0001s ]
SQL: SELECT COUNT(*) AS tp_count FROM `userenrol` WHERE ( nickname="萍水相逢" and aid=1 ) LIMIT 1   [ RunTime:0.0001s ]
INFO: [ app_end ] --START--
INFO: Run Behavior\ShowPageTraceBehavior [ RunTime:0.000358s ]
INFO: [ app_end ] --END-- [ RunTime:0.000384s ]

[ 2021-02-01T14:53:28+08:00 ] 101.45.243.254 /activity/Index/getType
INFO: [ app_init ] --START--
INFO: Run Behavior\BuildLiteBehavior [ RunTime:0.000009s ]
INFO: [ app_init ] --END-- [ RunTime:0.000220s ]
INFO: [ app_begin ] --START--
INFO: Run Behavior\ReadHtmlCacheBehavior [ RunTime:0.000301s ]
INFO: [ app_begin ] --END-- [ RunTime:0.000328s ]
SQL: SHOW COLUMNS FROM `type` [ RunTime:0.0015s ]
SQL: SELECT `name` FROM `type`  [ RunTime:0.0001s ]
INFO: [ app_end ] --START--
INFO: Run Behavior\ShowPageTraceBehavior [ RunTime:0.000359s ]
INFO: [ app_end ] --END-- [ RunTime:0.000384s ]

[ 2021-02-01T14:53:28+08:00 ] 101.45.243.254 /activity/Index/getClub
INFO: [ app_init ] --START--
INFO: Run Behavior\BuildLiteBehavior [ RunTime:0.000011s ]
INFO: [ app_init ] --END-- [ RunTime:0.000291s ]
INFO: [ app_begin ] --START--
INFO: Run Behavior\ReadHtmlCacheBehavior [ RunTime:0.000397s ]
INFO: [ app_begin ] --END-- [ RunTime:0.000431s ]
SQL: select loc,name from club order by CONVERT(loc USING gbk) [ RunTime:0.0002s ]
INFO: [ app_end ] --START--
INFO: Run Behavior\ShowPageTraceBehavior [ RunTime:0.000427s ]
INFO: [ app_end ] --END-- [ RunTime:0.000458s ]

[ 2021-02-01T14:54:18+08:00 ] 101.45.243.254 /activity/Index/queryUser?nickname=%E9%B1%BC%E5%84%BF%E6%B8%B8
INFO: [ app_init ] --START--
INFO: Run Behavior\BuildLiteBehavior [ RunTime:0.000013s ]
INFO: [ app_init ] --END-- [ RunTime:0.000327s ]
INFO: [ app_begin ] --START--
INFO: Run Behavior\ReadHtmlCacheBehavior [ RunTime:0.000451s ]
INFO: [ app_begin ] --END-- [ RunTime:0.000487s ]
SQL: SHOW COLUMNS FROM `users` [ RunTime:0.0006s ]
SQL: SELECT COUNT(*) AS tp_count FROM `users` WHERE ( nickname="鱼儿游" ) LIMIT 1   [ RunTime:0.0002s ]
INFO: [ app_end ] --START--
INFO: Run Behavior\ShowPageTraceBehavior [ RunTime:0.000495s ]
INFO: [ app_end ] --END-- [ RunTime:0.000530s ]

[ 2021-02-01T14:54:51+08:00 ] 101.45.243.254 /activity/Index/login?nickname=%E8%90%8D%E6%B0%B4%E7%9B%B8%E9%80%A2&tel=11111111111
INFO: [ app_init ] --START--
INFO: Run Behavior\BuildLiteBehavior [ RunTime:0.000013s ]
INFO: [ app_init ] --END-- [ RunTime:0.000276s ]
INFO: [ app_begin ] --START--
INFO: Run Behavior\ReadHtmlCacheBehavior [ RunTime:0.000453s ]
INFO: [ app_begin ] --END-- [ RunTime:0.000491s ]
SQL: SHOW COLUMNS FROM `users` [ RunTime:0.0004s ]
SQL: SELECT COUNT(*) AS tp_count FROM `users` WHERE ( nickname="萍水相逢" ) LIMIT 1   [ RunTime:0.0002s ]
SQL: SELECT `clubname`,`tel` FROM `users` WHERE ( nickname="萍水相逢" and tel="11111111111" )  [ RunTime:0.0002s ]
INFO: [ app_end ] --START--
INFO: Run Behavior\ShowPageTraceBehavior [ RunTime:0.000337s ]
INFO: [ app_end ] --END-- [ RunTime:0.000361s ]

[ 2021-02-01T14:54:51+08:00 ] 101.45.243.254 /activity/Index/getList
INFO: [ app_init ] --START--
INFO: Run Behavior\BuildLiteBehavior [ RunTime:0.000009s ]
INFO: [ app_init ] --END-- [ RunTime:0.000220s ]
INFO: [ app_begin ] --START--
INFO: Run Behavior\ReadHtmlCacheBehavior [ RunTime:0.000290s ]
INFO: [ app_begin ] --END-- [ RunTime:0.000315s ]
SQL: SHOW COLUMNS FROM `activity` [ RunTime:0.0005s ]
SQL: SELECT * FROM `activity`  [ RunTime:0.0002s ]
INFO: [ app_end ] --START--
INFO: Run Behavior\ShowPageTraceBehavior [ RunTime:0.000352s ]
INFO: [ app_end ] --END-- [ RunTime:0.000377s ]

[ 2021-02-01T14:54:53+08:00 ] 101.45.243.254 /activity/Index/getActivity?aid=1&nickname=%E8%90%8D%E6%B0%B4%E7%9B%B8%E9%80%A2
INFO: [ app_init ] --START--
INFO: Run Behavior\BuildLiteBehavior [ RunTime:0.000010s ]
INFO: [ app_init ] --END-- [ RunTime:0.000221s ]
INFO: [ app_begin ] --START--
INFO: Run Behavior\ReadHtmlCacheBehavior [ RunTime:0.000310s ]
INFO: [ app_begin ] --END-- [ RunTime:0.000335s ]
SQL: SHOW COLUMNS FROM `activity` [ RunTime:0.0005s ]
SQL: SELECT * FROM `activity` WHERE ( aid="1" )  [ RunTime:0.0005s ]
SQL: SHOW COLUMNS FROM `enroll` [ RunTime:0.0004s ]
SQL: SELECT `club` FROM `enroll` WHERE ( 1=1 AND aid='1' )  [ RunTime:0.0002s ]
SQL: SHOW COLUMNS FROM `userenrol` [ RunTime:0.0003s ]
SQL: SELECT COUNT(*) AS tp_count FROM `userenrol` WHERE ( aid=1 ) LIMIT 1   [ RunTime:0.0001s ]
SQL: SELECT COUNT(*) AS tp_count FROM `userenrol` WHERE ( nickname="萍水相逢" and aid=1 ) LIMIT 1   [ RunTime:0.0001s ]
INFO: [ app_end ] --START--
INFO: Run Behavior\ShowPageTraceBehavior [ RunTime:0.000375s ]
INFO: [ app_end ] --END-- [ RunTime:0.000410s ]

[ 2021-02-01T15:07:53+08:00 ] 101.45.243.254 /activity/Index/getType
INFO: [ app_init ] --START--
INFO: Run Behavior\BuildLiteBehavior [ RunTime:0.000010s ]
INFO: [ app_init ] --END-- [ RunTime:0.000247s ]
INFO: [ app_begin ] --START--
INFO: Run Behavior\ReadHtmlCacheBehavior [ RunTime:0.000299s ]
INFO: [ app_begin ] --END-- [ RunTime:0.000322s ]
SQL: SHOW COLUMNS FROM `type` [ RunTime:0.0015s ]
SQL: SELECT `name` FROM `type`  [ RunTime:0.0001s ]
INFO: [ app_end ] --START--
INFO: Run Behavior\ShowPageTraceBehavior [ RunTime:0.000336s ]
INFO: [ app_end ] --END-- [ RunTime:0.000361s ]

[ 2021-02-01T15:07:53+08:00 ] 101.45.243.254 /activity/Index/getClub
INFO: [ app_init ] --START--
INFO: Run Behavior\BuildLiteBehavior [ RunTime:0.000010s ]
INFO: [ app_init ] --END-- [ RunTime:0.000252s ]
INFO: [ app_begin ] --START--
INFO: Run Behavior\ReadHtmlCacheBehavior [ RunTime:0.000375s ]
INFO: [ app_begin ] --END-- [ RunTime:0.000405s ]
SQL: select loc,name from club order by CONVERT(loc USING gbk) [ RunTime:0.0002s ]
INFO: [ app_end ] --START--
INFO: Run Behavior\ShowPageTraceBehavior [ RunTime:0.000369s ]
INFO: [ app_end ] --END-- [ RunTime:0.000399s ]

[ 2021-02-01T15:07:55+08:00 ] 101.45.243.254 /activity/Index/queryUser?nickname=%E9%B1%BC%E5%84%BF%E6%B8%B8
INFO: [ app_init ] --START--
INFO: Run Behavior\BuildLiteBehavior [ RunTime:0.000009s ]
INFO: [ app_init ] --END-- [ RunTime:0.000217s ]
INFO: [ app_begin ] --START--
INFO: Run Behavior\ReadHtmlCacheBehavior [ RunTime:0.000289s ]
INFO: [ app_begin ] --END-- [ RunTime:0.000314s ]
SQL: SHOW COLUMNS FROM `users` [ RunTime:0.0004s ]
SQL: SELECT COUNT(*) AS tp_count FROM `users` WHERE ( nickname="鱼儿游" ) LIMIT 1   [ RunTime:0.0001s ]
INFO: [ app_end ] --START--
INFO: Run Behavior\ShowPageTraceBehavior [ RunTime:0.000352s ]
INFO: [ app_end ] --END-- [ RunTime:0.000376s ]

[ 2021-02-01T15:08:17+08:00 ] 101.45.243.254 /activity/Index/setUser?nickname=%E9%B1%BC%E5%84%BF%E6%B8%B8&gender=%E7%94%B7&birth=&tel=11111111111&profession=&type=&carnumber=&clubname=%E7%89%B9%E6%96%AF%E6%8B%89%E5%8E%A6%E9%97%A8%E8%BD%A6%E5%8F%8B%E4%BF%B1%E4%B9%90%E9%83%A8
INFO: [ app_init ] --START--
INFO: Run Behavior\BuildLiteBehavior [ RunTime:0.000010s ]
INFO: [ app_init ] --END-- [ RunTime:0.000252s ]
INFO: [ app_begin ] --START--
INFO: Run Behavior\ReadHtmlCacheBehavior [ RunTime:0.000347s ]
INFO: [ app_begin ] --END-- [ RunTime:0.000380s ]
SQL: SHOW COLUMNS FROM `users` [ RunTime:0.0005s ]
SQL: INSERT INTO `users` (`nickname`,`gender`,`birth`,`tel`,`profession`,`type`,`carnumber`,`clubname`) VALUES ('鱼儿游','男','','11111111111','','','','特斯拉厦门车友俱乐部') [ RunTime:0.0095s ]
INFO: [ app_end ] --START--
INFO: Run Behavior\ShowPageTraceBehavior [ RunTime:0.000655s ]
INFO: [ app_end ] --END-- [ RunTime:0.000708s ]

[ 2021-02-01T15:08:30+08:00 ] 101.45.243.254 /activity/Index/login?nickname=%E9%B1%BC%E5%84%BF%E6%B8%B8&tel=11111111111
INFO: [ app_init ] --START--
INFO: Run Behavior\BuildLiteBehavior [ RunTime:0.000010s ]
INFO: [ app_init ] --END-- [ RunTime:0.000240s ]
INFO: [ app_begin ] --START--
INFO: Run Behavior\ReadHtmlCacheBehavior [ RunTime:0.000286s ]
INFO: [ app_begin ] --END-- [ RunTime:0.000310s ]
SQL: SHOW COLUMNS FROM `users` [ RunTime:0.0005s ]
SQL: SELECT COUNT(*) AS tp_count FROM `users` WHERE ( nickname="鱼儿游" ) LIMIT 1   [ RunTime:0.0002s ]
SQL: SELECT `clubname`,`tel` FROM `users` WHERE ( nickname="鱼儿游" and tel="11111111111" )  [ RunTime:0.0003s ]
INFO: [ app_end ] --START--
INFO: Run Behavior\ShowPageTraceBehavior [ RunTime:0.000357s ]
INFO: [ app_end ] --END-- [ RunTime:0.000382s ]

[ 2021-02-01T15:08:30+08:00 ] 101.45.243.254 /activity/Index/getList
INFO: [ app_init ] --START--
INFO: Run Behavior\BuildLiteBehavior [ RunTime:0.000011s ]
INFO: [ app_init ] --END-- [ RunTime:0.000254s ]
INFO: [ app_begin ] --START--
INFO: Run Behavior\ReadHtmlCacheBehavior [ RunTime:0.000344s ]
INFO: [ app_begin ] --END-- [ RunTime:0.000374s ]
SQL: SHOW COLUMNS FROM `activity` [ RunTime:0.0005s ]
SQL: SELECT * FROM `activity`  [ RunTime:0.0001s ]
INFO: [ app_end ] --START--
INFO: Run Behavior\ShowPageTraceBehavior [ RunTime:0.000387s ]
INFO: [ app_end ] --END-- [ RunTime:0.000416s ]

[ 2021-02-01T15:08:44+08:00 ] 101.45.243.254 /activity/Index/getActivity?aid=1&nickname=%E9%B1%BC%E5%84%BF%E6%B8%B8
INFO: [ app_init ] --START--
INFO: Run Behavior\BuildLiteBehavior [ RunTime:0.000010s ]
INFO: [ app_init ] --END-- [ RunTime:0.000218s ]
INFO: [ app_begin ] --START--
INFO: Run Behavior\ReadHtmlCacheBehavior [ RunTime:0.000291s ]
INFO: [ app_begin ] --END-- [ RunTime:0.000318s ]
SQL: SHOW COLUMNS FROM `activity` [ RunTime:0.0004s ]
SQL: SELECT * FROM `activity` WHERE ( aid="1" )  [ RunTime:0.0001s ]
SQL: SHOW COLUMNS FROM `enroll` [ RunTime:0.0004s ]
SQL: SELECT `club` FROM `enroll` WHERE ( 1=1 AND aid='1' )  [ RunTime:0.0001s ]
SQL: SHOW COLUMNS FROM `userenrol` [ RunTime:0.0003s ]
SQL: SELECT COUNT(*) AS tp_count FROM `userenrol` WHERE ( aid=1 ) LIMIT 1   [ RunTime:0.0001s ]
SQL: SELECT COUNT(*) AS tp_count FROM `userenrol` WHERE ( nickname="鱼儿游" and aid=1 ) LIMIT 1   [ RunTime:0.0002s ]
INFO: [ app_end ] --START--
INFO: Run Behavior\ShowPageTraceBehavior [ RunTime:0.000337s ]
INFO: [ app_end ] --END-- [ RunTime:0.000382s ]

[ 2021-02-01T16:04:59+08:00 ] 101.45.243.254 /activity/Index/getType
INFO: [ app_init ] --START--
INFO: Run Behavior\BuildLiteBehavior [ RunTime:0.000009s ]
INFO: [ app_init ] --END-- [ RunTime:0.000230s ]
INFO: [ app_begin ] --START--
INFO: Run Behavior\ReadHtmlCacheBehavior [ RunTime:0.000334s ]
INFO: [ app_begin ] --END-- [ RunTime:0.000359s ]
SQL: SHOW COLUMNS FROM `type` [ RunTime:0.0014s ]
SQL: SELECT `name` FROM `type`  [ RunTime:0.0001s ]
INFO: [ app_end ] --START--
INFO: Run Behavior\ShowPageTraceBehavior [ RunTime:0.000353s ]
INFO: [ app_end ] --END-- [ RunTime:0.000379s ]

[ 2021-02-01T16:04:59+08:00 ] 101.45.243.254 /activity/Index/getClub
INFO: [ app_init ] --START--
INFO: Run Behavior\BuildLiteBehavior [ RunTime:0.000009s ]
INFO: [ app_init ] --END-- [ RunTime:0.000224s ]
INFO: [ app_begin ] --START--
INFO: Run Behavior\ReadHtmlCacheBehavior [ RunTime:0.000347s ]
INFO: [ app_begin ] --END-- [ RunTime:0.000373s ]
SQL: select loc,name from club order by CONVERT(loc USING gbk) [ RunTime:0.0001s ]
INFO: [ app_end ] --START--
INFO: Run Behavior\ShowPageTraceBehavior [ RunTime:0.000336s ]
INFO: [ app_end ] --END-- [ RunTime:0.000362s ]

[ 2021-02-01T16:10:47+08:00 ] 101.45.243.254 /activity/Index/getClub
INFO: [ app_init ] --START--
INFO: Run Behavior\BuildLiteBehavior [ RunTime:0.000008s ]
INFO: [ app_init ] --END-- [ RunTime:0.000215s ]
INFO: [ app_begin ] --START--
INFO: Run Behavior\ReadHtmlCacheBehavior [ RunTime:0.000308s ]
INFO: [ app_begin ] --END-- [ RunTime:0.000337s ]
SQL: select loc,name from club order by CONVERT(loc USING gbk) [ RunTime:0.0001s ]
INFO: [ app_end ] --START--
INFO: Run Behavior\ShowPageTraceBehavior [ RunTime:0.000355s ]
INFO: [ app_end ] --END-- [ RunTime:0.000382s ]

[ 2021-02-01T16:10:47+08:00 ] 101.45.243.254 /activity/Index/getType
INFO: [ app_init ] --START--
INFO: Run Behavior\BuildLiteBehavior [ RunTime:0.000011s ]
INFO: [ app_init ] --END-- [ RunTime:0.000243s ]
INFO: [ app_begin ] --START--
INFO: Run Behavior\ReadHtmlCacheBehavior [ RunTime:0.000333s ]
INFO: [ app_begin ] --END-- [ RunTime:0.000359s ]
SQL: SHOW COLUMNS FROM `type` [ RunTime:0.0024s ]
SQL: SELECT `name` FROM `type`  [ RunTime:0.0002s ]
INFO: [ app_end ] --START--
INFO: Run Behavior\ShowPageTraceBehavior [ RunTime:0.000378s ]
INFO: [ app_end ] --END-- [ RunTime:0.000406s ]

[ 2021-02-01T16:10:49+08:00 ] 101.45.243.254 /activity/Index/queryUser?nickname=%E8%90%8D%E6%B0%B4%E7%9B%B8%E9%80%A2
INFO: [ app_init ] --START--
INFO: Run Behavior\BuildLiteBehavior [ RunTime:0.000011s ]
INFO: [ app_init ] --END-- [ RunTime:0.000255s ]
INFO: [ app_begin ] --START--
INFO: Run Behavior\ReadHtmlCacheBehavior [ RunTime:0.000288s ]
INFO: [ app_begin ] --END-- [ RunTime:0.000313s ]
SQL: SHOW COLUMNS FROM `users` [ RunTime:0.0005s ]
SQL: SELECT COUNT(*) AS tp_count FROM `users` WHERE ( nickname="萍水相逢" ) LIMIT 1   [ RunTime:0.0002s ]
INFO: [ app_end ] --START--
INFO: Run Behavior\ShowPageTraceBehavior [ RunTime:0.000355s ]
INFO: [ app_end ] --END-- [ RunTime:0.000380s ]

[ 2021-02-01T16:10:58+08:00 ] 101.45.243.254 /activity/Index/login?nickname=%E8%90%8D%E6%B0%B4%E7%9B%B8%E9%80%A2&tel=11111111111
INFO: [ app_init ] --START--
INFO: Run Behavior\BuildLiteBehavior [ RunTime:0.000010s ]
INFO: [ app_init ] --END-- [ RunTime:0.000220s ]
INFO: [ app_begin ] --START--
INFO: Run Behavior\ReadHtmlCacheBehavior [ RunTime:0.000309s ]
INFO: [ app_begin ] --END-- [ RunTime:0.000340s ]
SQL: SHOW COLUMNS FROM `users` [ RunTime:0.0004s ]
SQL: SELECT COUNT(*) AS tp_count FROM `users` WHERE ( nickname="萍水相逢" ) LIMIT 1   [ RunTime:0.0001s ]
SQL: SELECT `clubname`,`tel` FROM `users` WHERE ( nickname="萍水相逢" and tel="11111111111" )  [ RunTime:0.0002s ]
INFO: [ app_end ] --START--
INFO: Run Behavior\ShowPageTraceBehavior [ RunTime:0.000357s ]
INFO: [ app_end ] --END-- [ RunTime:0.000383s ]

[ 2021-02-01T16:10:58+08:00 ] 101.45.243.254 /activity/Index/getList
INFO: [ app_init ] --START--
INFO: Run Behavior\BuildLiteBehavior [ RunTime:0.000014s ]
INFO: [ app_init ] --END-- [ RunTime:0.000334s ]
INFO: [ app_begin ] --START--
INFO: Run Behavior\ReadHtmlCacheBehavior [ RunTime:0.000452s ]
INFO: [ app_begin ] --END-- [ RunTime:0.000493s ]
SQL: SHOW COLUMNS FROM `activity` [ RunTime:0.0005s ]
SQL: SELECT * FROM `activity`  [ RunTime:0.0001s ]
INFO: [ app_end ] --START--
INFO: Run Behavior\ShowPageTraceBehavior [ RunTime:0.000332s ]
INFO: [ app_end ] --END-- [ RunTime:0.000357s ]

[ 2021-02-01T16:11:00+08:00 ] 101.45.243.254 /activity/Index/getActivity?aid=1&nickname=%E8%90%8D%E6%B0%B4%E7%9B%B8%E9%80%A2
INFO: [ app_init ] --START--
INFO: Run Behavior\BuildLiteBehavior [ RunTime:0.000009s ]
INFO: [ app_init ] --END-- [ RunTime:0.000213s ]
INFO: [ app_begin ] --START--
INFO: Run Behavior\ReadHtmlCacheBehavior [ RunTime:0.000298s ]
INFO: [ app_begin ] --END-- [ RunTime:0.000328s ]
SQL: SHOW COLUMNS FROM `activity` [ RunTime:0.0004s ]
SQL: SELECT * FROM `activity` WHERE ( aid="1" )  [ RunTime:0.0001s ]
SQL: SHOW COLUMNS FROM `enroll` [ RunTime:0.0005s ]
SQL: SELECT `club` FROM `enroll` WHERE ( 1=1 AND aid='1' )  [ RunTime:0.0001s ]
SQL: SHOW COLUMNS FROM `userenrol` [ RunTime:0.0003s ]
SQL: SELECT COUNT(*) AS tp_count FROM `userenrol` WHERE ( aid=1 ) LIMIT 1   [ RunTime:0.0001s ]
SQL: SELECT COUNT(*) AS tp_count FROM `userenrol` WHERE ( nickname="萍水相逢" and aid=1 ) LIMIT 1   [ RunTime:0.0001s ]
INFO: [ app_end ] --START--
INFO: Run Behavior\ShowPageTraceBehavior [ RunTime:0.000469s ]
INFO: [ app_end ] --END-- [ RunTime:0.000503s ]

[ 2021-02-01T16:11:36+08:00 ] 175.24.69.178 /activity/Index/getType
INFO: [ app_init ] --START--
INFO: Run Behavior\BuildLiteBehavior [ RunTime:0.000011s ]
INFO: [ app_init ] --END-- [ RunTime:0.000264s ]
INFO: [ app_begin ] --START--
INFO: Run Behavior\ReadHtmlCacheBehavior [ RunTime:0.000328s ]
INFO: [ app_begin ] --END-- [ RunTime:0.000356s ]
SQL: SHOW COLUMNS FROM `type` [ RunTime:0.0004s ]
SQL: SELECT `name` FROM `type`  [ RunTime:0.0001s ]
INFO: [ app_end ] --START--
INFO: Run Behavior\ShowPageTraceBehavior [ RunTime:0.000391s ]
INFO: [ app_end ] --END-- [ RunTime:0.000419s ]

[ 2021-02-01T16:11:36+08:00 ] 175.24.69.178 /activity/Index/getClub
INFO: [ app_init ] --START--
INFO: Run Behavior\BuildLiteBehavior [ RunTime:0.000013s ]
INFO: [ app_init ] --END-- [ RunTime:0.000336s ]
INFO: [ app_begin ] --START--
INFO: Run Behavior\ReadHtmlCacheBehavior [ RunTime:0.000461s ]
INFO: [ app_begin ] --END-- [ RunTime:0.000505s ]
SQL: select loc,name from club order by CONVERT(loc USING gbk) [ RunTime:0.0002s ]
INFO: [ app_end ] --START--
INFO: Run Behavior\ShowPageTraceBehavior [ RunTime:0.000706s ]
INFO: [ app_end ] --END-- [ RunTime:0.000750s ]

[ 2021-02-01T16:11:39+08:00 ] 175.24.69.178 /activity/Index/queryUser?nickname=
INFO: [ app_init ] --START--
INFO: Run Behavior\BuildLiteBehavior [ RunTime:0.000011s ]
INFO: [ app_init ] --END-- [ RunTime:0.000255s ]
INFO: [ app_begin ] --START--
INFO: Run Behavior\ReadHtmlCacheBehavior [ RunTime:0.002137s ]
INFO: [ app_begin ] --END-- [ RunTime:0.002178s ]
SQL: SHOW COLUMNS FROM `users` [ RunTime:0.0004s ]
SQL: SELECT COUNT(*) AS tp_count FROM `users` WHERE ( nickname="" ) LIMIT 1   [ RunTime:0.0003s ]
INFO: [ app_end ] --START--
INFO: Run Behavior\ShowPageTraceBehavior [ RunTime:0.000349s ]
INFO: [ app_end ] --END-- [ RunTime:0.000374s ]

[ 2021-02-01T16:11:43+08:00 ] 175.24.69.178 /activity/Index/getList
INFO: [ app_init ] --START--
INFO: Run Behavior\BuildLiteBehavior [ RunTime:0.000011s ]
INFO: [ app_init ] --END-- [ RunTime:0.000243s ]
INFO: [ app_begin ] --START--
INFO: Run Behavior\ReadHtmlCacheBehavior [ RunTime:0.000305s ]
INFO: [ app_begin ] --END-- [ RunTime:0.000332s ]
SQL: SHOW COLUMNS FROM `activity` [ RunTime:0.0005s ]
SQL: SELECT * FROM `activity`  [ RunTime:0.0001s ]
INFO: [ app_end ] --START--
INFO: Run Behavior\ShowPageTraceBehavior [ RunTime:0.000380s ]
INFO: [ app_end ] --END-- [ RunTime:0.000407s ]

[ 2021-02-01T16:11:48+08:00 ] 175.24.69.178 /activity/Index/getActivity?aid=1&nickname=10.11
INFO: [ app_init ] --START--
INFO: Run Behavior\BuildLiteBehavior [ RunTime:0.000010s ]
INFO: [ app_init ] --END-- [ RunTime:0.000214s ]
INFO: [ app_begin ] --START--
INFO: Run Behavior\ReadHtmlCacheBehavior [ RunTime:0.000300s ]
INFO: [ app_begin ] --END-- [ RunTime:0.000326s ]
SQL: SHOW COLUMNS FROM `activity` [ RunTime:0.0004s ]
SQL: SELECT * FROM `activity` WHERE ( aid="1" )  [ RunTime:0.0001s ]
SQL: SHOW COLUMNS FROM `enroll` [ RunTime:0.0004s ]
SQL: SELECT `club` FROM `enroll` WHERE ( 1=1 AND aid='1' )  [ RunTime:0.0001s ]
SQL: SHOW COLUMNS FROM `userenrol` [ RunTime:0.0002s ]
SQL: SELECT COUNT(*) AS tp_count FROM `userenrol` WHERE ( aid=1 ) LIMIT 1   [ RunTime:0.0001s ]
SQL: SELECT COUNT(*) AS tp_count FROM `userenrol` WHERE ( nickname="10.11" and aid=1 ) LIMIT 1   [ RunTime:0.0002s ]
INFO: [ app_end ] --START--
INFO: Run Behavior\ShowPageTraceBehavior [ RunTime:0.000353s ]
INFO: [ app_end ] --END-- [ RunTime:0.000376s ]

[ 2021-02-01T16:11:52+08:00 ] 175.24.69.178 /activity/Index/getType
INFO: [ app_init ] --START--
INFO: Run Behavior\BuildLiteBehavior [ RunTime:0.000012s ]
INFO: [ app_init ] --END-- [ RunTime:0.000277s ]
INFO: [ app_begin ] --START--
INFO: Run Behavior\ReadHtmlCacheBehavior [ RunTime:0.000455s ]
INFO: [ app_begin ] --END-- [ RunTime:0.000550s ]
SQL: SHOW COLUMNS FROM `type` [ RunTime:0.0015s ]
SQL: SELECT `name` FROM `type`  [ RunTime:0.0001s ]
INFO: [ app_end ] --START--
INFO: Run Behavior\ShowPageTraceBehavior [ RunTime:0.000385s ]
INFO: [ app_end ] --END-- [ RunTime:0.000413s ]

[ 2021-02-01T16:11:52+08:00 ] 175.24.69.178 /activity/Index/queryUserInfo?nickname=10.11
INFO: [ app_init ] --START--
INFO: Run Behavior\BuildLiteBehavior [ RunTime:0.000010s ]
INFO: [ app_init ] --END-- [ RunTime:0.000276s ]
INFO: [ app_begin ] --START--
INFO: Run Behavior\ReadHtmlCacheBehavior [ RunTime:0.000320s ]
INFO: [ app_begin ] --END-- [ RunTime:0.000349s ]
SQL: SHOW COLUMNS FROM `users` [ RunTime:0.0005s ]
SQL: SELECT * FROM `users` WHERE ( nickname="10.11" )  [ RunTime:0.0002s ]
INFO: [ app_end ] --START--
INFO: Run Behavior\ShowPageTraceBehavior [ RunTime:0.000368s ]
INFO: [ app_end ] --END-- [ RunTime:0.000393s ]

[ 2021-02-01T16:11:52+08:00 ] 175.24.69.178 /activity/Index/getClub
INFO: [ app_init ] --START--
INFO: Run Behavior\BuildLiteBehavior [ RunTime:0.000013s ]
INFO: [ app_init ] --END-- [ RunTime:0.000355s ]
INFO: [ app_begin ] --START--
INFO: Run Behavior\ReadHtmlCacheBehavior [ RunTime:0.000452s ]
INFO: [ app_begin ] --END-- [ RunTime:0.000510s ]
SQL: select loc,name from club order by CONVERT(loc USING gbk) [ RunTime:0.0002s ]
INFO: [ app_end ] --START--
INFO: Run Behavior\ShowPageTraceBehavior [ RunTime:0.000503s ]
INFO: [ app_end ] --END-- [ RunTime:0.000545s ]

[ 2021-02-01T16:12:00+08:00 ] 175.24.69.178 /activity/Index/getActivity?aid=undefined&nickname=10.11
INFO: [ app_init ] --START--
INFO: Run Behavior\BuildLiteBehavior [ RunTime:0.000020s ]
INFO: [ app_init ] --END-- [ RunTime:0.000257s ]
INFO: [ app_begin ] --START--
INFO: Run Behavior\ReadHtmlCacheBehavior [ RunTime:0.000323s ]
INFO: [ app_begin ] --END-- [ RunTime:0.000351s ]
SQL: SHOW COLUMNS FROM `activity` [ RunTime:0.0005s ]
SQL: SELECT * FROM `activity` WHERE ( aid="undefined" )  [ RunTime:0.0002s ]
SQL: SHOW COLUMNS FROM `userenrol` [ RunTime:0.0003s ]
ERR: 1054:Unknown column 'undefined' in 'where clause'
 [ SQL语句 ] : SELECT COUNT(*) AS tp_count FROM `userenrol` WHERE ( aid=undefined ) LIMIT 1  
ERR: 1054:Unknown column 'undefined' in 'where clause'
 [ SQL语句 ] : SELECT COUNT(*) AS tp_count FROM `userenrol` WHERE ( aid=undefined ) LIMIT 1  

[ 2021-02-01T17:14:13+08:00 ] 101.45.243.254 /activity/Index/getClub
INFO: [ app_init ] --START--
INFO: Run Behavior\BuildLiteBehavior [ RunTime:0.000012s ]
INFO: [ app_init ] --END-- [ RunTime:0.000248s ]
INFO: [ app_begin ] --START--
INFO: Run Behavior\ReadHtmlCacheBehavior [ RunTime:0.000313s ]
INFO: [ app_begin ] --END-- [ RunTime:0.000342s ]
SQL: select loc,name from club order by CONVERT(loc USING gbk) [ RunTime:0.0002s ]
INFO: [ app_end ] --START--
INFO: Run Behavior\ShowPageTraceBehavior [ RunTime:0.000403s ]
INFO: [ app_end ] --END-- [ RunTime:0.000433s ]

[ 2021-02-01T17:14:13+08:00 ] 101.45.243.254 /activity/Index/getType
INFO: [ app_init ] --START--
INFO: Run Behavior\BuildLiteBehavior [ RunTime:0.000009s ]
INFO: [ app_init ] --END-- [ RunTime:0.000224s ]
INFO: [ app_begin ] --START--
INFO: Run Behavior\ReadHtmlCacheBehavior [ RunTime:0.000304s ]
INFO: [ app_begin ] --END-- [ RunTime:0.000330s ]
SQL: SHOW COLUMNS FROM `type` [ RunTime:0.0017s ]
SQL: SELECT `name` FROM `type`  [ RunTime:0.0001s ]
INFO: [ app_end ] --START--
INFO: Run Behavior\ShowPageTraceBehavior [ RunTime:0.000355s ]
INFO: [ app_end ] --END-- [ RunTime:0.000381s ]

[ 2021-02-01T17:14:15+08:00 ] 101.45.243.254 /activity/Index/queryUser?nickname=%E8%90%8D%E6%B0%B4%E7%9B%B8%E9%80%A2
INFO: [ app_init ] --START--
INFO: Run Behavior\BuildLiteBehavior [ RunTime:0.000010s ]
INFO: [ app_init ] --END-- [ RunTime:0.000258s ]
INFO: [ app_begin ] --START--
INFO: Run Behavior\ReadHtmlCacheBehavior [ RunTime:0.000324s ]
INFO: [ app_begin ] --END-- [ RunTime:0.000350s ]
SQL: SHOW COLUMNS FROM `users` [ RunTime:0.0004s ]
SQL: SELECT COUNT(*) AS tp_count FROM `users` WHERE ( nickname="萍水相逢" ) LIMIT 1   [ RunTime:0.0001s ]
INFO: [ app_end ] --START--
INFO: Run Behavior\ShowPageTraceBehavior [ RunTime:0.000384s ]
INFO: [ app_end ] --END-- [ RunTime:0.000410s ]

[ 2021-02-01T18:10:49+08:00 ] 117.136.120.172 /activity/Index/getType
INFO: [ app_init ] --START--
INFO: Run Behavior\BuildLiteBehavior [ RunTime:0.000011s ]
INFO: [ app_init ] --END-- [ RunTime:0.000273s ]
INFO: [ app_begin ] --START--
INFO: Run Behavior\ReadHtmlCacheBehavior [ RunTime:0.000354s ]
INFO: [ app_begin ] --END-- [ RunTime:0.000383s ]
SQL: SHOW COLUMNS FROM `type` [ RunTime:0.0005s ]
SQL: SELECT `name` FROM `type`  [ RunTime:0.0001s ]
INFO: [ app_end ] --START--
INFO: Run Behavior\ShowPageTraceBehavior [ RunTime:0.000398s ]
INFO: [ app_end ] --END-- [ RunTime:0.000426s ]

[ 2021-02-01T18:10:49+08:00 ] 117.136.120.172 /activity/Index/getClub
INFO: [ app_init ] --START--
INFO: Run Behavior\BuildLiteBehavior [ RunTime:0.000010s ]
INFO: [ app_init ] --END-- [ RunTime:0.000282s ]
INFO: [ app_begin ] --START--
INFO: Run Behavior\ReadHtmlCacheBehavior [ RunTime:0.000353s ]
INFO: [ app_begin ] --END-- [ RunTime:0.000383s ]
SQL: select loc,name from club order by CONVERT(loc USING gbk) [ RunTime:0.0002s ]
INFO: [ app_end ] --START--
INFO: Run Behavior\ShowPageTraceBehavior [ RunTime:0.000373s ]
INFO: [ app_end ] --END-- [ RunTime:0.000405s ]

[ 2021-02-01T18:30:31+08:00 ] 101.45.243.254 /activity/Index/getClub
INFO: [ app_init ] --START--
INFO: Run Behavior\BuildLiteBehavior [ RunTime:0.000009s ]
INFO: [ app_init ] --END-- [ RunTime:0.000233s ]
INFO: [ app_begin ] --START--
INFO: Run Behavior\ReadHtmlCacheBehavior [ RunTime:0.000336s ]
INFO: [ app_begin ] --END-- [ RunTime:0.000364s ]
SQL: select loc,name from club order by CONVERT(loc USING gbk) [ RunTime:0.0002s ]
INFO: [ app_end ] --START--
INFO: Run Behavior\ShowPageTraceBehavior [ RunTime:0.000333s ]
INFO: [ app_end ] --END-- [ RunTime:0.000358s ]

[ 2021-02-01T18:30:31+08:00 ] 101.45.243.254 /activity/Index/getType
INFO: [ app_init ] --START--
INFO: Run Behavior\BuildLiteBehavior [ RunTime:0.000010s ]
INFO: [ app_init ] --END-- [ RunTime:0.000225s ]
INFO: [ app_begin ] --START--
INFO: Run Behavior\ReadHtmlCacheBehavior [ RunTime:0.000307s ]
INFO: [ app_begin ] --END-- [ RunTime:0.000336s ]
SQL: SHOW COLUMNS FROM `type` [ RunTime:0.0016s ]
SQL: SELECT `name` FROM `type`  [ RunTime:0.0001s ]
INFO: [ app_end ] --START--
INFO: Run Behavior\ShowPageTraceBehavior [ RunTime:0.000347s ]
INFO: [ app_end ] --END-- [ RunTime:0.000374s ]

[ 2021-02-01T18:30:33+08:00 ] 101.45.243.254 /activity/Index/queryUser?nickname=%E8%90%8D%E6%B0%B4%E7%9B%B8%E9%80%A2
INFO: [ app_init ] --START--
INFO: Run Behavior\BuildLiteBehavior [ RunTime:0.000009s ]
INFO: [ app_init ] --END-- [ RunTime:0.000221s ]
INFO: [ app_begin ] --START--
INFO: Run Behavior\ReadHtmlCacheBehavior [ RunTime:0.000329s ]
INFO: [ app_begin ] --END-- [ RunTime:0.000355s ]
SQL: SHOW COLUMNS FROM `users` [ RunTime:0.0004s ]
SQL: SELECT COUNT(*) AS tp_count FROM `users` WHERE ( nickname="萍水相逢" ) LIMIT 1   [ RunTime:0.0001s ]
INFO: [ app_end ] --START--
INFO: Run Behavior\ShowPageTraceBehavior [ RunTime:0.000365s ]
INFO: [ app_end ] --END-- [ RunTime:0.000390s ]

[ 2021-02-01T19:16:16+08:00 ] 101.45.243.254 /activity/Index/login?nickname=%E8%90%8D%E6%B0%B4%E7%9B%B8%E9%80%A2&tel=11111111111
INFO: [ app_init ] --START--
INFO: Run Behavior\BuildLiteBehavior [ RunTime:0.000009s ]
INFO: [ app_init ] --END-- [ RunTime:0.000226s ]
INFO: [ app_begin ] --START--
INFO: Run Behavior\ReadHtmlCacheBehavior [ RunTime:0.000292s ]
INFO: [ app_begin ] --END-- [ RunTime:0.000317s ]
SQL: SHOW COLUMNS FROM `users` [ RunTime:0.0004s ]
SQL: SELECT COUNT(*) AS tp_count FROM `users` WHERE ( nickname="萍水相逢" ) LIMIT 1   [ RunTime:0.0001s ]
SQL: SELECT `clubname`,`tel` FROM `users` WHERE ( nickname="萍水相逢" and tel="11111111111" )  [ RunTime:0.0002s ]
INFO: [ app_end ] --START--
INFO: Run Behavior\ShowPageTraceBehavior [ RunTime:0.000324s ]
INFO: [ app_end ] --END-- [ RunTime:0.000347s ]

[ 2021-02-01T19:16:17+08:00 ] 101.45.243.254 /activity/Index/getList
INFO: [ app_init ] --START--
INFO: Run Behavior\BuildLiteBehavior [ RunTime:0.000010s ]
INFO: [ app_init ] --END-- [ RunTime:0.000218s ]
INFO: [ app_begin ] --START--
INFO: Run Behavior\ReadHtmlCacheBehavior [ RunTime:0.000297s ]
INFO: [ app_begin ] --END-- [ RunTime:0.000323s ]
SQL: SHOW COLUMNS FROM `activity` [ RunTime:0.0016s ]
SQL: SELECT * FROM `activity`  [ RunTime:0.0002s ]
INFO: [ app_end ] --START--
INFO: Run Behavior\ShowPageTraceBehavior [ RunTime:0.000356s ]
INFO: [ app_end ] --END-- [ RunTime:0.000384s ]

[ 2021-02-01T19:16:19+08:00 ] 101.45.243.254 /activity/Index/getActivity?aid=1&nickname=%E8%90%8D%E6%B0%B4%E7%9B%B8%E9%80%A2
INFO: [ app_init ] --START--
INFO: Run Behavior\BuildLiteBehavior [ RunTime:0.000010s ]
INFO: [ app_init ] --END-- [ RunTime:0.000218s ]
INFO: [ app_begin ] --START--
INFO: Run Behavior\ReadHtmlCacheBehavior [ RunTime:0.000308s ]
INFO: [ app_begin ] --END-- [ RunTime:0.000334s ]
SQL: SHOW COLUMNS FROM `activity` [ RunTime:0.0005s ]
SQL: SELECT * FROM `activity` WHERE ( aid="1" )  [ RunTime:0.0002s ]
SQL: SHOW COLUMNS FROM `enroll` [ RunTime:0.0004s ]
SQL: SELECT `club` FROM `enroll` WHERE ( 1=1 AND aid='1' )  [ RunTime:0.0002s ]
SQL: SHOW COLUMNS FROM `userenrol` [ RunTime:0.0003s ]
SQL: SELECT COUNT(*) AS tp_count FROM `userenrol` WHERE ( aid=1 ) LIMIT 1   [ RunTime:0.0001s ]
SQL: SELECT COUNT(*) AS tp_count FROM `userenrol` WHERE ( nickname="萍水相逢" and aid=1 ) LIMIT 1   [ RunTime:0.0001s ]
INFO: [ app_end ] --START--
INFO: Run Behavior\ShowPageTraceBehavior [ RunTime:0.000359s ]
INFO: [ app_end ] --END-- [ RunTime:0.000384s ]

[ 2021-02-01T19:16:23+08:00 ] 101.45.243.254 /activity/Index/setUserEnrol?aid=1&nickname=%E8%90%8D%E6%B0%B4%E7%9B%B8%E9%80%A2&tel=11111111111&clubname=%E7%89%B9%E6%96%AF%E6%8B%89%E5%8E%A6%E9%97%A8%E8%BD%A6%E5%8F%8B%E4%BF%B1%E4%B9%90%E9%83%A8&act=%E6%8E%A2%E9%99%A9%E6%9C%88%E7%90%83
INFO: [ app_init ] --START--
INFO: Run Behavior\BuildLiteBehavior [ RunTime:0.000010s ]
INFO: [ app_init ] --END-- [ RunTime:0.000223s ]
INFO: [ app_begin ] --START--
INFO: Run Behavior\ReadHtmlCacheBehavior [ RunTime:0.000300s ]
INFO: [ app_begin ] --END-- [ RunTime:0.000326s ]
SQL: SHOW COLUMNS FROM `userenrol` [ RunTime:0.0005s ]
SQL: INSERT INTO `userenrol` (`nickname`,`tel`,`act`,`aid`,`clubname`,`date`) VALUES ('萍水相逢','11111111111','探险月球','1','特斯拉厦门车友俱乐部','2021-02-01 19:16:23') [ RunTime:0.0104s ]
SQL: SELECT COUNT(*) AS tp_count FROM `userenrol` LIMIT 1   [ RunTime:0.0002s ]
INFO: [ app_end ] --START--
INFO: Run Behavior\ShowPageTraceBehavior [ RunTime:0.000443s ]
INFO: [ app_end ] --END-- [ RunTime:0.000472s ]

[ 2021-02-01T19:16:49+08:00 ] 101.45.243.254 /activity/Index/getActivity?aid=1&nickname=%E8%90%8D%E6%B0%B4%E7%9B%B8%E9%80%A2
INFO: [ app_init ] --START--
INFO: Run Behavior\BuildLiteBehavior [ RunTime:0.000010s ]
INFO: [ app_init ] --END-- [ RunTime:0.000217s ]
INFO: [ app_begin ] --START--
INFO: Run Behavior\ReadHtmlCacheBehavior [ RunTime:0.000312s ]
INFO: [ app_begin ] --END-- [ RunTime:0.000337s ]
SQL: SHOW COLUMNS FROM `activity` [ RunTime:0.0004s ]
SQL: SELECT * FROM `activity` WHERE ( aid="1" )  [ RunTime:0.0001s ]
SQL: SHOW COLUMNS FROM `enroll` [ RunTime:0.0004s ]
SQL: SELECT `club` FROM `enroll` WHERE ( 1=1 AND aid='1' )  [ RunTime:0.0001s ]
SQL: SHOW COLUMNS FROM `userenrol` [ RunTime:0.0003s ]
SQL: SELECT COUNT(*) AS tp_count FROM `userenrol` WHERE ( aid=1 ) LIMIT 1   [ RunTime:0.0002s ]
SQL: SELECT COUNT(*) AS tp_count FROM `userenrol` WHERE ( nickname="萍水相逢" and aid=1 ) LIMIT 1   [ RunTime:0.0002s ]
INFO: [ app_end ] --START--
INFO: Run Behavior\ShowPageTraceBehavior [ RunTime:0.000370s ]
INFO: [ app_end ] --END-- [ RunTime:0.000396s ]

[ 2021-02-01T19:16:58+08:00 ] 101.45.243.254 /activity/Index/getType
INFO: [ app_init ] --START--
INFO: Run Behavior\BuildLiteBehavior [ RunTime:0.000010s ]
INFO: [ app_init ] --END-- [ RunTime:0.000240s ]
INFO: [ app_begin ] --START--
INFO: Run Behavior\ReadHtmlCacheBehavior [ RunTime:0.000324s ]
INFO: [ app_begin ] --END-- [ RunTime:0.000351s ]
SQL: SHOW COLUMNS FROM `type` [ RunTime:0.0016s ]
SQL: SELECT `name` FROM `type`  [ RunTime:0.0001s ]
INFO: [ app_end ] --START--
INFO: Run Behavior\ShowPageTraceBehavior [ RunTime:0.000324s ]
INFO: [ app_end ] --END-- [ RunTime:0.000347s ]

[ 2021-02-01T19:16:58+08:00 ] 101.45.243.254 /activity/Index/getClub
INFO: [ app_init ] --START--
INFO: Run Behavior\BuildLiteBehavior [ RunTime:0.000008s ]
INFO: [ app_init ] --END-- [ RunTime:0.000227s ]
INFO: [ app_begin ] --START--
INFO: Run Behavior\ReadHtmlCacheBehavior [ RunTime:0.000285s ]
INFO: [ app_begin ] --END-- [ RunTime:0.000310s ]
SQL: select loc,name from club order by CONVERT(loc USING gbk) [ RunTime:0.0001s ]
INFO: [ app_end ] --START--
INFO: Run Behavior\ShowPageTraceBehavior [ RunTime:0.000311s ]
INFO: [ app_end ] --END-- [ RunTime:0.000336s ]

[ 2021-02-01T19:16:58+08:00 ] 101.45.243.254 /activity/Index/queryUserInfo?nickname=%E8%90%8D%E6%B0%B4%E7%9B%B8%E9%80%A2
INFO: [ app_init ] --START--
INFO: Run Behavior\BuildLiteBehavior [ RunTime:0.000008s ]
INFO: [ app_init ] --END-- [ RunTime:0.000206s ]
INFO: [ app_begin ] --START--
INFO: Run Behavior\ReadHtmlCacheBehavior [ RunTime:0.000284s ]
INFO: [ app_begin ] --END-- [ RunTime:0.000307s ]
SQL: SHOW COLUMNS FROM `users` [ RunTime:0.0004s ]
SQL: SELECT * FROM `users` WHERE ( nickname="萍水相逢" )  [ RunTime:0.0002s ]
INFO: [ app_end ] --START--
INFO: Run Behavior\ShowPageTraceBehavior [ RunTime:0.000351s ]
INFO: [ app_end ] --END-- [ RunTime:0.000374s ]

[ 2021-02-01T19:19:01+08:00 ] 101.45.243.254 /activity/Index/getActivity?aid=1&nickname=%E8%90%8D%E6%B0%B4%E7%9B%B8%E9%80%A2
INFO: [ app_init ] --START--
INFO: Run Behavior\BuildLiteBehavior [ RunTime:0.000011s ]
INFO: [ app_init ] --END-- [ RunTime:0.000238s ]
INFO: [ app_begin ] --START--
INFO: Run Behavior\ReadHtmlCacheBehavior [ RunTime:0.000293s ]
INFO: [ app_begin ] --END-- [ RunTime:0.000317s ]
SQL: SHOW COLUMNS FROM `activity` [ RunTime:0.0006s ]
SQL: SELECT * FROM `activity` WHERE ( aid="1" )  [ RunTime:0.0002s ]
SQL: SHOW COLUMNS FROM `enroll` [ RunTime:0.0006s ]
SQL: SELECT `club` FROM `enroll` WHERE ( 1=1 AND aid='1' )  [ RunTime:0.0001s ]
SQL: SHOW COLUMNS FROM `userenrol` [ RunTime:0.0004s ]
SQL: SELECT COUNT(*) AS tp_count FROM `userenrol` WHERE ( aid=1 ) LIMIT 1   [ RunTime:0.0001s ]
SQL: SELECT COUNT(*) AS tp_count FROM `userenrol` WHERE ( nickname="萍水相逢" and aid=1 ) LIMIT 1   [ RunTime:0.0001s ]
INFO: [ app_end ] --START--
INFO: Run Behavior\ShowPageTraceBehavior [ RunTime:0.000372s ]
INFO: [ app_end ] --END-- [ RunTime:0.000396s ]

[ 2021-02-01T21:18:04+08:00 ] 116.236.51.201 /activity/Index/login?nickname=%E8%90%8D%E6%B0%B4%E7%9B%B8%E9%80%A2&tel=11111111111
INFO: [ app_init ] --START--
INFO: Run Behavior\BuildLiteBehavior [ RunTime:0.000011s ]
INFO: [ app_init ] --END-- [ RunTime:0.000243s ]
INFO: [ app_begin ] --START--
INFO: Run Behavior\ReadHtmlCacheBehavior [ RunTime:0.000302s ]
INFO: [ app_begin ] --END-- [ RunTime:0.000329s ]
SQL: SHOW COLUMNS FROM `users` [ RunTime:0.0005s ]
SQL: SELECT COUNT(*) AS tp_count FROM `users` WHERE ( nickname="萍水相逢" ) LIMIT 1   [ RunTime:0.0001s ]
SQL: SELECT `clubname`,`tel` FROM `users` WHERE ( nickname="萍水相逢" and tel="11111111111" )  [ RunTime:0.0002s ]
INFO: [ app_end ] --START--
INFO: Run Behavior\ShowPageTraceBehavior [ RunTime:0.000360s ]
INFO: [ app_end ] --END-- [ RunTime:0.000383s ]

[ 2021-02-01T21:18:04+08:00 ] 116.236.51.201 /activity/Index/getList
INFO: [ app_init ] --START--
INFO: Run Behavior\BuildLiteBehavior [ RunTime:0.000010s ]
INFO: [ app_init ] --END-- [ RunTime:0.000220s ]
INFO: [ app_begin ] --START--
INFO: Run Behavior\ReadHtmlCacheBehavior [ RunTime:0.000295s ]
INFO: [ app_begin ] --END-- [ RunTime:0.000321s ]
SQL: SHOW COLUMNS FROM `activity` [ RunTime:0.0005s ]
SQL: SELECT * FROM `activity`  [ RunTime:0.0002s ]
INFO: [ app_end ] --START--
INFO: Run Behavior\ShowPageTraceBehavior [ RunTime:0.000348s ]
INFO: [ app_end ] --END-- [ RunTime:0.000374s ]

[ 2021-02-01T21:18:06+08:00 ] 116.236.51.201 /activity/Index/getActivity?aid=1&nickname=%E8%90%8D%E6%B0%B4%E7%9B%B8%E9%80%A2
INFO: [ app_init ] --START--
INFO: Run Behavior\BuildLiteBehavior [ RunTime:0.000010s ]
INFO: [ app_init ] --END-- [ RunTime:0.000218s ]
INFO: [ app_begin ] --START--
INFO: Run Behavior\ReadHtmlCacheBehavior [ RunTime:0.000300s ]
INFO: [ app_begin ] --END-- [ RunTime:0.000325s ]
SQL: SHOW COLUMNS FROM `activity` [ RunTime:0.0005s ]
SQL: SELECT * FROM `activity` WHERE ( aid="1" )  [ RunTime:0.0002s ]
SQL: SHOW COLUMNS FROM `enroll` [ RunTime:0.0004s ]
SQL: SELECT `club` FROM `enroll` WHERE ( 1=1 AND aid='1' )  [ RunTime:0.0003s ]
SQL: SHOW COLUMNS FROM `userenrol` [ RunTime:0.0004s ]
SQL: SELECT COUNT(*) AS tp_count FROM `userenrol` WHERE ( aid=1 ) LIMIT 1   [ RunTime:0.0001s ]
SQL: SELECT COUNT(*) AS tp_count FROM `userenrol` WHERE ( nickname="萍水相逢" and aid=1 ) LIMIT 1   [ RunTime:0.0001s ]
INFO: [ app_end ] --START--
INFO: Run Behavior\ShowPageTraceBehavior [ RunTime:0.000415s ]
INFO: [ app_end ] --END-- [ RunTime:0.000442s ]

[ 2021-02-01T22:09:11+08:00 ] 117.131.60.49 /activity/Index/login?nickname=%E8%90%8D%E6%B0%B4%E7%9B%B8%E9%80%A2&tel=11111111111
INFO: [ app_init ] --START--
INFO: Run Behavior\BuildLiteBehavior [ RunTime:0.000009s ]
INFO: [ app_init ] --END-- [ RunTime:0.000212s ]
INFO: [ app_begin ] --START--
INFO: Run Behavior\ReadHtmlCacheBehavior [ RunTime:0.000286s ]
INFO: [ app_begin ] --END-- [ RunTime:0.000312s ]
SQL: SHOW COLUMNS FROM `users` [ RunTime:0.0004s ]
SQL: SELECT COUNT(*) AS tp_count FROM `users` WHERE ( nickname="萍水相逢" ) LIMIT 1   [ RunTime:0.0001s ]
SQL: SELECT `clubname`,`tel` FROM `users` WHERE ( nickname="萍水相逢" and tel="11111111111" )  [ RunTime:0.0001s ]
INFO: [ app_end ] --START--
INFO: Run Behavior\ShowPageTraceBehavior [ RunTime:0.000330s ]
INFO: [ app_end ] --END-- [ RunTime:0.000353s ]

[ 2021-02-01T22:09:13+08:00 ] 117.131.60.49 /activity/Index/getList
INFO: [ app_init ] --START--
INFO: Run Behavior\BuildLiteBehavior [ RunTime:0.000009s ]
INFO: [ app_init ] --END-- [ RunTime:0.000218s ]
INFO: [ app_begin ] --START--
INFO: Run Behavior\ReadHtmlCacheBehavior [ RunTime:0.000303s ]
INFO: [ app_begin ] --END-- [ RunTime:0.000327s ]
SQL: SHOW COLUMNS FROM `activity` [ RunTime:0.0004s ]
SQL: SELECT * FROM `activity`  [ RunTime:0.0001s ]
INFO: [ app_end ] --START--
INFO: Run Behavior\ShowPageTraceBehavior [ RunTime:0.000338s ]
INFO: [ app_end ] --END-- [ RunTime:0.000362s ]

[ 2021-02-01T22:22:31+08:00 ] 180.162.163.13 /activity/Index/login?nickname=%E6%B5%A9%E7%84%B6&tel=12345678900
INFO: [ app_init ] --START--
INFO: Run Behavior\BuildLiteBehavior [ RunTime:0.000010s ]
INFO: [ app_init ] --END-- [ RunTime:0.000214s ]
INFO: [ app_begin ] --START--
INFO: Run Behavior\ReadHtmlCacheBehavior [ RunTime:0.000319s ]
INFO: [ app_begin ] --END-- [ RunTime:0.000345s ]
SQL: SHOW COLUMNS FROM `users` [ RunTime:0.0005s ]
SQL: SELECT COUNT(*) AS tp_count FROM `users` WHERE ( nickname="浩然" ) LIMIT 1   [ RunTime:0.0004s ]
SQL: SELECT `clubname`,`tel` FROM `users` WHERE ( nickname="浩然" and tel="12345678900" )  [ RunTime:0.0003s ]
INFO: [ app_end ] --START--
INFO: Run Behavior\ShowPageTraceBehavior [ RunTime:0.000355s ]
INFO: [ app_end ] --END-- [ RunTime:0.000379s ]

[ 2021-02-01T22:22:31+08:00 ] 180.162.163.13 /activity/Index/getList
INFO: [ app_init ] --START--
INFO: Run Behavior\BuildLiteBehavior [ RunTime:0.000009s ]
INFO: [ app_init ] --END-- [ RunTime:0.000211s ]
INFO: [ app_begin ] --START--
INFO: Run Behavior\ReadHtmlCacheBehavior [ RunTime:0.000297s ]
INFO: [ app_begin ] --END-- [ RunTime:0.000320s ]
SQL: SHOW COLUMNS FROM `activity` [ RunTime:0.0004s ]
SQL: SELECT * FROM `activity`  [ RunTime:0.0001s ]
INFO: [ app_end ] --START--
INFO: Run Behavior\ShowPageTraceBehavior [ RunTime:0.000364s ]
INFO: [ app_end ] --END-- [ RunTime:0.000389s ]

[ 2021-02-01T22:22:32+08:00 ] 180.162.163.13 /activity/Index/getClub
INFO: [ app_init ] --START--
INFO: Run Behavior\BuildLiteBehavior [ RunTime:0.000010s ]
INFO: [ app_init ] --END-- [ RunTime:0.000226s ]
INFO: [ app_begin ] --START--
INFO: Run Behavior\ReadHtmlCacheBehavior [ RunTime:0.000291s ]
INFO: [ app_begin ] --END-- [ RunTime:0.000315s ]
SQL: select loc,name from club order by CONVERT(loc USING gbk) [ RunTime:0.0001s ]
INFO: [ app_end ] --START--
INFO: Run Behavior\ShowPageTraceBehavior [ RunTime:0.000329s ]
INFO: [ app_end ] --END-- [ RunTime:0.000355s ]

[ 2021-02-01T22:22:32+08:00 ] 180.162.163.13 /activity/Index/getType
INFO: [ app_init ] --START--
INFO: Run Behavior\BuildLiteBehavior [ RunTime:0.000009s ]
INFO: [ app_init ] --END-- [ RunTime:0.000215s ]
INFO: [ app_begin ] --START--
INFO: Run Behavior\ReadHtmlCacheBehavior [ RunTime:0.000306s ]
INFO: [ app_begin ] --END-- [ RunTime:0.000335s ]
SQL: SHOW COLUMNS FROM `type` [ RunTime:0.0016s ]
SQL: SELECT `name` FROM `type`  [ RunTime:0.0001s ]
INFO: [ app_end ] --START--
INFO: Run Behavior\ShowPageTraceBehavior [ RunTime:0.000340s ]
INFO: [ app_end ] --END-- [ RunTime:0.000367s ]

[ 2021-02-01T22:22:32+08:00 ] 180.162.163.13 /activity/Index/queryUserInfo?nickname=%E6%B5%A9%E7%84%B6
INFO: [ app_init ] --START--
INFO: Run Behavior\BuildLiteBehavior [ RunTime:0.000009s ]
INFO: [ app_init ] --END-- [ RunTime:0.000234s ]
INFO: [ app_begin ] --START--
INFO: Run Behavior\ReadHtmlCacheBehavior [ RunTime:0.000293s ]
INFO: [ app_begin ] --END-- [ RunTime:0.000318s ]
SQL: SHOW COLUMNS FROM `users` [ RunTime:0.0004s ]
SQL: SELECT * FROM `users` WHERE ( nickname="浩然" )  [ RunTime:0.0002s ]
INFO: [ app_end ] --START--
INFO: Run Behavior\ShowPageTraceBehavior [ RunTime:0.000430s ]
INFO: [ app_end ] --END-- [ RunTime:0.000460s ]

[ 2021-02-01T22:23:01+08:00 ] 180.162.163.13 /activity/Index/getActivity?aid=1&nickname=%E6%B5%A9%E7%84%B6
INFO: [ app_init ] --START--
INFO: Run Behavior\BuildLiteBehavior [ RunTime:0.000009s ]
INFO: [ app_init ] --END-- [ RunTime:0.000214s ]
INFO: [ app_begin ] --START--
INFO: Run Behavior\ReadHtmlCacheBehavior [ RunTime:0.000351s ]
INFO: [ app_begin ] --END-- [ RunTime:0.000379s ]
SQL: SHOW COLUMNS FROM `activity` [ RunTime:0.0005s ]
SQL: SELECT * FROM `activity` WHERE ( aid="1" )  [ RunTime:0.0001s ]
SQL: SHOW COLUMNS FROM `enroll` [ RunTime:0.0004s ]
SQL: SELECT `club` FROM `enroll` WHERE ( 1=1 AND aid='1' )  [ RunTime:0.0001s ]
SQL: SHOW COLUMNS FROM `userenrol` [ RunTime:0.0003s ]
SQL: SELECT COUNT(*) AS tp_count FROM `userenrol` WHERE ( aid=1 ) LIMIT 1   [ RunTime:0.0001s ]
SQL: SELECT COUNT(*) AS tp_count FROM `userenrol` WHERE ( nickname="浩然" and aid=1 ) LIMIT 1   [ RunTime:0.0002s ]
INFO: [ app_end ] --START--
INFO: Run Behavior\ShowPageTraceBehavior [ RunTime:0.000438s ]
INFO: [ app_end ] --END-- [ RunTime:0.000467s ]

[ 2021-02-01T23:23:04+08:00 ] 203.190.107.230 /activity/Index/getType
INFO: [ app_init ] --START--
INFO: Run Behavior\BuildLiteBehavior [ RunTime:0.000010s ]
INFO: [ app_init ] --END-- [ RunTime:0.000253s ]
INFO: [ app_begin ] --START--
INFO: Run Behavior\ReadHtmlCacheBehavior [ RunTime:0.000341s ]
INFO: [ app_begin ] --END-- [ RunTime:0.000371s ]
SQL: SHOW COLUMNS FROM `type` [ RunTime:0.0026s ]
SQL: SELECT `name` FROM `type`  [ RunTime:0.0001s ]
INFO: [ app_end ] --START--
INFO: Run Behavior\ShowPageTraceBehavior [ RunTime:0.000590s ]
INFO: [ app_end ] --END-- [ RunTime:0.000635s ]

[ 2021-02-01T23:23:04+08:00 ] 203.190.107.230 /activity/Index/getClub
INFO: [ app_init ] --START--
INFO: Run Behavior\BuildLiteBehavior [ RunTime:0.000010s ]
INFO: [ app_init ] --END-- [ RunTime:0.000266s ]
INFO: [ app_begin ] --START--
INFO: Run Behavior\ReadHtmlCacheBehavior [ RunTime:0.000361s ]
INFO: [ app_begin ] --END-- [ RunTime:0.000392s ]
SQL: select loc,name from club order by CONVERT(loc USING gbk) [ RunTime:0.0002s ]
INFO: [ app_end ] --START--
INFO: Run Behavior\ShowPageTraceBehavior [ RunTime:0.000405s ]
INFO: [ app_end ] --END-- [ RunTime:0.000436s ]

[ 2021-02-01T23:29:47+08:00 ] 203.190.107.230 /activity/Index/getType
INFO: [ app_init ] --START--
INFO: Run Behavior\BuildLiteBehavior [ RunTime:0.000009s ]
INFO: [ app_init ] --END-- [ RunTime:0.000246s ]
INFO: [ app_begin ] --START--
INFO: Run Behavior\ReadHtmlCacheBehavior [ RunTime:0.000308s ]
INFO: [ app_begin ] --END-- [ RunTime:0.000332s ]
SQL: SHOW COLUMNS FROM `type` [ RunTime:0.0016s ]
SQL: SELECT `name` FROM `type`  [ RunTime:0.0001s ]
INFO: [ app_end ] --START--
INFO: Run Behavior\ShowPageTraceBehavior [ RunTime:0.000396s ]
INFO: [ app_end ] --END-- [ RunTime:0.000423s ]

[ 2021-02-01T23:29:47+08:00 ] 203.190.107.230 /activity/Index/getClub
INFO: [ app_init ] --START--
INFO: Run Behavior\BuildLiteBehavior [ RunTime:0.000010s ]
INFO: [ app_init ] --END-- [ RunTime:0.000249s ]
INFO: [ app_begin ] --START--
INFO: Run Behavior\ReadHtmlCacheBehavior [ RunTime:0.000349s ]
INFO: [ app_begin ] --END-- [ RunTime:0.000380s ]
SQL: select loc,name from club order by CONVERT(loc USING gbk) [ RunTime:0.0002s ]
INFO: [ app_end ] --START--
INFO: Run Behavior\ShowPageTraceBehavior [ RunTime:0.000401s ]
INFO: [ app_end ] --END-- [ RunTime:0.000430s ]

[ 2021-02-01T23:29:50+08:00 ] 203.190.107.230 /activity/Index/queryUser?nickname=
INFO: [ app_init ] --START--
INFO: Run Behavior\BuildLiteBehavior [ RunTime:0.000010s ]
INFO: [ app_init ] --END-- [ RunTime:0.000217s ]
INFO: [ app_begin ] --START--
INFO: Run Behavior\ReadHtmlCacheBehavior [ RunTime:0.000299s ]
INFO: [ app_begin ] --END-- [ RunTime:0.000325s ]
SQL: SHOW COLUMNS FROM `users` [ RunTime:0.0005s ]
SQL: SELECT COUNT(*) AS tp_count FROM `users` WHERE ( nickname="" ) LIMIT 1   [ RunTime:0.0001s ]
INFO: [ app_end ] --START--
INFO: Run Behavior\ShowPageTraceBehavior [ RunTime:0.000379s ]
INFO: [ app_end ] --END-- [ RunTime:0.000406s ]

